getStoragePath result: /var/www/html/PHP-Example/__1/new.docx
getStoragePath result: /var/www/html/PHP-Example/__1/new.docx
getVirtualPath virtPath: http://localhost:88/__1/
getVirtualPath virtPath: http://localhost:88/__1/
getStoragePath result: /var/www/html/PHP-Example/__1/new.docx
getVirtualPath virtPath: http://localhost:88/__1/
getStoragePath result: /var/www/html/PHP-Example/__1/new.docx
getVirtualPath virtPath: http://localhost:88/__1/
getStoragePath result: /var/www/html/PHP-Example/__1/new.docx
getStoragePath result: /var/www/html/PHP-Example/__1/new (1).docx
getStoragePath result: /var/www/html/PHP-Example/__1/new (1).docx
getVirtualPath virtPath: http://localhost:88/__1/
getVirtualPath virtPath: http://localhost:88/__1/
getStoragePath result: /var/www/html/PHP-Example/__1/new (1).docx
getVirtualPath virtPath: http://localhost:88/__1/
getStoragePath result: /var/www/html/PHP-Example/__1/new (1).docx
getVirtualPath virtPath: http://localhost:88/__1/
getVirtualPath virtPath: http://localhost:88/__1/
getStoragePath result: /var/www/html/PHP-Example/__1/Correções.doc
getStoragePath result: /var/www/html/PHP-Example/__1/Correções.doc
getVirtualPath virtPath: http://localhost:88/__1/
getVirtualPath virtPath: http://localhost:88/__1/
getStoragePath result: /var/www/html/PHP-Example/__1/Correções.doc
getVirtualPath virtPath: http://localhost:88/__1/
getVirtualPath virtPath: http://localhost:88/__1/
getStoragePath result: /var/www/html/PHP-Example/__1/Correções.doc
getVirtualPath virtPath: http://localhost:88/__1/
getStoragePath result: /var/www/html/PHP-Example/__1/Correções.doc
getVirtualPath virtPath: http://localhost:88/__1/
getVirtualPath virtPath: http://localhost:88/__1/
getVirtualPath virtPath: http://localhost:88/__1/
getVirtualPath virtPath: http://localhost:88/__1/
getVirtualPath virtPath: http://localhost:88/__1/
getStoragePath result: /var/www/html/PHP-Example/__1/new (1).docx
getVirtualPath virtPath: http://localhost:88/__1/
getStoragePath result: /var/www/html/PHP-Example/__1/new (1).docx
getStoragePath result: /var/www/html/PHP-Example/__1/new.docx
getStoragePath result: /var/www/html/PHP-Example/__1/new (1).docx
getStoragePath result: /var/www/html/PHP-Example/__1/new (2).docx
getStoragePath result: /var/www/html/PHP-Example/__1/new (2).docx
getVirtualPath virtPath: http://localhost:88/__1/
getVirtualPath virtPath: http://localhost:88/__1/
getStoragePath result: /var/www/html/PHP-Example/__1/new (2).docx
getVirtualPath virtPath: http://localhost:88/__1/
getStoragePath result: /var/www/html/PHP-Example/__1/new (2).docx
getVirtualPath virtPath: http://localhost:88/__1/
getVirtualPath virtPath: http://localhost:88/__1/
getVirtualPath virtPath: http://localhost:88/__1/
getVirtualPath virtPath: http://localhost:88/__1/
getVirtualPath virtPath: http://localhost:88/__1/
getVirtualPath virtPath: http://localhost:88/__1/
getStoragePath result: /var/www/html/PHP-Example/__1/Correções.doc
getVirtualPath virtPath: http://localhost:88/__1/
getStoragePath result: /var/www/html/PHP-Example/__1/Correções.doc
getVirtualPath virtPath: http://localhost:88/__1/
getVirtualPath virtPath: http://localhost:88/__1/
getVirtualPath virtPath: http://localhost:88/__1/
getVirtualPath virtPath: http://localhost:88/__1/
getStoragePath result: /var/www/html/PHP-Example/__1/new.docx
getStoragePath result: /var/www/html/PHP-Example/__1/new (1).docx
getStoragePath result: /var/www/html/PHP-Example/__1/new (2).docx
getStoragePath result: /var/www/html/PHP-Example/__1/new (3).docx
getStoragePath result: /var/www/html/PHP-Example/__1/new (3).docx
getVirtualPath virtPath: http://localhost:88/__1/
getVirtualPath virtPath: http://localhost:88/__1/
getStoragePath result: /var/www/html/PHP-Example/__1/new (3).docx
getVirtualPath virtPath: http://localhost:88/__1/
getStoragePath result: /var/www/html/PHP-Example/__1/new (3).docx
getVirtualPath virtPath: http://localhost:88/__1/
getVirtualPath virtPath: http://localhost:88/__1/
getVirtualPath virtPath: http://localhost:88/__1/
getVirtualPath virtPath: http://localhost:88/__1/
getVirtualPath virtPath: http://localhost:88/__1/
getVirtualPath virtPath: http://localhost:88/__1/
getVirtualPath virtPath: http://localhost:88/__1/
getStoragePath result: /var/www/html/PHP-Example/__1/new (3).docx
getVirtualPath virtPath: http://localhost:88/__1/
getStoragePath result: /var/www/html/PHP-Example/__1/new (3).docx
getVirtualPath virtPath: http://localhost:88/PHP-Example/__1/
getVirtualPath virtPath: http://localhost:88/PHP-Example/__1/
getStoragePath result: /var/www/html/PHP-Example/PHP-Example/__1/new (3).docx
getVirtualPath virtPath: http://localhost:88/PHP-Example/__1/
getStoragePath result: /var/www/html/PHP-Example/PHP-Example/__1/new (3).docx
getVirtualPath virtPath: http://localhost:88/html/PHP-Example/__1/
getVirtualPath virtPath: http://localhost:88/html/PHP-Example/__1/
getStoragePath result: /var/www/html/PHP-Example/html/PHP-Example/__1/new (3).docx
getVirtualPath virtPath: http://localhost:88/html/PHP-Example/__1/
getStoragePath result: /var/www/html/PHP-Example/html/PHP-Example/__1/new (3).docx
getVirtualPath virtPath: http://localhost:88/html/PHP-Example/__1/
getVirtualPath virtPath: http://localhost:88/html/PHP-Example/__1/
getStoragePath result: /var/www/html/PHP-Example/html/PHP-Example/__1/new (3).docx
getVirtualPath virtPath: http://localhost:88/html/PHP-Example/__1/
getStoragePath result: /var/www/html/PHP-Example/html/PHP-Example/__1/new (3).docx
getVirtualPath virtPath: http://localhost:88/html/PHP-Example/__1/
getVirtualPath virtPath: http://localhost:88/html/PHP-Example/__1/
getStoragePath result: /var/www/html/PHP-Example/html/PHP-Example/__1/new (3).docx
getVirtualPath virtPath: http://localhost:88/html/PHP-Example/__1/
getStoragePath result: /var/www/html/PHP-Example/html/PHP-Example/__1/new (3).docx
getVirtualPath virtPath: http://localhost:88/html/PHP-Example/__1/
getVirtualPath virtPath: http://localhost:88/html/PHP-Example/__1/
getStoragePath result: /var/www/html/PHP-Example/html/PHP-Example/__1/new (3).docx
getVirtualPath virtPath: http://localhost:88/html/PHP-Example/__1/
getStoragePath result: /var/www/html/PHP-Example/html/PHP-Example/__1/new (3).docx
getVirtualPath virtPath: http://localhost:88/html/PHP-Example/__1/
getVirtualPath virtPath: http://localhost:88/html/PHP-Example/__1/
getStoragePath result: /var/www/html/PHP-Example/html/PHP-Example/__1/new (3).docx
getVirtualPath virtPath: http://localhost:88/html/PHP-Example/__1/
getStoragePath result: /var/www/html/PHP-Example/html/PHP-Example/__1/new (3).docx
getVirtualPath virtPath: http://localhost:88/html/PHP-Example/__1/
getVirtualPath virtPath: http://localhost:88/html/PHP-Example/__1/
getStoragePath result: /var/www/html/PHP-Example/html/PHP-Example/__1/new (3).docx
getVirtualPath virtPath: http://localhost:88/html/PHP-Example/__1/
getStoragePath result: /var/www/html/PHP-Example/html/PHP-Example/__1/new (3).docx
getVirtualPath virtPath: http://localhost:88/html/PHP-Example/__1/
getVirtualPath virtPath: http://localhost:88/html/PHP-Example/__1/
getStoragePath result: /var/www/html/PHP-Example/html/PHP-Example/__1/new (3).docx
getVirtualPath virtPath: http://localhost:88/html/PHP-Example/__1/
getStoragePath result: /var/www/html/PHP-Example/html/PHP-Example/__1/new (3).docx
getVirtualPath virtPath: http://localhost:88/html/PHP-Example/__1/__1/
getVirtualPath virtPath: http://localhost:88/html/PHP-Example/__1/__1/
getStoragePath result: /var/www/html/PHP-Example/html/PHP-Example/__1/__1/new (3).docx
getVirtualPath virtPath: http://localhost:88/html/PHP-Example/__1/__1/
getStoragePath result: /var/www/html/PHP-Example/html/PHP-Example/__1/__1/new (3).docx
getVirtualPath virtPath: http://localhost:88/html/PHP-Example/__1/__1/
getVirtualPath virtPath: http://localhost:88/html/PHP-Example/__1/__1/
getStoragePath result: /var/www/html/PHP-Example/html/PHP-Example/__1/__1/new (3).docx
getVirtualPath virtPath: http://localhost:88/html/PHP-Example/__1/__1/
getStoragePath result: /var/www/html/PHP-Example/html/PHP-Example/__1/__1/new (3).docx
getVirtualPath virtPath: http://localhost:88/html/PHP-Example/__1/__1/
getVirtualPath virtPath: http://localhost:88/html/PHP-Example/__1/__1/
getStoragePath result: /var/www/html/PHP-Example/html/PHP-Example/__1/__1/new (3).docx
getStoragePath result: /var/www/html/PHP-Example/html/PHP-Example/__1/__1/new (3).docx
getVirtualPath virtPath: http://localhost:88/html/PHP-Example/__1/__1/
getStoragePath result: /var/www/html/PHP-Example/html/PHP-Example/__1/__1/new (3).docx
getVirtualPath virtPath: http://localhost:88/__1/__1/
getVirtualPath virtPath: http://localhost:88/__1/__1/
getStoragePath result: /var/www/html/PHP-Example/__1/__1/new (3).docx
getVirtualPath virtPath: http://localhost:88/__1/__1/
getStoragePath result: /var/www/html/PHP-Example/__1/__1/new (3).docx
getVirtualPath virtPath: http://localhost:88/__1/__1/
getVirtualPath virtPath: http://localhost:88/__1/__1/
getStoragePath result: /var/www/html/PHP-Example/__1/__1/new (3).docx
getStoragePath result: /var/www/html/PHP-Example/__1/__1/new (3).docx
getVirtualPath virtPath: http://localhost:88/__1/__1/
getStoragePath result: /var/www/html/PHP-Example/__1/__1/new (3).docx
getVirtualPath virtPath: http://localhost:88/__1/
getVirtualPath virtPath: http://localhost:88/__1/
getStoragePath result: /var/www/html/PHP-Example/__1/new (3).docx
getVirtualPath virtPath: http://localhost:88/__1/
getStoragePath result: /var/www/html/PHP-Example/__1/new (3).docx
getVirtualPath virtPath: http://localhost:88/__1/
getVirtualPath virtPath: http://localhost:88/__1/
getStoragePath result: /var/www/html/PHP-Example/__1/new (3).docx
getVirtualPath virtPath: http://localhost:88/__1/
getStoragePath result: /var/www/html/PHP-Example/__1/new (3).docx
getVirtualPath virtPath: http://localhost:88/__1/
getVirtualPath virtPath: http://localhost:88/__1/
getStoragePath result: /var/www/html/PHP-Example/__1/new (3).docx
getVirtualPath virtPath: http://localhost:88/__1/
getStoragePath result: /var/www/html/PHP-Example/__1/new (3).docx
getVirtualPath virtPath: http://localhost:88/__1/
getVirtualPath virtPath: http://localhost:88/__1/
getStoragePath result: /var/www/html/PHP-Example/__1/new (3).docx
getVirtualPath virtPath: http://localhost:88/__1/
getStoragePath result: /var/www/html/PHP-Example/__1/new (3).docx
getVirtualPath virtPath: http://localhost:88/__1/
getVirtualPath virtPath: http://localhost:88/__1/
getStoragePath result: /var/www/html/PHP-Example/__1/new (3).docx
getVirtualPath virtPath: http://localhost:88/__1/
getStoragePath result: /var/www/html/PHP-Example/__1/new (3).docx
getVirtualPath virtPath: http://localhost:88/__1/
getVirtualPath virtPath: http://localhost:88/__1/
getStoragePath result: /var/www/html/PHP-Example/__1/new (3).docx
getVirtualPath virtPath: http://localhost:88/__1/
getStoragePath result: /var/www/html/PHP-Example/__1/new (3).docx
getVirtualPath virtPath: http://localhost:88/__1/
getVirtualPath virtPath: http://localhost:88/__1/
getStoragePath result: /var/www/html/PHP-Example/__1/new (3).docx
getVirtualPath virtPath: http://localhost:88/__1/
getStoragePath result: /var/www/html/PHP-Example/__1/new (3).docx
getVirtualPath virtPath: http://localhost:88/__1/
getVirtualPath virtPath: http://localhost:88/__1/
getStoragePath result: /var/www/html/PHP-Example/__1/new (3).docx
getVirtualPath virtPath: http://localhost:88/__1/
getStoragePath result: /var/www/html/PHP-Example/__1/new (3).docx
getVirtualPath virtPath: http://localhost:88/__1/
getVirtualPath virtPath: http://localhost:88/__1/
getStoragePath result: /var/www/html/PHP-Example/__1/new (3).docx
getVirtualPath virtPath: http://localhost:88/__1/
getStoragePath result: /var/www/html/PHP-Example/__1/new (3).docx
getVirtualPath virtPath: http://localhost:88/__1/
getVirtualPath virtPath: http://localhost:88/__1/
getStoragePath result: /var/www/html/PHP-Example/__1/new (3).docx
getVirtualPath virtPath: http://localhost:88/__1/
getStoragePath result: /var/www/html/PHP-Example/__1/new (3).docx
getVirtualPath virtPath: http://localhost:88/__1/
getVirtualPath virtPath: http://localhost:88/__1/
getStoragePath result: /var/www/html/PHP-Example/__1/new (3).docx
getVirtualPath virtPath: http://localhost:88/__1/
getStoragePath result: /var/www/html/PHP-Example/__1/new (3).docx
getVirtualPath virtPath: http://localhost:88/__1/
getVirtualPath virtPath: http://localhost:88/__1/
getStoragePath result: /var/www/html/PHP-Example/__1/new (3).docx
getVirtualPath virtPath: http://localhost:88/__1/
getStoragePath result: /var/www/html/PHP-Example/__1/new (3).docx
getVirtualPath virtPath: http://localhost:88/__1/
getVirtualPath virtPath: http://localhost:88/__1/
getStoragePath result: /var/www/html/PHP-Example/__1/new (3).docx
getVirtualPath virtPath: http://localhost:88/__1/
getStoragePath result: /var/www/html/PHP-Example/__1/new (3).docx
getVirtualPath virtPath: http://localhost:88/__1/
getVirtualPath virtPath: http://localhost:88/__1/
getStoragePath result: /var/www/html/PHP-Example/__1/new (3).docx
getVirtualPath virtPath: http://localhost:88/__1/
getStoragePath result: /var/www/html/PHP-Example/__1/new (3).docx
getVirtualPath virtPath: http://localhost:88/__1/
getVirtualPath virtPath: http://localhost:88/__1/
getVirtualPath virtPath: http://localhost:88/__1/
getVirtualPath virtPath: http://localhost:88/__1/
getVirtualPath virtPath: http://localhost:88/__1/
getVirtualPath virtPath: http://localhost:88/__1/
getVirtualPath virtPath: http://localhost:88/__1/
getVirtualPath virtPath: http://localhost:88/__1/
getVirtualPath virtPath: http://localhost:88/__1/
getVirtualPath virtPath: http://localhost:88/__1/
getStoragePath result: /var/www/html/PHP-Example/__1/demo.docx
getStoragePath result: /var/www/html/PHP-Example/__1/demo.docx
getVirtualPath virtPath: http://localhost:88/__1/
getVirtualPath virtPath: http://localhost:88/__1/
getStoragePath result: /var/www/html/PHP-Example/__1/demo.docx
getVirtualPath virtPath: http://localhost:88/__1/
getStoragePath result: /var/www/html/PHP-Example/__1/demo.docx
getVirtualPath virtPath: http://localhost:88/__1/
getVirtualPath virtPath: http://localhost:88/__1/
getVirtualPath virtPath: http://localhost:88/__1/
getVirtualPath virtPath: http://localhost:88/__1/
getVirtualPath virtPath: http://localhost:88/__1/
getVirtualPath virtPath: http://localhost:88/__1/
getVirtualPath virtPath: http://localhost:88/__1/
getVirtualPath virtPath: http://localhost:88/__1/
getStoragePath result: /var/www/html/PHP-Example/__1/new (3).docx
getVirtualPath virtPath: http://localhost:88/__1/
getStoragePath result: /var/www/html/PHP-Example/__1/new (3).docx
getVirtualPath virtPath: http://localhost:88/__1/
getVirtualPath virtPath: http://localhost:88/__1/
getStoragePath result: /var/www/html/PHP-Example/__1/demo.docx
getVirtualPath virtPath: http://localhost:88/__1/
getStoragePath result: /var/www/html/PHP-Example/__1/demo.docx
getVirtualPath virtPath: http://localhost:88/__1/
getVirtualPath virtPath: http://localhost:88/__1/
getStoragePath result: /var/www/html/PHP-Example/__1/demo.docx
getVirtualPath virtPath: http://localhost:88/__1/
getStoragePath result: /var/www/html/PHP-Example/__1/demo.docx
getVirtualPath virtPath: http://localhost:88/__1/
getVirtualPath virtPath: http://localhost:88/__1/
getStoragePath result: /var/www/html/PHP-Example/__1/demo.docx
getVirtualPath virtPath: http://localhost:88/__1/
getStoragePath result: /var/www/html/PHP-Example/__1/demo.docx
getVirtualPath virtPath: http://localhost:88/__1/
getVirtualPath virtPath: http://localhost:88/__1/
getVirtualPath virtPath: http://localhost:88/__1/
getVirtualPath virtPath: http://localhost:88/__1/
getVirtualPath virtPath: http://localhost:88/__1/
getVirtualPath virtPath: http://localhost:88/__1/
getStoragePath result: /var/www/html/PHP-Example/__1/new.docx
getStoragePath result: /var/www/html/PHP-Example/__1/new (1).docx
getStoragePath result: /var/www/html/PHP-Example/__1/new (2).docx
getStoragePath result: /var/www/html/PHP-Example/__1/new (3).docx
getStoragePath result: /var/www/html/PHP-Example/__1/new (4).docx
getStoragePath result: /var/www/html/PHP-Example/__1/new (4).docx
getVirtualPath virtPath: http://localhost:88/__1/
getVirtualPath virtPath: http://localhost:88/__1/
getStoragePath result: /var/www/html/PHP-Example/__1/new (4).docx
getVirtualPath virtPath: http://localhost:88/__1/
getStoragePath result: /var/www/html/PHP-Example/__1/new (4).docx
getVirtualPath virtPath: http://localhost:88/__1/
getVirtualPath virtPath: http://localhost:88/__1/
getVirtualPath virtPath: http://localhost:88/__1/
getVirtualPath virtPath: http://localhost:88/__1/
getVirtualPath virtPath: http://localhost:88/__1/
getVirtualPath virtPath: http://localhost:88/__1/
getVirtualPath virtPath: http://localhost:88/__1/
getVirtualPath virtPath: http://localhost:8080/__1/
getVirtualPath virtPath: http://localhost:8080/__1/
getVirtualPath virtPath: http://localhost:8080/__1/
getVirtualPath virtPath: http://localhost:8080/__1/
getVirtualPath virtPath: http://localhost:8080/__1/
getVirtualPath virtPath: http://localhost:8080/__1/
getVirtualPath virtPath: http://localhost:8080/__1/
getVirtualPath virtPath: http://localhost:8080/__1/
getVirtualPath virtPath: http://localhost:8080/__1/
getStoragePath result: /var/www/html/PHP-Example/__1/new (4).docx
getVirtualPath virtPath: http://localhost:8080/__1/
getStoragePath result: /var/www/html/PHP-Example/__1/new (4).docx
getVirtualPath virtPath: http://localhost:8080/PHP-Example/__1/
getVirtualPath virtPath: http://localhost:8080/PHP-Example/__1/
getStoragePath result: /var/www/html/PHP-Example/PHP-Example/__1/new (4).docx
getStoragePath result: /var/www/html/PHP-Example/PHP-Example/__1/new (4).docx
getVirtualPath virtPath: http://localhost:8080/PHP-Example/__1/
getStoragePath result: /var/www/html/PHP-Example/PHP-Example/__1/new (4).docx
getVirtualPath virtPath: http://localhost:8080/PHP-Example/__1/
getVirtualPath virtPath: http://localhost:8080/PHP-Example/__1/
getStoragePath result: /var/www/html/PHP-Example/PHP-Example/__1/new (4).docx
getStoragePath result: /var/www/html/PHP-Example/PHP-Example/__1/new (4).docx
getVirtualPath virtPath: http://localhost:8080/PHP-Example/__1/
getStoragePath result: /var/www/html/PHP-Example/PHP-Example/__1/new (4).docx
getVirtualPath virtPath: http://localhost:8080/PHP-Example/__1/
getVirtualPath virtPath: http://localhost:8080/PHP-Example/__1/
getStoragePath result: /var/www/html/PHP-Example/PHP-Example/__1/new (4).docx
getVirtualPath virtPath: http://localhost:8080/PHP-Example/__1/
getStoragePath result: /var/www/html/PHP-Example/PHP-Example/__1/new (4).docx
getVirtualPath virtPath: http://localhost:8080/PHP-Example/__1/
getVirtualPath virtPath: http://localhost:8080/PHP-Example/__1/
getStoragePath result: /var/www/html/PHP-Example/PHP-Example/__1/new (4).docx
getVirtualPath virtPath: http://localhost:8080/PHP-Example/__1/
getStoragePath result: /var/www/html/PHP-Example/PHP-Example/__1/new (4).docx
getVirtualPath virtPath: http://localhost:8080/PHP-Example/__1/
getVirtualPath virtPath: http://localhost:8080/PHP-Example/__1/
getStoragePath result: /var/www/html/PHP-Example/PHP-Example/__1/new (4).docx
getVirtualPath virtPath: http://localhost:8080/PHP-Example/__1/
getStoragePath result: /var/www/html/PHP-Example/PHP-Example/__1/new (4).docx
getVirtualPath virtPath: http://localhost:8080/PHP-Example/__1/
getVirtualPath virtPath: http://localhost:8080/PHP-Example/__1/
getStoragePath result: /var/www/html/PHP-Example/PHP-Example/__1/new (4).docx
getVirtualPath virtPath: http://localhost:8080/PHP-Example/__1/
getStoragePath result: /var/www/html/PHP-Example/PHP-Example/__1/new (4).docx
getVirtualPath virtPath: http://localhost:8080/PHP-Example/__1/
getVirtualPath virtPath: http://localhost:8080/PHP-Example/__1/
getStoragePath result: /var/www/html/PHP-Example/PHP-Example/__1/new (4).docx
getVirtualPath virtPath: http://localhost:8080/PHP-Example/__1/
getStoragePath result: /var/www/html/PHP-Example/PHP-Example/__1/new (4).docx
getVirtualPath virtPath: http://localhost:8080/PHP-Example/__1/
getVirtualPath virtPath: http://localhost:8080/PHP-Example/__1/
getStoragePath result: /var/www/html/PHP-Example/PHP-Example/__1/new (4).docx
getVirtualPath virtPath: http://localhost:8080/PHP-Example/__1/
getStoragePath result: /var/www/html/PHP-Example/PHP-Example/__1/new (4).docx
getStoragePath result: /var/www/html/PHP-Example/PHP-Example/__1/new (4).docx
getStoragePath result: /var/www/html/PHP-Example/PHP-Example/__1/IT-MAN-013 - Substituição de Spreaders - 21.08.2016 - Rev.01.docx
getStoragePath result: /var/www/html/PHP-Example/PHP-Example/__1/IT-MAN-013 - Substituição de Spreaders - 21.08.2016 - Rev.01.docx
getVirtualPath virtPath: http://localhost:8080/PHP-Example/__1/
getVirtualPath virtPath: http://localhost:8080/PHP-Example/__1/
getStoragePath result: /var/www/html/PHP-Example/PHP-Example/__1/IT-MAN-013 - Substituição de Spreaders - 21.08.2016 - Rev.01.docx
getVirtualPath virtPath: http://localhost:8080/PHP-Example/__1/
getStoragePath result: /var/www/html/PHP-Example/PHP-Example/__1/IT-MAN-013 - Substituição de Spreaders - 21.08.2016 - Rev.01.docx
getVirtualPath virtPath: http://localhost:8080/PHP-Example/__1/
getVirtualPath virtPath: http://localhost:8080/PHP-Example/__1/
getVirtualPath virtPath: http://localhost:8080/PHP-Example/__1/
getVirtualPath virtPath: http://localhost:8080/PHP-Example/__1/
getVirtualPath virtPath: http://localhost:8080/PHP-Example/__1/
getVirtualPath virtPath: http://localhost:8080/PHP-Example/__1/
getStoragePath result: /var/www/html/PHP-Example/PHP-Example/__1/IT-MAN-013 - Substituição de Spreaders - 21.08.2016 - Rev.01.docx
getVirtualPath virtPath: http://localhost:8080/PHP-Example/__1/
getStoragePath result: /var/www/html/PHP-Example/PHP-Example/__1/IT-MAN-013 - Substituição de Spreaders - 21.08.2016 - Rev.01.docx
getVirtualPath virtPath: http://localhost:8080/PHP-Example/__1/
getVirtualPath virtPath: http://localhost:8080/PHP-Example/__1/
getStoragePath result: /var/www/html/PHP-Example/PHP-Example/__1/IT-MAN-013 - Substituição de Spreaders - 21.08.2016 - Rev.01.docx
getVirtualPath virtPath: http://localhost:8080/PHP-Example/__1/
getStoragePath result: /var/www/html/PHP-Example/PHP-Example/__1/IT-MAN-013 - Substituição de Spreaders - 21.08.2016 - Rev.01.docx
getVirtualPath virtPath: http://localhost:8080/PHP-Example/__1/
getVirtualPath virtPath: http://localhost:8080/PHP-Example/__1/
getStoragePath result: /var/www/html/PHP-Example/PHP-Example/__1/IT-MAN-013 - Substituição de Spreaders - 21.08.2016 - Rev.01.docx
getVirtualPath virtPath: http://localhost:8080/PHP-Example/__1/
getStoragePath result: /var/www/html/PHP-Example/PHP-Example/__1/IT-MAN-013 - Substituição de Spreaders - 21.08.2016 - Rev.01.docx
getVirtualPath virtPath: http://localhost:8080/PHP-Example/__1/
getVirtualPath virtPath: http://localhost:8080/PHP-Example/__1/
getStoragePath result: /var/www/html/PHP-Example/PHP-Example/__1/IT-MAN-013 - Substituição de Spreaders - 21.08.2016 - Rev.01.docx
getVirtualPath virtPath: http://localhost:8080/PHP-Example/__1/
getStoragePath result: /var/www/html/PHP-Example/PHP-Example/__1/new (4).docx
getStoragePath result: /var/www/html/PHP-Example/PHP-Example/__1/FR-PeO-004_-_Lista_de_Presença_-_11_08_2014_-_Rev__01.docx
getStoragePath result: /var/www/html/PHP-Example/PHP-Example/__1/FR-PeO-004_-_Lista_de_Presença_-_11_08_2014_-_Rev__01.docx
getVirtualPath virtPath: http://localhost:8080/PHP-Example/__1/
getVirtualPath virtPath: http://localhost:8080/PHP-Example/__1/
getStoragePath result: /var/www/html/PHP-Example/PHP-Example/__1/FR-PeO-004_-_Lista_de_Presença_-_11_08_2014_-_Rev__01.docx
getVirtualPath virtPath: http://localhost:8080/PHP-Example/__1/
getStoragePath result: /var/www/html/PHP-Example/PHP-Example/__1/FR-PeO-004_-_Lista_de_Presença_-_11_08_2014_-_Rev__01.docx
getVirtualPath virtPath: http://localhost:8080/PHP-Example/__1/
getVirtualPath virtPath: http://localhost:8080/PHP-Example/__1/
getVirtualPath virtPath: http://localhost:8080/PHP-Example/__1/
getStoragePath result: /var/www/html/PHP-Example/PHP-Example/__1/FR-PeO-004_-_Lista_de_Presença_-_11_08_2014_-_Rev__01.docx
getVirtualPath virtPath: http://localhost:8080/PHP-Example/__1/
getStoragePath result: /var/www/html/PHP-Example/PHP-Example/__1/FR-PeO-004_-_Lista_de_Presença_-_11_08_2014_-_Rev__01.docx
getVirtualPath virtPath: http://localhost:8080/PHP-Example/__1/
getVirtualPath virtPath: http://localhost:8080/PHP-Example/__1/
getVirtualPath virtPath: http://localhost:8080/PHP-Example/__1/
getStoragePath result: /var/www/html/PHP-Example/PHP-Example/__1/FR-PeO-004_-_Lista_de_Presença_-_11_08_2014_-_Rev__01.docx
getVirtualPath virtPath: http://localhost:8080/PHP-Example/__1/
getStoragePath result: /var/www/html/PHP-Example/PHP-Example/__1/FR-PeO-004_-_Lista_de_Presença_-_11_08_2014_-_Rev__01.docx
getStoragePath result: /var/www/html/PHP-Example/PHP-Example/__1/PG-14 - Gestão de Riscos e Oportunidades - 03.05.2018 - Rev.00.docx
getStoragePath result: /var/www/html/PHP-Example/PHP-Example/__1/PG-14 - Gestão de Riscos e Oportunidades - 03.05.2018 - Rev.00.docx
getVirtualPath virtPath: http://localhost:8080/PHP-Example/__1/
getVirtualPath virtPath: http://localhost:8080/PHP-Example/__1/
getStoragePath result: /var/www/html/PHP-Example/PHP-Example/__1/PG-14 - Gestão de Riscos e Oportunidades - 03.05.2018 - Rev.00.docx
getVirtualPath virtPath: http://localhost:8080/PHP-Example/__1/
getStoragePath result: /var/www/html/PHP-Example/PHP-Example/__1/PG-14 - Gestão de Riscos e Oportunidades - 03.05.2018 - Rev.00.docx
getVirtualPath virtPath: http://localhost:8080/PHP-Example/__1/
getVirtualPath virtPath: http://localhost:8080/PHP-Example/__1/
getStoragePath result: /var/www/html/PHP-Example/PHP-Example/__1/PG-14 - Gestão de Riscos e Oportunidades - 03.05.2018 - Rev.00.docx
getVirtualPath virtPath: http://localhost:8080/PHP-Example/__1/
getStoragePath result: /var/www/html/PHP-Example/PHP-Example/__1/PG-14 - Gestão de Riscos e Oportunidades - 03.05.2018 - Rev.00.docx
getVirtualPath virtPath: http://localhost:8080/PHP-Example/__1/
getVirtualPath virtPath: http://localhost:8080/PHP-Example/__1/
getStoragePath result: /var/www/html/PHP-Example/PHP-Example/__1/Requisitos_Aplicação_RH.doc
getStoragePath result: /var/www/html/PHP-Example/PHP-Example/__1/Requisitos_Aplicação_RH.doc
getVirtualPath virtPath: http://localhost:8080/PHP-Example/__1/
getVirtualPath virtPath: http://localhost:8080/PHP-Example/__1/
getStoragePath result: /var/www/html/PHP-Example/PHP-Example/__1/Requisitos_Aplicação_RH.doc
getStoragePath result: /var/www/html/PHP-Example/PHP-Example/__1/MODELO_DG_-_DP_World_Santos__Ver_-_final (1).docx
getStoragePath result: /var/www/html/PHP-Example/PHP-Example/__1/MODELO_DG_-_DP_World_Santos__Ver_-_final (1).docx
getVirtualPath virtPath: http://localhost:8080/__1/
getVirtualPath virtPath: http://localhost:8080/__1/
getVirtualPath virtPath: http://localhost:8080/__1/
getVirtualPath virtPath: http://localhost:8080/__1/
getVirtualPath virtPath: http://localhost:8080/__1/
getVirtualPath virtPath: http://localhost:8080/__1/
getVirtualPath virtPath: http://localhost:8080/__1/
getStoragePath result: /var/www/html/PHP-Example/__1/new (4).docx
getVirtualPath virtPath: http://localhost:8080/__1/
getVirtualPath virtPath: http://localhost:8080/__1/
getVirtualPath virtPath: http://localhost:8080/__1/
getVirtualPath virtPath: http://localhost:8080/__1/
getVirtualPath virtPath: http://localhost:8080/__1/
getVirtualPath virtPath: http://localhost:8080/__1/
getStoragePath result: /var/www/html/PHP-Example/__1/demo.docx
getVirtualPath virtPath: http://localhost:8080/__1/
getVirtualPath virtPath: http://localhost:8080/__1/
getVirtualPath virtPath: http://localhost:8080/__1/
getVirtualPath virtPath: http://localhost:8080/__1/
getVirtualPath virtPath: http://localhost:8080/__1/
getStoragePath result: /var/www/html/PHP-Example/__1/new (3).docx
getVirtualPath virtPath: http://localhost:8080/__1/
getVirtualPath virtPath: http://localhost:8080/__1/
getVirtualPath virtPath: http://localhost:8080/__1/
getVirtualPath virtPath: http://localhost:8080/__1/
getStoragePath result: /var/www/html/PHP-Example/__1/new (2).docx
getVirtualPath virtPath: http://localhost:8080/__1/
getVirtualPath virtPath: http://localhost:8080/__1/
getVirtualPath virtPath: http://localhost:8080/__1/
getStoragePath result: /var/www/html/PHP-Example/__1/Correções.doc
getVirtualPath virtPath: http://localhost:8080/__1/
getVirtualPath virtPath: http://localhost:8080/__1/
getStoragePath result: /var/www/html/PHP-Example/__1/new (1).docx
getVirtualPath virtPath: http://localhost:8080/__1/
getStoragePath result: /var/www/html/PHP-Example/__1/new.docx
getStoragePath result: /var/www/html/PHP-Example/__1/FR-PeO-004_-_Lista_de_Presença_-_11_08_2014_-_Rev__01.docx
getStoragePath result: /var/www/html/PHP-Example/__1/FR-PeO-004_-_Lista_de_Presença_-_11_08_2014_-_Rev__01.docx
getVirtualPath virtPath: http://localhost:8080/__1/
getVirtualPath virtPath: http://localhost:8080/__1/
getStoragePath result: /var/www/html/PHP-Example/__1/FR-PeO-004_-_Lista_de_Presença_-_11_08_2014_-_Rev__01.docx
getVirtualPath virtPath: http://localhost:8080/__1/
getStoragePath result: /var/www/html/PHP-Example/__1/FR-PeO-004_-_Lista_de_Presença_-_11_08_2014_-_Rev__01.docx
getVirtualPath virtPath: http://localhost:8080/__1/
getVirtualPath virtPath: http://localhost:8080/__1/
getVirtualPath virtPath: http://localhost:8080/__1/
getStoragePath result: /var/www/html/PHP-Example/__1/FR-PeO-004_-_Lista_de_Presença_-_11_08_2014_-_Rev__01.docx
getVirtualPath virtPath: http://localhost:8080/__1/
getStoragePath result: /var/www/html/PHP-Example/__1/FR-PeO-004_-_Lista_de_Presença_-_11_08_2014_-_Rev__01.docx
getVirtualPath virtPath: http://localhost:8080/PHP-Example/__1/
getVirtualPath virtPath: http://localhost:8080/PHP-Example/__1/
getStoragePath result: /var/www/html/PHP-Example/PHP-Example/__1/FR-PeO-004_-_Lista_de_Presença_-_11_08_2014_-_Rev__01.docx
getVirtualPath virtPath: http://localhost:8080/PHP-Example/__1/
getStoragePath result: /var/www/html/PHP-Example/PHP-Example/__1/FR-PeO-004_-_Lista_de_Presença_-_11_08_2014_-_Rev__01.docx
getVirtualPath virtPath: http://localhost:8080/PHP-Example/__1/
getVirtualPath virtPath: http://localhost:8080/PHP-Example/__1/
getVirtualPath virtPath: http://localhost:8080/PHP-Example/__1/
getVirtualPath virtPath: http://localhost:8080/PHP-Example/__1/
getVirtualPath virtPath: http://localhost:8080/PHP-Example/__1/
getVirtualPath virtPath: http://localhost:8080/PHP-Example/__1/
getStoragePath result: /var/www/html/PHP-Example/PHP-Example/__1/MODELO_DG_-_DP_World_Santos__Ver_-_final (1).docx
getVirtualPath virtPath: http://localhost:8080/PHP-Example/__1/
getStoragePath result: /var/www/html/PHP-Example/PHP-Example/__1/MODELO_DG_-_DP_World_Santos__Ver_-_final (1).docx
getVirtualPath virtPath: http://localhost:8080/PHP-Example/__1/
getVirtualPath virtPath: http://localhost:8080/PHP-Example/__1/
getStoragePath result: /var/www/html/PHP-Example/PHP-Example/__1/MODELO_DG_-_DP_World_Santos__Ver_-_final (1).docx
getVirtualPath virtPath: http://localhost:8080/PHP-Example/__1/
getStoragePath result: /var/www/html/PHP-Example/PHP-Example/__1/MODELO_DG_-_DP_World_Santos__Ver_-_final (1).docx
getVirtualPath virtPath: http://localhost:8080/PHP-Example/__1/
getVirtualPath virtPath: http://localhost:8080/PHP-Example/__1/
getVirtualPath virtPath: http://localhost:8080/PHP-Example/__1/
getVirtualPath virtPath: http://localhost:8080/PHP-Example/__1/
getVirtualPath virtPath: http://localhost:8080/__1/
getStoragePath result: /var/www/html/PHP-Example/__1/PG-03 Gestão de Saúde e Segurança do Trabalho - 11.10.2017 - Rev.04.docx
getStoragePath result: /var/www/html/PHP-Example/__1/PG-03 Gestão de Saúde e Segurança do Trabalho - 11.10.2017 - Rev.04.docx
getVirtualPath virtPath: http://localhost:8080/__1/
getVirtualPath virtPath: http://localhost:8080/__1/
getStoragePath result: /var/www/html/PHP-Example/__1/PG-03 Gestão de Saúde e Segurança do Trabalho - 11.10.2017 - Rev.04.docx
getVirtualPath virtPath: http://localhost:8080/__1/
getStoragePath result: /var/www/html/PHP-Example/__1/PG-03 Gestão de Saúde e Segurança do Trabalho - 11.10.2017 - Rev.04.docx
getVirtualPath virtPath: http://localhost:8080/__1/
getVirtualPath virtPath: http://localhost:8080/__1/
getVirtualPath virtPath: http://localhost:8080/PHP-Example/__1/
getVirtualPath virtPath: http://localhost:8080/PHP-Example/__1/
getStoragePath result: /var/www/html/PHP-Example/PHP-Example/__1/PG-03 Gestão de Saúde e Segurança do Trabalho - 11.10.2017 - Rev.04.docx
getVirtualPath virtPath: http://localhost:8080/PHP-Example/__1/
getStoragePath result: /var/www/html/PHP-Example/PHP-Example/__1/PG-03 Gestão de Saúde e Segurança do Trabalho - 11.10.2017 - Rev.04.docx
getVirtualPath virtPath: http://localhost:8080/PHP-Example/__1/
getVirtualPath virtPath: http://localhost:8080/PHP-Example/__1/
getStoragePath result: /var/www/html/PHP-Example/PHP-Example/__1/PG-03 Gestão de Saúde e Segurança do Trabalho - 11.10.2017 - Rev.04.docx
getVirtualPath virtPath: http://localhost:8080/PHP-Example/__1/
getStoragePath result: /var/www/html/PHP-Example/PHP-Example/__1/PG-03 Gestão de Saúde e Segurança do Trabalho - 11.10.2017 - Rev.04.docx
getVirtualPath virtPath: http://localhost:8080/PHP-Example/__1/
getVirtualPath virtPath: http://localhost:8080/PHP-Example/__1/
getVirtualPath virtPath: http://localhost:8080/PHP-Example/__1/
getVirtualPath virtPath: http://localhost:8080/PHP-Example/__1/
getVirtualPath virtPath: http://localhost:8080/__1/
getVirtualPath virtPath: http://localhost:8080/__1/
getStoragePath result: /var/www/html/PHP-Example/__1/IT-FIN-006 - Faturamento de Cliente com Crédito à vista - 21.06.2016 - Rev.04.docx
getStoragePath result: /var/www/html/PHP-Example/__1/IT-FIN-006 - Faturamento de Cliente com Crédito à vista - 21.06.2016 - Rev.04.docx
getVirtualPath virtPath: http://localhost:8080/__1/
getVirtualPath virtPath: http://localhost:8080/__1/
getVirtualPath virtPath: http://localhost:8080/__1/
getVirtualPath virtPath: http://localhost:8080/__1/
getVirtualPath virtPath: http://localhost:8080/__1/
getStoragePath result: /var/www/html/PHP-Example/__1/IT-FIN-006 - Faturamento de Cliente com Crédito à vista - 21.06.2016 - Rev.04.docx
getVirtualPath virtPath: http://localhost:8080/__1/
getStoragePath result: /var/www/html/PHP-Example/__1/IT-FIN-006 - Faturamento de Cliente com Crédito à vista - 21.06.2016 - Rev.04.docx
getVirtualPath virtPath: http://localhost:8080/PHP-Example/__1/
getVirtualPath virtPath: http://localhost:8080/PHP-Example/__1/
getStoragePath result: /var/www/html/PHP-Example/PHP-Example/__1/IT-FIN-006 - Faturamento de Cliente com Crédito à vista - 21.06.2016 - Rev.04.docx
getVirtualPath virtPath: http://localhost:8080/PHP-Example/__1/
getStoragePath result: /var/www/html/PHP-Example/PHP-Example/__1/IT-FIN-006 - Faturamento de Cliente com Crédito à vista - 21.06.2016 - Rev.04.docx
getVirtualPath virtPath: http://localhost:8080/PHP-Example/__1/
getVirtualPath virtPath: http://localhost:8080/PHP-Example/__1/
getVirtualPath virtPath: http://localhost:8080/PHP-Example/__1/
getVirtualPath virtPath: http://localhost:8080/PHP-Example/__1/
getStoragePath result: /var/www/html/PHP-Example/__1/IT-FIN-006 - Faturamento de Cliente com Crédito à vista - 21.06.2016 - Rev.04.docx
getVirtualPath virtPath: http://localhost:8080/__1/
getVirtualPath virtPath: http://localhost:8080/__1/
getVirtualPath virtPath: http://localhost:8080/__1/
getVirtualPath virtPath: http://localhost:8080/__1/
getVirtualPath virtPath: http://localhost:8080/__1/
getStoragePath result: /var/www/html/PHP-Example/__1/IT-FIN-006 - Faturamento de Cliente com Crédito à vista - 21.06.2016 - Rev.04.docx
getVirtualPath virtPath: http://localhost:8080/__1/
getStoragePath result: /var/www/html/PHP-Example/__1/IT-FIN-006 - Faturamento de Cliente com Crédito à vista - 21.06.2016 - Rev.04.docx
getVirtualPath virtPath: http://localhost:8080/PHP-Example/__1/
getVirtualPath virtPath: http://localhost:8080/PHP-Example/__1/
getStoragePath result: /var/www/html/PHP-Example/PHP-Example/__1/IT-FIN-006 - Faturamento de Cliente com Crédito à vista - 21.06.2016 - Rev.04.docx
getVirtualPath virtPath: http://localhost:8080/PHP-Example/__1/
getStoragePath result: /var/www/html/PHP-Example/PHP-Example/__1/IT-FIN-006 - Faturamento de Cliente com Crédito à vista - 21.06.2016 - Rev.04.docx
getVirtualPath virtPath: http://localhost:8080/PHP-Example/__1/
getVirtualPath virtPath: http://localhost:8080/PHP-Example/__1/
getStoragePath result: /var/www/html/PHP-Example/PHP-Example/__1/IT-FIN-006 - Faturamento de Cliente com Crédito à vista - 21.06.2016 - Rev.04.docx
getVirtualPath virtPath: http://localhost:8080/PHP-Example/__1/
getStoragePath result: /var/www/html/PHP-Example/PHP-Example/__1/IT-FIN-006 - Faturamento de Cliente com Crédito à vista - 21.06.2016 - Rev.04.docx
getVirtualPath virtPath: http://localhost:8080/PHP-Example/__1/
getVirtualPath virtPath: http://localhost:8080/PHP-Example/__1/
getStoragePath result: /var/www/html/PHP-Example/PHP-Example/__1/IT-FIN-006 - Faturamento de Cliente com Crédito à vista - 21.06.2016 - Rev.04.docx
getVirtualPath virtPath: http://localhost:8080/PHP-Example/__1/
getStoragePath result: /var/www/html/PHP-Example/PHP-Example/__1/IT-FIN-006 - Faturamento de Cliente com Crédito à vista - 21.06.2016 - Rev.04.docx
getVirtualPath virtPath: http://localhost:8080/__1/
getVirtualPath virtPath: http://localhost:8080/__1/
getVirtualPath virtPath: http://localhost:8080/__1/
getStoragePath result: /var/www/html/PHP-Example/__1/103 - DC Jlle São João.xls
getStoragePath result: /var/www/html/PHP-Example/__1/103 - DC Jlle São João.xls
getVirtualPath virtPath: http://localhost:8080/__1/
getVirtualPath virtPath: http://localhost:8080/__1/
getStoragePath result: /var/www/html/PHP-Example/__1/103 - DC Jlle São João.xls
getVirtualPath virtPath: http://localhost:8080/__1/
getVirtualPath virtPath: http://localhost:8080/__1/
getStoragePath result: /var/www/html/PHP-Example/__1/103 - DC Jlle São João.xls
getVirtualPath virtPath: http://localhost:8080/__1/
getStoragePath result: /var/www/html/PHP-Example/__1/103 - DC Jlle São João.xls
getVirtualPath virtPath: http://localhost:8080/__1/
getVirtualPath virtPath: http://localhost:8080/__1/
getVirtualPath virtPath: http://localhost:8080/__1/
getVirtualPath virtPath: http://localhost:8080/__1/
getVirtualPath virtPath: http://localhost:8080/PHP-Example/__1/
getVirtualPath virtPath: http://localhost:8080/PHP-Example/__1/
getStoragePath result: /var/www/html/PHP-Example/PHP-Example/__1/103 - DC Jlle São João.xls
getVirtualPath virtPath: http://localhost:8080/PHP-Example/__1/
getStoragePath result: /var/www/html/PHP-Example/PHP-Example/__1/103 - DC Jlle São João.xls
getVirtualPath virtPath: http://localhost:8080/PHP-Example/__1/
getVirtualPath virtPath: http://localhost:8080/PHP-Example/__1/
getStoragePath result: /var/www/html/PHP-Example/PHP-Example/__1/IT-FIN-006 - Faturamento de Cliente com Crédito à vista - 21.06.2016 - Rev.04.docx
getVirtualPath virtPath: http://localhost:8080/PHP-Example/__1/
getStoragePath result: /var/www/html/PHP-Example/PHP-Example/__1/IT-FIN-006 - Faturamento de Cliente com Crédito à vista - 21.06.2016 - Rev.04.docx
getVirtualPath virtPath: http://localhost:8080/PHP-Example/__1/
getVirtualPath virtPath: http://localhost:8080/PHP-Example/__1/
getStoragePath result: /var/www/html/PHP-Example/PHP-Example/__1/IT-FIN-006 - Faturamento de Cliente com Crédito à vista - 21.06.2016 - Rev.04.docx
getVirtualPath virtPath: http://localhost:8080/PHP-Example/__1/
getStoragePath result: /var/www/html/PHP-Example/PHP-Example/__1/IT-FIN-006 - Faturamento de Cliente com Crédito à vista - 21.06.2016 - Rev.04.docx
getVirtualPath virtPath: http://localhost:8080/PHP-Example/__1/
getVirtualPath virtPath: http://localhost:8080/PHP-Example/__1/
getStoragePath result: /var/www/html/PHP-Example/PHP-Example/__1/PG-03 Gestão de Saúde e Segurança do Trabalho - 11.10.2017 - Rev.04.docx
getVirtualPath virtPath: http://localhost:8080/PHP-Example/__1/
getStoragePath result: /var/www/html/PHP-Example/PHP-Example/__1/PG-03 Gestão de Saúde e Segurança do Trabalho - 11.10.2017 - Rev.04.docx
getStoragePath result: /var/www/html/PHP-Example/PHP-Example/__1/FR-PeO-004_-_Lista_de_Presença_-_11_08_2014_-_Rev__01.docx
getVirtualPath virtPath: http://localhost:8080/PHP-Example/__1/
getVirtualPath virtPath: http://localhost:8080/PHP-Example/__1/
getStoragePath result: /var/www/html/PHP-Example/PHP-Example/__1/IT-FIN-006 - Faturamento de Cliente com Crédito à vista - 21.06.2016 - Rev.04.docx
getVirtualPath virtPath: http://localhost:8080/PHP-Example/__1/
getStoragePath result: /var/www/html/PHP-Example/PHP-Example/__1/IT-FIN-006 - Faturamento de Cliente com Crédito à vista - 21.06.2016 - Rev.04.docx
getVirtualPath virtPath: http://localhost:8080/PHP-Example/__1/
getVirtualPath virtPath: http://localhost:8080/PHP-Example/__1/
getStoragePath result: /var/www/html/PHP-Example/PHP-Example/__1/IT-FIN-006 - Faturamento de Cliente com Crédito à vista - 21.06.2016 - Rev.04.docx
getVirtualPath virtPath: http://localhost:8080/PHP-Example/__1/
getStoragePath result: /var/www/html/PHP-Example/PHP-Example/__1/IT-FIN-006 - Faturamento de Cliente com Crédito à vista - 21.06.2016 - Rev.04.docx
getStoragePath result: /var/www/html/PHP-Example/PHP-Example/__1/PG-03 Gestão de Saúde e Segurança do Trabalho - 11.10.2017 - Rev.04.docx
getVirtualPath virtPath: http://localhost:9000/PHP-Example/Storage/
getVirtualPath virtPath: http://localhost:9000/PHP-Example/Storage/
getStoragePath result: /var/www/CLIENTS/DPWORLD/public/plugins/onlyoffice-php/PHP-Example/Storage/PG-03 Gestão de Saúde e Segurança do Trabalho - 11.10.2017 - Rev.04.docx
getVirtualPath virtPath: http://localhost:9000/PHP-Example/Storage/
getStoragePath result: /var/www/CLIENTS/DPWORLD/public/plugins/onlyoffice-php/PHP-Example/Storage/PG-03 Gestão de Saúde e Segurança do Trabalho - 11.10.2017 - Rev.04.docx
getVirtualPath virtPath: http://localhost:9000/Storage/
getVirtualPath virtPath: http://localhost:9000/Storage/
getStoragePath result: /var/www/CLIENTS/DPWORLD/public/plugins/onlyoffice-php/Storage/PG-03 Gestão de Saúde e Segurança do Trabalho - 11.10.2017 - Rev.04.docx
getVirtualPath virtPath: http://localhost:9000/Storage/
getStoragePath result: /var/www/CLIENTS/DPWORLD/public/plugins/onlyoffice-php/Storage/PG-03 Gestão de Saúde e Segurança do Trabalho - 11.10.2017 - Rev.04.docx
getVirtualPath virtPath: http://localhost:9000/Storage/
getVirtualPath virtPath: http://localhost:9000/Storage/
getStoragePath result: /var/www/CLIENTS/DPWORLD/public/plugins/onlyoffice-php/Storage/$docPath
getVirtualPath virtPath: http://localhost:9000/Storage/
getStoragePath result: /var/www/CLIENTS/DPWORLD/public/plugins/onlyoffice-php/Storage/$docPath
getVirtualPath virtPath: http://localhost:9000/Storage/
getVirtualPath virtPath: http://localhost:9000/Storage/
getStoragePath result: /var/www/CLIENTS/DPWORLD/public/plugins/onlyoffice-php/Storage/$docPath
getVirtualPath virtPath: http://localhost:9000/Storage/
getStoragePath result: /var/www/CLIENTS/DPWORLD/public/plugins/onlyoffice-php/Storage/$docPath
getVirtualPath virtPath: http://localhost:9000/Storage/
getVirtualPath virtPath: http://localhost:9000/Storage/
getStoragePath result: /var/www/CLIENTS/DPWORLD/public/plugins/onlyoffice-php/Storage/asdadsg  \  20-09-2018_rev00.docx
getVirtualPath virtPath: http://localhost:9000/Storage/
getStoragePath result: /var/www/CLIENTS/DPWORLD/public/plugins/onlyoffice-php/Storage/asdadsg  \  20-09-2018_rev00.docx
getVirtualPath virtPath: http://localhost:9000/Storage/
getVirtualPath virtPath: http://localhost:9000/Storage/
getStoragePath result: /var/www/CLIENTS/DPWORLD/public/plugins/onlyoffice-php/Storage/asdadsg  \  20-09-2018_rev00.docx
getVirtualPath virtPath: http://localhost:9000/Storage/
getStoragePath result: /var/www/CLIENTS/DPWORLD/public/plugins/onlyoffice-php/Storage/asdadsg  \  20-09-2018_rev00.docx
getVirtualPath virtPath: http://localhost:9000/Storage/
getVirtualPath virtPath: http://localhost:9000/Storage/
getStoragePath result: /var/www/CLIENTS/DPWORLD/public/plugins/onlyoffice-php/Storage/asdadsg  \  20-09-2018_rev00.docx
getVirtualPath virtPath: http://localhost:9000/Storage/
getStoragePath result: /var/www/CLIENTS/DPWORLD/public/plugins/onlyoffice-php/Storage/asdadsg  \  20-09-2018_rev00.docx
getVirtualPath virtPath: http://localhost:9000/Storage/
getVirtualPath virtPath: http://localhost:9000/Storage/
getStoragePath result: /var/www/CLIENTS/DPWORLD/public/plugins/onlyoffice-php/Storage/asdadsg  \  20-09-2018_rev00.docx
getVirtualPath virtPath: http://localhost:9000/Storage/
getStoragePath result: /var/www/CLIENTS/DPWORLD/public/plugins/onlyoffice-php/Storage/asdadsg  \  20-09-2018_rev00.docx
getVirtualPath virtPath: http://localhost:9000/Storage/
getVirtualPath virtPath: http://localhost:9000/Storage/
getStoragePath result: /var/www/CLIENTS/DPWORLD/public/plugins/onlyoffice-php/Storage/asdadsg  \  20-09-2018_rev00.docx
getVirtualPath virtPath: http://localhost:9000/Storage/
getStoragePath result: /var/www/CLIENTS/DPWORLD/public/plugins/onlyoffice-php/Storage/asdadsg  \  20-09-2018_rev00.docx
getVirtualPath virtPath: http://localhost:9000/Storage/
getVirtualPath virtPath: http://localhost:9000/Storage/
getStoragePath result: /var/www/CLIENTS/DPWORLD/public/plugins/onlyoffice-php/Storage/Storageasdadsg  \  20-09-2018_rev00.docx
getVirtualPath virtPath: http://localhost:9000/Storage/
getStoragePath result: /var/www/CLIENTS/DPWORLD/public/plugins/onlyoffice-php/Storage/Storageasdadsg  \  20-09-2018_rev00.docx
getVirtualPath virtPath: http://localhost:9000/Storage/
getVirtualPath virtPath: http://localhost:9000/Storage/
getStoragePath result: /var/www/CLIENTS/DPWORLD/public/plugins/onlyoffice-php/Storage/asdadsg  \  20-09-2018_rev00.docx
getVirtualPath virtPath: http://localhost:9000/Storage/
getStoragePath result: /var/www/CLIENTS/DPWORLD/public/plugins/onlyoffice-php/Storage/asdadsg  \  20-09-2018_rev00.docx
getVirtualPath virtPath: http://localhost:9000/Storage/
getVirtualPath virtPath: http://localhost:9000/Storage/
getStoragePath result: /var/www/CLIENTS/DPWORLD/public/plugins/onlyoffice-php/Storage/asdadsg  \  20-09-2018_rev00.docx
getVirtualPath virtPath: http://localhost:9000/Storage/
getStoragePath result: /var/www/CLIENTS/DPWORLD/public/plugins/onlyoffice-php/Storage/asdadsg  \  20-09-2018_rev00.docx
getVirtualPath virtPath: http://localhost:9000/Storage/
getVirtualPath virtPath: http://localhost:9000/Storage/
getStoragePath result: /var/www/CLIENTS/DPWORLD/public/plugins/onlyoffice-php/Storage/IMPORT_rev00.docx
getVirtualPath virtPath: http://localhost:9000/Storage/
getStoragePath result: /var/www/CLIENTS/DPWORLD/public/plugins/onlyoffice-php/Storage/IMPORT_rev00.docx
getVirtualPath virtPath: ZYAD/Storage/
getVirtualPath virtPath: http://localhost:9000/Storage/
getStoragePath result: /var/www/CLIENTS/DPWORLD/public/plugins/onlyoffice-php/Storage/IMPORT_rev00.docx
getVirtualPath virtPath: http://localhost:9000/Storage/
getStoragePath result: /var/www/CLIENTS/DPWORLD/public/plugins/onlyoffice-php/Storage/IMPORT_rev00.docx
getVirtualPath virtPath: http://localhost:9000/plugins/onlyoffice-php/Storage/
getVirtualPath virtPath: http://localhost:9000/plugins/onlyoffice-php/Storage/
getStoragePath result: /var/www/CLIENTS/DPWORLD/public/plugins/onlyoffice-php/Storage/IMPORT_rev00.docx
getVirtualPath virtPath: http://localhost:9000/plugins/onlyoffice-php/Storage/
getStoragePath result: /var/www/CLIENTS/DPWORLD/public/plugins/onlyoffice-php/Storage/IMPORT_rev00.docx
getVirtualPath virtPath: http://localhost:9000/plugins/onlyoffice-php/Storage/
getVirtualPath virtPath: http://localhost:9000/plugins/onlyoffice-php/Storage/
getStoragePath result: /var/www/CLIENTS/DPWORLD/public/plugins/onlyoffice-php/Storage/IMPORT_rev00.docx
getVirtualPath virtPath: http://localhost:9000/plugins/onlyoffice-php/Storage/
getStoragePath result: /var/www/CLIENTS/DPWORLD/public/plugins/onlyoffice-php/Storage/IMPORT_rev00.docx
getStoragePath result: /var/www/CLIENTS/DPWORLD/public/plugins/onlyoffice-php/Storage/IMPORT_rev00.docx
getVirtualPath virtPath: http://localhost:9000/plugins/onlyoffice-php/Storage/
getVirtualPath virtPath: http://localhost:9000/plugins/onlyoffice-php/Storage/
getStoragePath result: /var/www/CLIENTS/DPWORLD/public/plugins/onlyoffice-php/Storage/asdadsg  \  20-09-2018_rev00.docx
getVirtualPath virtPath: http://localhost:9000/plugins/onlyoffice-php/Storage/
getStoragePath result: /var/www/CLIENTS/DPWORLD/public/plugins/onlyoffice-php/Storage/asdadsg  \  20-09-2018_rev00.docx
getVirtualPath virtPath: http://localhost:9000/plugins/onlyoffice-php/Storage/
getVirtualPath virtPath: http://localhost:9000/plugins/onlyoffice-php/Storage/
getStoragePath result: /var/www/CLIENTS/DPWORLD/public/plugins/onlyoffice-php/Storage/IMPORT_rev00.docx
getVirtualPath virtPath: http://localhost:9000/plugins/onlyoffice-php/Storage/
getStoragePath result: /var/www/CLIENTS/DPWORLD/public/plugins/onlyoffice-php/Storage/IMPORT_rev00.docx
getVirtualPath virtPath: http://localhost:9000/plugins/onlyoffice-php/Storage/
getVirtualPath virtPath: http://localhost:9000/plugins/onlyoffice-php/Storage/
getStoragePath result: /var/www/CLIENTS/DPWORLD/public/plugins/onlyoffice-php/Storage/IMPORT_rev00.docx
getVirtualPath virtPath: http://localhost:9000/plugins/onlyoffice-php/Storage/
getStoragePath result: /var/www/CLIENTS/DPWORLD/public/plugins/onlyoffice-php/Storage/IMPORT_rev00.docx
getStoragePath result: /var/www/CLIENTS/DPWORLD/public/plugins/onlyoffice-php/Storage/IMPORT_rev00.docx
getVirtualPath virtPath: http://localhost:9000/plugins/onlyoffice-php/Storage/
getVirtualPath virtPath: http://localhost:9000/plugins/onlyoffice-php/Storage/
getStoragePath result: /var/www/CLIENTS/DPWORLD/public/plugins/onlyoffice-php/Storage/IMPORT_rev00.docx
getVirtualPath virtPath: http://localhost:9000/plugins/onlyoffice-php/Storage/
getStoragePath result: /var/www/CLIENTS/DPWORLD/public/plugins/onlyoffice-php/Storage/IMPORT_rev00.docx
getVirtualPath virtPath: http://localhost:9000/plugins/onlyoffice-php/Storage/
getVirtualPath virtPath: http://localhost:9000/plugins/onlyoffice-php/Storage/
getStoragePath result: /var/www/CLIENTS/DPWORLD/public/plugins/onlyoffice-php/Storage/IMPORT_rev00.docx
getVirtualPath virtPath: http://localhost:9000/plugins/onlyoffice-php/Storage/
getStoragePath result: /var/www/CLIENTS/DPWORLD/public/plugins/onlyoffice-php/Storage/IMPORT_rev00.docx
getVirtualPath virtPath: http://localhost:9000/plugins/onlyoffice-php/Storage/
getVirtualPath virtPath: http://localhost:9000/plugins/onlyoffice-php/Storage/
getStoragePath result: /var/www/CLIENTS/DPWORLD/public/plugins/onlyoffice-php/Storage/IMPORT_rev00.docx
getVirtualPath virtPath: http://localhost:9000/plugins/onlyoffice-php/Storage/
getStoragePath result: /var/www/CLIENTS/DPWORLD/public/plugins/onlyoffice-php/Storage/IMPORT_rev00.docx
getStoragePath result: /var/www/CLIENTS/DPWORLD/public/plugins/onlyoffice-php/Storage/IMPORT_rev00.docx
getVirtualPath virtPath: http://localhost:9000/plugins/onlyoffice-php/Storage/
getVirtualPath virtPath: http://localhost:9000/plugins/onlyoffice-php/Storage/
getStoragePath result: /var/www/CLIENTS/DPWORLD/public/plugins/onlyoffice-php/Storage/IMPORT_rev00.docx
getVirtualPath virtPath: http://localhost:9000/plugins/onlyoffice-php/Storage/
getStoragePath result: /var/www/CLIENTS/DPWORLD/public/plugins/onlyoffice-php/Storage/IMPORT_rev00.docx
getVirtualPath virtPath: http://localhost:9000/plugins/onlyoffice-php/Storage/
getVirtualPath virtPath: http://localhost:9000/plugins/onlyoffice-php/Storage/
getStoragePath result: /var/www/CLIENTS/DPWORLD/public/plugins/onlyoffice-php/Storage/IMPORT_rev00.docx
getVirtualPath virtPath: http://localhost:9000/plugins/onlyoffice-php/Storage/
getStoragePath result: /var/www/CLIENTS/DPWORLD/public/plugins/onlyoffice-php/Storage/IMPORT_rev00.docx
getVirtualPath virtPath: http://localhost:9000/plugins/onlyoffice-php/Storage/
getVirtualPath virtPath: http://localhost:9000/plugins/onlyoffice-php/Storage/
getStoragePath result: /var/www/CLIENTS/DPWORLD/public/plugins/onlyoffice-php/Storage/IMPORT_rev00.docx
getVirtualPath virtPath: http://localhost:9000/plugins/onlyoffice-php/Storage/
getStoragePath result: /var/www/CLIENTS/DPWORLD/public/plugins/onlyoffice-php/Storage/IMPORT_rev00.docx
getVirtualPath virtPath: http://localhost:9000/plugins/onlyoffice-php/Storage/
getVirtualPath virtPath: http://localhost:9000/plugins/onlyoffice-php/Storage/
getStoragePath result: /var/www/CLIENTS/DPWORLD/public/plugins/onlyoffice-php/Storage/IMPORT_rev00.docx
getVirtualPath virtPath: http://localhost:9000/plugins/onlyoffice-php/Storage/
getStoragePath result: /var/www/CLIENTS/DPWORLD/public/plugins/onlyoffice-php/Storage/IMPORT_rev00.docx
getVirtualPath virtPath: http://localhost:9000/plugins/onlyoffice-php/Storage/
getVirtualPath virtPath: http://localhost:9000/plugins/onlyoffice-php/Storage/
getStoragePath result: /var/www/CLIENTS/DPWORLD/public/plugins/onlyoffice-php/Storage/IMPORT_rev00.docx
getVirtualPath virtPath: http://localhost:9000/plugins/onlyoffice-php/Storage/
getStoragePath result: /var/www/CLIENTS/DPWORLD/public/plugins/onlyoffice-php/Storage/IMPORT_rev00.docx
getStoragePath result: /var/www/CLIENTS/DPWORLD/public/plugins/onlyoffice-php/Storage/IMPORT_rev00.docx
getVirtualPath virtPath: http://localhost:9000/plugins/onlyoffice-php/Storage/
getVirtualPath virtPath: http://localhost:9000/plugins/onlyoffice-php/Storage/
getStoragePath result: /var/www/CLIENTS/DPWORLD/public/plugins/onlyoffice-php/Storage/ZYAD.docx
getVirtualPath virtPath: http://localhost:9000/plugins/onlyoffice-php/Storage/
getStoragePath result: /var/www/CLIENTS/DPWORLD/public/plugins/onlyoffice-php/Storage/ZYAD.docx
getVirtualPath virtPath: http://localhost:9000/plugins/onlyoffice-php/Storage/
getVirtualPath virtPath: http://localhost:9000/plugins/onlyoffice-php/Storage/
getStoragePath result: /var/www/CLIENTS/DPWORLD/public/plugins/onlyoffice-php/Storage/ZYAD.docx
getVirtualPath virtPath: http://localhost:9000/plugins/onlyoffice-php/Storage/
getStoragePath result: /var/www/CLIENTS/DPWORLD/public/plugins/onlyoffice-php/Storage/ZYAD.docx
getVirtualPath virtPath: http://localhost:9000/plugins/onlyoffice-php/Storage/
getVirtualPath virtPath: http://localhost:9000/plugins/onlyoffice-php/Storage/
getStoragePath result: /var/www/CLIENTS/DPWORLD/public/plugins/onlyoffice-php/Storage/IMPORT_rev00.docx
getVirtualPath virtPath: http://localhost:9000/plugins/onlyoffice-php/Storage/
getStoragePath result: /var/www/CLIENTS/DPWORLD/public/plugins/onlyoffice-php/Storage/IMPORT_rev00.docx
getVirtualPath virtPath: http://localhost:9000/plugins/onlyoffice-php/Storage/
getVirtualPath virtPath: http://localhost:9000/plugins/onlyoffice-php/Storage/
getStoragePath result: /var/www/CLIENTS/DPWORLD/public/plugins/onlyoffice-php/Storage/IMPORT_rev00.docx
getVirtualPath virtPath: http://localhost:9000/plugins/onlyoffice-php/Storage/
getStoragePath result: /var/www/CLIENTS/DPWORLD/public/plugins/onlyoffice-php/Storage/IMPORT_rev00.docx
getVirtualPath virtPath: http://localhost:9000/plugins/onlyoffice-php/Storage/
getVirtualPath virtPath: http://localhost:9000/plugins/onlyoffice-php/Storage/
getStoragePath result: /var/www/CLIENTS/DPWORLD/public/plugins/onlyoffice-php/Storage/IMPORT_rev00.docx
getVirtualPath virtPath: http://localhost:9000/plugins/onlyoffice-php/Storage/
getStoragePath result: /var/www/CLIENTS/DPWORLD/public/plugins/onlyoffice-php/Storage/IMPORT_rev00.docx
getVirtualPath virtPath: http://localhost:9000/plugins/onlyoffice-php/Storage/
getVirtualPath virtPath: http://localhost:9000/plugins/onlyoffice-php/Storage/
getStoragePath result: /var/www/CLIENTS/DPWORLD/public/plugins/onlyoffice-php/Storage/IMPORT_rev00.docx
getVirtualPath virtPath: http://localhost:9000/plugins/onlyoffice-php/Storage/
getStoragePath result: /var/www/CLIENTS/DPWORLD/public/plugins/onlyoffice-php/Storage/IMPORT_rev00.docx
getVirtualPath virtPath: http://localhost:9000/plugins/onlyoffice-php/Storage/
getVirtualPath virtPath: http://localhost:9000/plugins/onlyoffice-php/Storage/
getStoragePath result: /var/www/CLIENTS/DPWORLD/public/plugins/onlyoffice-php/Storage/IMPORT_rev00.docx
getVirtualPath virtPath: http://localhost:9000/plugins/onlyoffice-php/Storage/
getStoragePath result: /var/www/CLIENTS/DPWORLD/public/plugins/onlyoffice-php/Storage/IMPORT_rev00.docx
getVirtualPath virtPath: http://localhost:9000/plugins/onlyoffice-php/Storage/
getVirtualPath virtPath: http://localhost:9000/plugins/onlyoffice-php/Storage/
getStoragePath result: /var/www/CLIENTS/DPWORLD/public/plugins/onlyoffice-php/Storage/IMPORT_rev00.docx
getVirtualPath virtPath: http://localhost:9000/plugins/onlyoffice-php/Storage/
getStoragePath result: /var/www/CLIENTS/DPWORLD/public/plugins/onlyoffice-php/Storage/IMPORT_rev00.docx
getVirtualPath virtPath: http://localhost:9000/plugins/onlyoffice-php/Storage/
getVirtualPath virtPath: http://localhost:9000/plugins/onlyoffice-php/Storage/
getStoragePath result: /var/www/CLIENTS/DPWORLD/public/plugins/onlyoffice-php/Storage/IMPORT_rev00.docx
getVirtualPath virtPath: http://localhost:9000/plugins/onlyoffice-php/Storage/
getStoragePath result: /var/www/CLIENTS/DPWORLD/public/plugins/onlyoffice-php/Storage/IMPORT_rev00.docx
getVirtualPath virtPath: http://localhost:9000/plugins/onlyoffice-php/Storage/
getVirtualPath virtPath: http://localhost:9000/plugins/onlyoffice-php/Storage/
getStoragePath result: /var/www/CLIENTS/DPWORLD/public/plugins/onlyoffice-php/Storage/IMPORT_rev00.docx
getVirtualPath virtPath: http://localhost:9000/plugins/onlyoffice-php/Storage/
getStoragePath result: /var/www/CLIENTS/DPWORLD/public/plugins/onlyoffice-php/Storage/IMPORT_rev00.docx
getVirtualPath virtPath: http://localhost:9000/plugins/onlyoffice-php/Storage/
getVirtualPath virtPath: http://localhost:9000/plugins/onlyoffice-php/Storage/
getStoragePath result: /var/www/CLIENTS/DPWORLD/public/plugins/onlyoffice-php/Storage/IMPORT_rev00.docx
getVirtualPath virtPath: http://localhost:9000/plugins/onlyoffice-php/Storage/
getStoragePath result: /var/www/CLIENTS/DPWORLD/public/plugins/onlyoffice-php/Storage/IMPORT_rev00.docx
getVirtualPath virtPath: http://localhost:9000/plugins/onlyoffice-php/Storage/
getVirtualPath virtPath: http://localhost:9000/plugins/onlyoffice-php/Storage/
getStoragePath result: /var/www/CLIENTS/DPWORLD/public/plugins/onlyoffice-php/Storage/IMPORT_rev00.docx
getVirtualPath virtPath: http://localhost:9000/plugins/onlyoffice-php/Storage/
getStoragePath result: /var/www/CLIENTS/DPWORLD/public/plugins/onlyoffice-php/Storage/IMPORT_rev00.docx
getVirtualPath virtPath: http://localhost:9000/plugins/onlyoffice-php/Storage/
getVirtualPath virtPath: http://localhost:9000/plugins/onlyoffice-php/Storage/
getStoragePath result: /var/www/CLIENTS/DPWORLD/public/plugins/onlyoffice-php/Storage/IMPORT_rev00.docx
getVirtualPath virtPath: http://localhost:9000/plugins/onlyoffice-php/Storage/
getStoragePath result: /var/www/CLIENTS/DPWORLD/public/plugins/onlyoffice-php/Storage/IMPORT_rev00.docx
getVirtualPath virtPath: http://localhost:9000/plugins/onlyoffice-php/Storage/
getVirtualPath virtPath: http://localhost:9000/plugins/onlyoffice-php/Storage/
getStoragePath result: /var/www/CLIENTS/DPWORLD/public/plugins/onlyoffice-php/Storage/IMPORT_rev00.docx
getVirtualPath virtPath: http://localhost:9000/plugins/onlyoffice-php/Storage/
getStoragePath result: /var/www/CLIENTS/DPWORLD/public/plugins/onlyoffice-php/Storage/IMPORT_rev00.docx
getVirtualPath virtPath: http://localhost:9000/plugins/onlyoffice-php/Storage/
getVirtualPath virtPath: http://localhost:9000/plugins/onlyoffice-php/Storage/
getStoragePath result: /var/www/CLIENTS/DPWORLD/public/plugins/onlyoffice-php/Storage/IMPORT_rev00.docx
getVirtualPath virtPath: http://localhost:9000/plugins/onlyoffice-php/Storage/
getStoragePath result: /var/www/CLIENTS/DPWORLD/public/plugins/onlyoffice-php/Storage/IMPORT_rev00.docx
getVirtualPath virtPath: http://localhost:9000/plugins/onlyoffice-php/Storage/
getVirtualPath virtPath: http://localhost:9000/plugins/onlyoffice-php/Storage/
getStoragePath result: /var/www/CLIENTS/DPWORLD/public/plugins/onlyoffice-php/Storage/IMPORT_rev00.docx
getVirtualPath virtPath: http://localhost:9000/plugins/onlyoffice-php/Storage/
getStoragePath result: /var/www/CLIENTS/DPWORLD/public/plugins/onlyoffice-php/Storage/IMPORT_rev00.docx
getVirtualPath virtPath: http://localhost:9000/plugins/onlyoffice-php/Storage/
getVirtualPath virtPath: http://localhost:9000/plugins/onlyoffice-php/Storage/
getStoragePath result: /var/www/CLIENTS/DPWORLD/public/plugins/onlyoffice-php/Storage/IMPORT_rev00.docx
getVirtualPath virtPath: http://localhost:9000/plugins/onlyoffice-php/Storage/
getStoragePath result: /var/www/CLIENTS/DPWORLD/public/plugins/onlyoffice-php/Storage/IMPORT_rev00.docx
getStoragePath result: /var/www/CLIENTS/DPWORLD/public/plugins/onlyoffice-php/Storage/IMPORT_rev00.docx
getVirtualPath virtPath: http://localhost:9000/plugins/onlyoffice-php/Storage/
getVirtualPath virtPath: http://localhost:9000/plugins/onlyoffice-php/Storage/
getStoragePath result: /var/www/CLIENTS/DPWORLD/public/plugins/onlyoffice-php/Storage/IMPORT_rev00.docx
getVirtualPath virtPath: http://localhost:9000/plugins/onlyoffice-php/Storage/
getStoragePath result: /var/www/CLIENTS/DPWORLD/public/plugins/onlyoffice-php/Storage/IMPORT_rev00.docx
getVirtualPath virtPath: http://localhost:9000/plugins/onlyoffice-php/Storage/
getVirtualPath virtPath: http://localhost:9000/plugins/onlyoffice-php/Storage/
getStoragePath result: /var/www/CLIENTS/DPWORLD/public/plugins/onlyoffice-php/Storage/IMPORT_rev00.docx
getVirtualPath virtPath: http://localhost:9000/plugins/onlyoffice-php/Storage/
getStoragePath result: /var/www/CLIENTS/DPWORLD/public/plugins/onlyoffice-php/Storage/IMPORT_rev00.docx
getVirtualPath virtPath: http://localhost:9000/plugins/onlyoffice-php/Storage/
getVirtualPath virtPath: http://localhost:9000/plugins/onlyoffice-php/Storage/
getStoragePath result: /var/www/CLIENTS/DPWORLD/public/plugins/onlyoffice-php/Storage/IMPORT_rev00.docx
getVirtualPath virtPath: http://localhost:9000/plugins/onlyoffice-php/Storage/
getStoragePath result: /var/www/CLIENTS/DPWORLD/public/plugins/onlyoffice-php/Storage/IMPORT_rev00.docx
getVirtualPath virtPath: http://localhost:9000/plugins/onlyoffice-php/Storage/
getVirtualPath virtPath: http://localhost:9000/plugins/onlyoffice-php/Storage/
getStoragePath result: /var/www/CLIENTS/DPWORLD/public/plugins/onlyoffice-php/Storage/IMPORT_rev00.docx
getVirtualPath virtPath: http://localhost:9000/plugins/onlyoffice-php/Storage/
getStoragePath result: /var/www/CLIENTS/DPWORLD/public/plugins/onlyoffice-php/Storage/IMPORT_rev00.docx
getVirtualPath virtPath: http://localhost:9000/plugins/onlyoffice-php/Storage/
getVirtualPath virtPath: http://localhost:9000/plugins/onlyoffice-php/Storage/
getStoragePath result: /var/www/CLIENTS/DPWORLD/public/plugins/onlyoffice-php/Storage/IMPORT_rev00.docx
getVirtualPath virtPath: http://localhost:9000/plugins/onlyoffice-php/Storage/
getStoragePath result: /var/www/CLIENTS/DPWORLD/public/plugins/onlyoffice-php/Storage/IMPORT_rev00.docx
getVirtualPath virtPath: http://localhost:9000/plugins/onlyoffice-php/Storage/
getVirtualPath virtPath: http://localhost:9000/plugins/onlyoffice-php/Storage/
getStoragePath result: /var/www/CLIENTS/DPWORLD/public/plugins/onlyoffice-php/Storage/IMPORT_rev00.docx
getVirtualPath virtPath: http://localhost:9000/plugins/onlyoffice-php/Storage/
getStoragePath result: /var/www/CLIENTS/DPWORLD/public/plugins/onlyoffice-php/Storage/IMPORT_rev00.docx
getVirtualPath virtPath: http://localhost:9000/plugins/onlyoffice-php/Storage/
getVirtualPath virtPath: http://localhost:9000/plugins/onlyoffice-php/Storage/
getStoragePath result: /var/www/CLIENTS/DPWORLD/public/plugins/onlyoffice-php/Storage/IMPORT_rev00.docx
getVirtualPath virtPath: http://localhost:9000/plugins/onlyoffice-php/Storage/
getStoragePath result: /var/www/CLIENTS/DPWORLD/public/plugins/onlyoffice-php/Storage/IMPORT_rev00.docx
getVirtualPath virtPath: http://localhost:9000/plugins/onlyoffice-php/Storage/
getVirtualPath virtPath: http://localhost:9000/plugins/onlyoffice-php/Storage/
getStoragePath result: /var/www/CLIENTS/DPWORLD/public/plugins/onlyoffice-php/Storage/IMPORT_rev00.docx
getVirtualPath virtPath: http://localhost:9000/plugins/onlyoffice-php/Storage/
getStoragePath result: /var/www/CLIENTS/DPWORLD/public/plugins/onlyoffice-php/Storage/IMPORT_rev00.docx
getVirtualPath virtPath: http://localhost:9000/plugins/onlyoffice-php/Storage/
getVirtualPath virtPath: http://localhost:9000/plugins/onlyoffice-php/Storage/
getStoragePath result: /var/www/CLIENTS/DPWORLD/public/plugins/onlyoffice-php/Storage/IMPORT_rev00.docx
getVirtualPath virtPath: http://localhost:9000/plugins/onlyoffice-php/Storage/
getStoragePath result: /var/www/CLIENTS/DPWORLD/public/plugins/onlyoffice-php/Storage/IMPORT_rev00.docx
getVirtualPath virtPath: http://localhost:9000/plugins/onlyoffice-php/Storage/
getVirtualPath virtPath: http://localhost:9000/plugins/onlyoffice-php/Storage/
getStoragePath result: /var/www/CLIENTS/DPWORLD/public/plugins/onlyoffice-php/Storage/IMPORT_rev00.docx
getVirtualPath virtPath: http://localhost:9000/plugins/onlyoffice-php/Storage/
getStoragePath result: /var/www/CLIENTS/DPWORLD/public/plugins/onlyoffice-php/Storage/IMPORT_rev00.docx
getVirtualPath virtPath: http://localhost:9000/plugins/onlyoffice-php/Storage/
getVirtualPath virtPath: http://localhost:9000/plugins/onlyoffice-php/Storage/
getStoragePath result: /var/www/CLIENTS/DPWORLD/public/plugins/onlyoffice-php/Storage/IMPORT_rev00.docx
getVirtualPath virtPath: http://localhost:9000/plugins/onlyoffice-php/Storage/
getStoragePath result: /var/www/CLIENTS/DPWORLD/public/plugins/onlyoffice-php/Storage/IMPORT_rev00.docx
getVirtualPath virtPath: http://localhost:9000/plugins/onlyoffice-php/Storage/
getVirtualPath virtPath: http://localhost:9000/plugins/onlyoffice-php/Storage/
getStoragePath result: /var/www/CLIENTS/DPWORLD/public/plugins/onlyoffice-php/Storage/IMPORT_rev00.docx
getVirtualPath virtPath: http://localhost:9000/plugins/onlyoffice-php/Storage/
getStoragePath result: /var/www/CLIENTS/DPWORLD/public/plugins/onlyoffice-php/Storage/IMPORT_rev00.docx
getVirtualPath virtPath: http://localhost:9000/plugins/onlyoffice-php/Storage/
getVirtualPath virtPath: http://localhost:9000/plugins/onlyoffice-php/Storage/
getStoragePath result: /var/www/CLIENTS/DPWORLD/public/plugins/onlyoffice-php/Storage/IMPORT_rev00.docx
getVirtualPath virtPath: http://localhost:9000/plugins/onlyoffice-php/Storage/
getStoragePath result: /var/www/CLIENTS/DPWORLD/public/plugins/onlyoffice-php/Storage/IMPORT_rev00.docx
getStoragePath result: /var/www/CLIENTS/DPWORLD/public/plugins/onlyoffice-php/Storage/IMPORT_rev00.docx
getVirtualPath virtPath: http://localhost:9000/plugins/onlyoffice-php/Storage/
getVirtualPath virtPath: http://localhost:9000/plugins/onlyoffice-php/Storage/
getStoragePath result: /var/www/CLIENTS/DPWORLD/public/plugins/onlyoffice-php/Storage/IMPORT_rev00.docx
getVirtualPath virtPath: http://localhost:9000/plugins/onlyoffice-php/Storage/
getStoragePath result: /var/www/CLIENTS/DPWORLD/public/plugins/onlyoffice-php/Storage/IMPORT_rev00.docx
getVirtualPath virtPath: http://localhost:9000/plugins/onlyoffice-php/Storage/
getVirtualPath virtPath: http://localhost:9000/plugins/onlyoffice-php/Storage/
getStoragePath result: /var/www/CLIENTS/DPWORLD/public/plugins/onlyoffice-php/Storage/IMPORT_rev00.docx
getVirtualPath virtPath: http://localhost:9000/plugins/onlyoffice-php/Storage/
getStoragePath result: /var/www/CLIENTS/DPWORLD/public/plugins/onlyoffice-php/Storage/IMPORT_rev00.docx
getVirtualPath virtPath: http://localhost:9000/plugins/onlyoffice-php/Storage/
getVirtualPath virtPath: http://localhost:9000/plugins/onlyoffice-php/Storage/
getStoragePath result: /var/www/CLIENTS/DPWORLD/public/plugins/onlyoffice-php/Storage/IMPORT_rev00.docx
getVirtualPath virtPath: http://localhost:9000/plugins/onlyoffice-php/Storage/
getStoragePath result: /var/www/CLIENTS/DPWORLD/public/plugins/onlyoffice-php/Storage/IMPORT_rev00.docx
getVirtualPath virtPath: http://localhost:9000/plugins/onlyoffice-php/Storage/
getVirtualPath virtPath: http://localhost:9000/plugins/onlyoffice-php/Storage/
getStoragePath result: /var/www/CLIENTS/DPWORLD/public/plugins/onlyoffice-php/Storage/IMPORT_rev00.docx
getVirtualPath virtPath: http://localhost:9000/plugins/onlyoffice-php/Storage/
getStoragePath result: /var/www/CLIENTS/DPWORLD/public/plugins/onlyoffice-php/Storage/IMPORT_rev00.docx
getVirtualPath virtPath: http://localhost:9000/plugins/onlyoffice-php/Storage/
getVirtualPath virtPath: http://localhost:9000/plugins/onlyoffice-php/Storage/
getStoragePath result: /var/www/CLIENTS/DPWORLD/public/plugins/onlyoffice-php/Storage/IMPORT_rev00.docx
getVirtualPath virtPath: http://localhost:9000/plugins/onlyoffice-php/Storage/
getStoragePath result: /var/www/CLIENTS/DPWORLD/public/plugins/onlyoffice-php/Storage/IMPORT_rev00.docx
getVirtualPath virtPath: http://localhost:9000/plugins/onlyoffice-php/Storage/
getVirtualPath virtPath: http://localhost:9000/plugins/onlyoffice-php/Storage/
getStoragePath result: /var/www/CLIENTS/DPWORLD/public/plugins/onlyoffice-php/Storage/TESTE_rev00.docx
getVirtualPath virtPath: http://localhost:9000/plugins/onlyoffice-php/Storage/
getStoragePath result: /var/www/CLIENTS/DPWORLD/public/plugins/onlyoffice-php/Storage/TESTE_rev00.docx
getVirtualPath virtPath: http://localhost:9000/plugins/onlyoffice-php/Storage/
getVirtualPath virtPath: http://localhost:9000/plugins/onlyoffice-php/Storage/
getStoragePath result: /var/www/CLIENTS/DPWORLD/public/plugins/onlyoffice-php/Storage/BRUNO_VIADO_rev00.docx
getVirtualPath virtPath: http://localhost:9000/plugins/onlyoffice-php/Storage/
getStoragePath result: /var/www/CLIENTS/DPWORLD/public/plugins/onlyoffice-php/Storage/BRUNO_VIADO_rev00.docx
getVirtualPath virtPath: http://localhost:9000/plugins/onlyoffice-php/Storage/
getVirtualPath virtPath: http://localhost:9000/plugins/onlyoffice-php/Storage/
getStoragePath result: /var/www/CLIENTS/DPWORLD/public/plugins/onlyoffice-php/Storage/BRUNO_VIADO_rev00.docx
getVirtualPath virtPath: http://localhost:9000/plugins/onlyoffice-php/Storage/
getStoragePath result: /var/www/CLIENTS/DPWORLD/public/plugins/onlyoffice-php/Storage/BRUNO_VIADO_rev00.docx
getVirtualPath virtPath: http://localhost:9000/plugins/onlyoffice-php/Storage/
getVirtualPath virtPath: http://localhost:9000/plugins/onlyoffice-php/Storage/
getStoragePath result: /var/www/CLIENTS/DPWORLD/public/plugins/onlyoffice-php/Storage/FR.xlsx
getVirtualPath virtPath: http://localhost:9000/plugins/onlyoffice-php/Storage/
getStoragePath result: /var/www/CLIENTS/DPWORLD/public/plugins/onlyoffice-php/Storage/FR.xlsx
getVirtualPath virtPath: http://localhost:9000/plugins/onlyoffice-php/Storage/
getVirtualPath virtPath: http://localhost:9000/plugins/onlyoffice-php/Storage/
getStoragePath result: /var/www/CLIENTS/DPWORLD/public/plugins/onlyoffice-php/Storage/FR.xlsx
getVirtualPath virtPath: http://localhost:9000/plugins/onlyoffice-php/Storage/
getStoragePath result: /var/www/CLIENTS/DPWORLD/public/plugins/onlyoffice-php/Storage/FR.xlsx
getVirtualPath virtPath: http://localhost:9000/plugins/onlyoffice-php/Storage/
getVirtualPath virtPath: http://localhost:9000/plugins/onlyoffice-php/Storage/
getStoragePath result: /var/www/CLIENTS/DPWORLD/public/plugins/onlyoffice-php/Storage/FR.xlsx
getVirtualPath virtPath: http://localhost:9000/plugins/onlyoffice-php/Storage/
getStoragePath result: /var/www/CLIENTS/DPWORLD/public/plugins/onlyoffice-php/Storage/FR.xlsx
getVirtualPath virtPath: http://localhost:9000/plugins/onlyoffice-php/Storage/
getVirtualPath virtPath: http://localhost:9000/plugins/onlyoffice-php/Storage/
getStoragePath result: /var/www/CLIENTS/DPWORLD/public/plugins/onlyoffice-php/Storage/FR.xlsx
getVirtualPath virtPath: http://localhost:9000/plugins/onlyoffice-php/Storage/
getStoragePath result: /var/www/CLIENTS/DPWORLD/public/plugins/onlyoffice-php/Storage/FR.xlsx
getVirtualPath virtPath: http://localhost:9000/plugins/onlyoffice-php/Storage/
getVirtualPath virtPath: http://localhost:9000/plugins/onlyoffice-php/Storage/
getStoragePath result: /var/www/CLIENTS/DPWORLD/public/plugins/onlyoffice-php/Storage/FR.xlsx
getVirtualPath virtPath: http://localhost:9000/plugins/onlyoffice-php/Storage/
getStoragePath result: /var/www/CLIENTS/DPWORLD/public/plugins/onlyoffice-php/Storage/FR.xlsx
getVirtualPath virtPath: http://localhost:9000/plugins/onlyoffice-php/Storage/
getVirtualPath virtPath: http://localhost:9000/plugins/onlyoffice-php/Storage/
getStoragePath result: /var/www/CLIENTS/DPWORLD/public/plugins/onlyoffice-php/Storage/FR.xlsx
getVirtualPath virtPath: http://localhost:9000/plugins/onlyoffice-php/Storage/
getStoragePath result: /var/www/CLIENTS/DPWORLD/public/plugins/onlyoffice-php/Storage/FR.xlsx
getVirtualPath virtPath: http://localhost:9000/plugins/onlyoffice-php/Storage/
getVirtualPath virtPath: http://localhost:9000/plugins/onlyoffice-php/Storage/
getStoragePath result: /var/www/CLIENTS/DPWORLD/public/plugins/onlyoffice-php/Storage/FR.xlsx
getVirtualPath virtPath: http://localhost:9000/plugins/onlyoffice-php/Storage/
getStoragePath result: /var/www/CLIENTS/DPWORLD/public/plugins/onlyoffice-php/Storage/FR.xlsx
getVirtualPath virtPath: http://localhost:9000/plugins/onlyoffice-php/Storage/
getVirtualPath virtPath: http://localhost:9000/plugins/onlyoffice-php/Storage/
getStoragePath result: /var/www/CLIENTS/DPWORLD/public/plugins/onlyoffice-php/Storage/FR.xlsx
getVirtualPath virtPath: http://localhost:9000/plugins/onlyoffice-php/Storage/
getStoragePath result: /var/www/CLIENTS/DPWORLD/public/plugins/onlyoffice-php/Storage/FR.xlsx
getVirtualPath virtPath: http://localhost:9000/plugins/onlyoffice-php/Storage/
getVirtualPath virtPath: http://localhost:9000/plugins/onlyoffice-php/Storage/
getStoragePath result: /var/www/CLIENTS/DPWORLD/public/plugins/onlyoffice-php/Storage/FR.xlsx
getVirtualPath virtPath: http://localhost:9000/plugins/onlyoffice-php/Storage/
getStoragePath result: /var/www/CLIENTS/DPWORLD/public/plugins/onlyoffice-php/Storage/FR.xlsx
getVirtualPath virtPath: http://localhost:9000/plugins/onlyoffice-php/Storage/
getVirtualPath virtPath: http://localhost:9000/plugins/onlyoffice-php/Storage/
getStoragePath result: /var/www/CLIENTS/DPWORLD/public/plugins/onlyoffice-php/Storage/FR.xlsx
getVirtualPath virtPath: http://localhost:9000/plugins/onlyoffice-php/Storage/
getStoragePath result: /var/www/CLIENTS/DPWORLD/public/plugins/onlyoffice-php/Storage/FR.xlsx
getVirtualPath virtPath: http://localhost:9000/plugins/onlyoffice-php/Storage/
getVirtualPath virtPath: http://localhost:9000/plugins/onlyoffice-php/Storage/
getStoragePath result: /var/www/CLIENTS/DPWORLD/public/plugins/onlyoffice-php/Storage/FR.xlsx
getVirtualPath virtPath: http://localhost:9000/plugins/onlyoffice-php/Storage/
getStoragePath result: /var/www/CLIENTS/DPWORLD/public/plugins/onlyoffice-php/Storage/FR.xlsx
getVirtualPath virtPath: http://localhost:9000/plugins/onlyoffice-php/Storage/
getVirtualPath virtPath: http://localhost:9000/plugins/onlyoffice-php/Storage/
getStoragePath result: /var/www/CLIENTS/DPWORLD/public/plugins/onlyoffice-php/Storage/FR.xlsx
getVirtualPath virtPath: http://localhost:9000/plugins/onlyoffice-php/Storage/
getStoragePath result: /var/www/CLIENTS/DPWORLD/public/plugins/onlyoffice-php/Storage/FR.xlsx
getVirtualPath virtPath: http://localhost:9000/plugins/onlyoffice-php/Storage/
getVirtualPath virtPath: http://localhost:9000/plugins/onlyoffice-php/Storage/
getStoragePath result: /var/www/CLIENTS/DPWORLD/public/plugins/onlyoffice-php/Storage/FR.xlsxformularios/FR.xlsx
getVirtualPath virtPath: http://localhost:9000/plugins/onlyoffice-php/Storage/
getStoragePath result: /var/www/CLIENTS/DPWORLD/public/plugins/onlyoffice-php/Storage/FR.xlsxformularios/FR.xlsx
getVirtualPath virtPath: http://localhost:9000/plugins/onlyoffice-php/Storage/
getVirtualPath virtPath: http://localhost:9000/plugins/onlyoffice-php/Storage/
getStoragePath result: /var/www/CLIENTS/DPWORLD/public/plugins/onlyoffice-php/Storage/formularios/FR.xlsx
getVirtualPath virtPath: http://localhost:9000/plugins/onlyoffice-php/Storage/
getStoragePath result: /var/www/CLIENTS/DPWORLD/public/plugins/onlyoffice-php/Storage/formularios/FR.xlsx
getVirtualPath virtPath: http://localhost:9000/plugins/onlyoffice-php/Storage/
getVirtualPath virtPath: http://localhost:9000/plugins/onlyoffice-php/Storage/
getStoragePath result: /var/www/CLIENTS/DPWORLD/public/plugins/onlyoffice-php/Storage/BRUNO_VIADO_rev00.docx
getVirtualPath virtPath: http://localhost:9000/plugins/onlyoffice-php/Storage/
getStoragePath result: /var/www/CLIENTS/DPWORLD/public/plugins/onlyoffice-php/Storage/BRUNO_VIADO_rev00.docx
getVirtualPath virtPath: http://localhost:9000/plugins/onlyoffice-php/Storage/
getVirtualPath virtPath: http://localhost:9000/plugins/onlyoffice-php/Storage/
getStoragePath result: /var/www/CLIENTS/DPWORLD/public/plugins/onlyoffice-php/Storage/BRUNO_VIADO_rev00.docx
getVirtualPath virtPath: http://localhost:9000/plugins/onlyoffice-php/Storage/
getStoragePath result: /var/www/CLIENTS/DPWORLD/public/plugins/onlyoffice-php/Storage/BRUNO_VIADO_rev00.docx
getVirtualPath virtPath: http://localhost:9000/plugins/onlyoffice-php/Storage/
getVirtualPath virtPath: http://localhost:9000/plugins/onlyoffice-php/Storage/
getStoragePath result: /var/www/CLIENTS/DPWORLD/public/plugins/onlyoffice-php/Storage/BRUNO_VIADO_rev00.docx
getVirtualPath virtPath: http://localhost:9000/plugins/onlyoffice-php/Storage/
getStoragePath result: /var/www/CLIENTS/DPWORLD/public/plugins/onlyoffice-php/Storage/BRUNO_VIADO_rev00.docx
getVirtualPath virtPath: http://localhost:9000/plugins/onlyoffice-php/Storage/
getVirtualPath virtPath: http://localhost:9000/plugins/onlyoffice-php/Storage/
getStoragePath result: /var/www/CLIENTS/DPWORLD/public/plugins/onlyoffice-php/Storage/BRUNO_VIADO_rev00.docx
getVirtualPath virtPath: http://localhost:9000/plugins/onlyoffice-php/Storage/
getStoragePath result: /var/www/CLIENTS/DPWORLD/public/plugins/onlyoffice-php/Storage/BRUNO_VIADO_rev00.docx
getVirtualPath virtPath: http://localhost:9000/plugins/onlyoffice-php/Storage/
getVirtualPath virtPath: http://localhost:9000/plugins/onlyoffice-php/Storage/
getStoragePath result: /var/www/CLIENTS/DPWORLD/public/plugins/onlyoffice-php/Storage/BRUNO_VIADO_rev00.docx
getVirtualPath virtPath: http://localhost:9000/plugins/onlyoffice-php/Storage/
getStoragePath result: /var/www/CLIENTS/DPWORLD/public/plugins/onlyoffice-php/Storage/BRUNO_VIADO_rev00.docx
getVirtualPath virtPath: http://localhost:9000/plugins/onlyoffice-php/Storage/
getVirtualPath virtPath: http://localhost:9000/plugins/onlyoffice-php/Storage/
getStoragePath result: /var/www/CLIENTS/DPWORLD/public/plugins/onlyoffice-php/Storage/BRUNO_VIADO_rev00.docx
getVirtualPath virtPath: http://localhost:9000/plugins/onlyoffice-php/Storage/
getStoragePath result: /var/www/CLIENTS/DPWORLD/public/plugins/onlyoffice-php/Storage/BRUNO_VIADO_rev00.docx
getVirtualPath virtPath: http://localhost:9000/plugins/onlyoffice-php/Storage/
getVirtualPath virtPath: http://localhost:9000/plugins/onlyoffice-php/Storage/
getStoragePath result: /var/www/CLIENTS/DPWORLD/public/plugins/onlyoffice-php/Storage/embedded/BRUNO_VIADO_rev00.docx
getVirtualPath virtPath: http://localhost:9000/plugins/onlyoffice-php/Storage/
getStoragePath result: /var/www/CLIENTS/DPWORLD/public/plugins/onlyoffice-php/Storage/embedded/BRUNO_VIADO_rev00.docx
getVirtualPath virtPath: http://localhost:9000/plugins/onlyoffice-php/Storage/
getVirtualPath virtPath: http://localhost:9000/plugins/onlyoffice-php/Storage/
getStoragePath result: /var/www/CLIENTS/DPWORLD/public/plugins/onlyoffice-php/Storage/embedded/BRUNO_VIADO_rev00.docx
getVirtualPath virtPath: http://localhost:9000/plugins/onlyoffice-php/Storage/
getStoragePath result: /var/www/CLIENTS/DPWORLD/public/plugins/onlyoffice-php/Storage/embedded/BRUNO_VIADO_rev00.docx
getVirtualPath virtPath: http://localhost:9000/plugins/onlyoffice-php/Storage/
getVirtualPath virtPath: http://localhost:9000/plugins/onlyoffice-php/Storage/
getStoragePath result: /var/www/CLIENTS/DPWORLD/public/plugins/onlyoffice-php/Storage/BRUNO_VIADO_rev00.docx
getVirtualPath virtPath: http://localhost:9000/plugins/onlyoffice-php/Storage/
getStoragePath result: /var/www/CLIENTS/DPWORLD/public/plugins/onlyoffice-php/Storage/BRUNO_VIADO_rev00.docx
getVirtualPath virtPath: http://localhost:9000/plugins/onlyoffice-php/Storage/
getVirtualPath virtPath: http://localhost:9000/plugins/onlyoffice-php/Storage/
getStoragePath result: /var/www/CLIENTS/DPWORLD/public/plugins/onlyoffice-php/Storage/BRUNO_VIADO_rev00.docx
getVirtualPath virtPath: http://localhost:9000/plugins/onlyoffice-php/Storage/
getStoragePath result: /var/www/CLIENTS/DPWORLD/public/plugins/onlyoffice-php/Storage/BRUNO_VIADO_rev00.docx
getVirtualPath virtPath: http://localhost:9000/plugins/onlyoffice-php/Storage/
getVirtualPath virtPath: http://localhost:9000/plugins/onlyoffice-php/Storage/
getStoragePath result: /var/www/CLIENTS/DPWORLD/public/plugins/onlyoffice-php/Storage/BRUNO_VIADO_rev00.docx
getVirtualPath virtPath: http://localhost:9000/plugins/onlyoffice-php/Storage/
getStoragePath result: /var/www/CLIENTS/DPWORLD/public/plugins/onlyoffice-php/Storage/BRUNO_VIADO_rev00.docx
getVirtualPath virtPath: http://localhost:9000/plugins/onlyoffice-php/Storage/
getVirtualPath virtPath: http://localhost:9000/plugins/onlyoffice-php/Storage/
getStoragePath result: /var/www/CLIENTS/DPWORLD/public/plugins/onlyoffice-php/Storage/BRUNO_VIADO_rev00.docx
getVirtualPath virtPath: http://localhost:9000/plugins/onlyoffice-php/Storage/
getStoragePath result: /var/www/CLIENTS/DPWORLD/public/plugins/onlyoffice-php/Storage/BRUNO_VIADO_rev00.docx
getVirtualPath virtPath: http://localhost:9000/plugins/onlyoffice-php/Storage/
getVirtualPath virtPath: http://localhost:9000/plugins/onlyoffice-php/Storage/
getStoragePath result: /var/www/CLIENTS/DPWORLD/public/plugins/onlyoffice-php/Storage/BRUNO_VIADO_rev00.docx
getVirtualPath virtPath: http://localhost:9000/plugins/onlyoffice-php/Storage/
getStoragePath result: /var/www/CLIENTS/DPWORLD/public/plugins/onlyoffice-php/Storage/BRUNO_VIADO_rev00.docx
getVirtualPath virtPath: http://localhost:9000/plugins/onlyoffice-php/Storage/
getVirtualPath virtPath: http://localhost:9000/plugins/onlyoffice-php/Storage/
getStoragePath result: /var/www/CLIENTS/DPWORLD/public/plugins/onlyoffice-php/Storage/formularios/BRUNO_VIADO_rev00.docx
getVirtualPath virtPath: http://localhost:9000/plugins/onlyoffice-php/Storage/
getStoragePath result: /var/www/CLIENTS/DPWORLD/public/plugins/onlyoffice-php/Storage/formularios/BRUNO_VIADO_rev00.docx
getVirtualPath virtPath: http://localhost:9000/plugins/onlyoffice-php/Storage/
getVirtualPath virtPath: http://localhost:9000/plugins/onlyoffice-php/Storage/
getStoragePath result: /var/www/CLIENTS/DPWORLD/public/plugins/onlyoffice-php/Storage/BRUNO_VIADO_rev00.docx
getVirtualPath virtPath: http://localhost:9000/plugins/onlyoffice-php/Storage/
getStoragePath result: /var/www/CLIENTS/DPWORLD/public/plugins/onlyoffice-php/Storage/BRUNO_VIADO_rev00.docx
getVirtualPath virtPath: http://localhost:9000/plugins/onlyoffice-php/Storage/
getVirtualPath virtPath: http://localhost:9000/plugins/onlyoffice-php/Storage/
getStoragePath result: /var/www/CLIENTS/DPWORLD/public/plugins/onlyoffice-php/Storage/formularios/BRUNO_VIADO_rev00.docx
getVirtualPath virtPath: http://localhost:9000/plugins/onlyoffice-php/Storage/
getStoragePath result: /var/www/CLIENTS/DPWORLD/public/plugins/onlyoffice-php/Storage/formularios/BRUNO_VIADO_rev00.docx
getVirtualPath virtPath: http://localhost:9000/plugins/onlyoffice-php/Storage/
getVirtualPath virtPath: http://localhost:9000/plugins/onlyoffice-php/Storage/
getStoragePath result: /var/www/CLIENTS/DPWORLD/public/plugins/onlyoffice-php/Storage/formularios/BRUNO_VIADO_rev00.docx
getVirtualPath virtPath: http://localhost:9000/plugins/onlyoffice-php/Storage/
getStoragePath result: /var/www/CLIENTS/DPWORLD/public/plugins/onlyoffice-php/Storage/formularios/BRUNO_VIADO_rev00.docx
getVirtualPath virtPath: http://localhost:9000/plugins/onlyoffice-php/Storage/
getVirtualPath virtPath: http://localhost:9000/plugins/onlyoffice-php/Storage/
getStoragePath result: /var/www/CLIENTS/DPWORLD/public/plugins/onlyoffice-php/Storage/BRUNO_VIADO_rev00.docx
getVirtualPath virtPath: http://localhost:9000/plugins/onlyoffice-php/Storage/
getStoragePath result: /var/www/CLIENTS/DPWORLD/public/plugins/onlyoffice-php/Storage/BRUNO_VIADO_rev00.docx
getVirtualPath virtPath: http://localhost:9000/plugins/onlyoffice-php/Storage/
getVirtualPath virtPath: http://localhost:9000/plugins/onlyoffice-php/Storage/
getStoragePath result: /var/www/CLIENTS/DPWORLD/public/plugins/onlyoffice-php/Storage/formularios/BRUNO_VIADO_rev00.docx
getVirtualPath virtPath: http://localhost:9000/plugins/onlyoffice-php/Storage/
getStoragePath result: /var/www/CLIENTS/DPWORLD/public/plugins/onlyoffice-php/Storage/formularios/BRUNO_VIADO_rev00.docx
getVirtualPath virtPath: http://localhost:9000/plugins/onlyoffice-php/Storage/
getVirtualPath virtPath: http://localhost:9000/plugins/onlyoffice-php/Storage/
getStoragePath result: /var/www/CLIENTS/DPWORLD/public/plugins/onlyoffice-php/Storage/BRUNO_VIADO_rev00.docx
getVirtualPath virtPath: http://localhost:9000/plugins/onlyoffice-php/Storage/
getStoragePath result: /var/www/CLIENTS/DPWORLD/public/plugins/onlyoffice-php/Storage/BRUNO_VIADO_rev00.docx
getVirtualPath virtPath: http://localhost:9000/plugins/onlyoffice-php/Storage/
getVirtualPath virtPath: http://localhost:9000/plugins/onlyoffice-php/Storage/
getStoragePath result: /var/www/CLIENTS/DPWORLD/public/plugins/onlyoffice-php/Storage/BRUNO_VIADO_rev00.docx
getVirtualPath virtPath: http://localhost:9000/plugins/onlyoffice-php/Storage/
getStoragePath result: /var/www/CLIENTS/DPWORLD/public/plugins/onlyoffice-php/Storage/BRUNO_VIADO_rev00.docx
getVirtualPath virtPath: http://localhost:9000/plugins/onlyoffice-php/Storage/
getVirtualPath virtPath: http://localhost:9000/plugins/onlyoffice-php/Storage/
getStoragePath result: /var/www/CLIENTS/DPWORLD/public/plugins/onlyoffice-php/Storage/formularios/FR.xlsx
getVirtualPath virtPath: http://localhost:9000/plugins/onlyoffice-php/Storage/
getStoragePath result: /var/www/CLIENTS/DPWORLD/public/plugins/onlyoffice-php/Storage/formularios/FR.xlsx
getStoragePath result: /var/www/CLIENTS/DPWORLD/public/plugins/onlyoffice-php/Storage/BRUNO_VIADO_rev00.docx
getVirtualPath virtPath: http://localhost:9000/plugins/onlyoffice-php/Storage/
getVirtualPath virtPath: http://localhost:9000/plugins/onlyoffice-php/Storage/
getStoragePath result: /var/www/CLIENTS/DPWORLD/public/plugins/onlyoffice-php/Storage/BRUNO_VIADO_rev00.docx
getVirtualPath virtPath: http://localhost:9000/plugins/onlyoffice-php/Storage/
getStoragePath result: /var/www/CLIENTS/DPWORLD/public/plugins/onlyoffice-php/Storage/BRUNO_VIADO_rev00.docx
getVirtualPath virtPath: http://localhost:9000/plugins/onlyoffice-php/Storage/
getVirtualPath virtPath: http://localhost:9000/plugins/onlyoffice-php/Storage/
getStoragePath result: /var/www/CLIENTS/DPWORLD/public/plugins/onlyoffice-php/Storage/formularios/FR.xlsx
getVirtualPath virtPath: http://localhost:9000/plugins/onlyoffice-php/Storage/
getStoragePath result: /var/www/CLIENTS/DPWORLD/public/plugins/onlyoffice-php/Storage/formularios/FR.xlsx
getVirtualPath virtPath: http://localhost:9000/plugins/onlyoffice-php/Storage/
getVirtualPath virtPath: http://localhost:9000/plugins/onlyoffice-php/Storage/
getStoragePath result: /var/www/CLIENTS/DPWORLD/public/plugins/onlyoffice-php/Storage/PGG.docx
getVirtualPath virtPath: http://localhost:9000/plugins/onlyoffice-php/Storage/
getStoragePath result: /var/www/CLIENTS/DPWORLD/public/plugins/onlyoffice-php/Storage/PGG.docx
getVirtualPath virtPath: http://localhost:9000/plugins/onlyoffice-php/Storage/
getVirtualPath virtPath: http://localhost:9000/plugins/onlyoffice-php/Storage/
getStoragePath result: /var/www/CLIENTS/DPWORLD/public/plugins/onlyoffice-php/Storage/NEW_IT.docx
getVirtualPath virtPath: http://localhost:9000/plugins/onlyoffice-php/Storage/
getStoragePath result: /var/www/CLIENTS/DPWORLD/public/plugins/onlyoffice-php/Storage/NEW_IT.docx
getVirtualPath virtPath: http://localhost:9000/plugins/onlyoffice-php/Storage/
getVirtualPath virtPath: http://localhost:9000/plugins/onlyoffice-php/Storage/
getStoragePath result: /var/www/CLIENTS/DPWORLD/public/plugins/onlyoffice-php/Storage/NEW_IT.docx
getVirtualPath virtPath: http://localhost:9000/plugins/onlyoffice-php/Storage/
getStoragePath result: /var/www/CLIENTS/DPWORLD/public/plugins/onlyoffice-php/Storage/NEW_IT.docx
getStoragePath result: /var/www/CLIENTS/DPWORLD/public/plugins/onlyoffice-php/Storage/NEW_IT.docx
getVirtualPath virtPath: http://localhost:9000/plugins/onlyoffice-php/Storage/
getVirtualPath virtPath: http://localhost:9000/plugins/onlyoffice-php/Storage/
getStoragePath result: /var/www/CLIENTS/DPWORLD/public/plugins/onlyoffice-php/Storage/NEW_IT.docx
getVirtualPath virtPath: http://localhost:9000/plugins/onlyoffice-php/Storage/
getStoragePath result: /var/www/CLIENTS/DPWORLD/public/plugins/onlyoffice-php/Storage/NEW_IT.docx
getVirtualPath virtPath: http://localhost:9000/plugins/onlyoffice-php/Storage/
getVirtualPath virtPath: http://localhost:9000/plugins/onlyoffice-php/Storage/
getStoragePath result: /var/www/CLIENTS/DPWORLD/public/plugins/onlyoffice-php/Storage/formularios/FORMULARIO_1.docx
getVirtualPath virtPath: http://localhost:9000/plugins/onlyoffice-php/Storage/
getStoragePath result: /var/www/CLIENTS/DPWORLD/public/plugins/onlyoffice-php/Storage/formularios/FORMULARIO_1.docx
getVirtualPath virtPath: http://localhost:9000/plugins/onlyoffice-php/Storage/
getVirtualPath virtPath: http://localhost:9000/plugins/onlyoffice-php/Storage/
getStoragePath result: /var/www/CLIENTS/DPWORLD/public/plugins/onlyoffice-php/Storage/JOAO_VIADO.docx
getVirtualPath virtPath: http://localhost:9000/plugins/onlyoffice-php/Storage/
getStoragePath result: /var/www/CLIENTS/DPWORLD/public/plugins/onlyoffice-php/Storage/JOAO_VIADO.docx
getVirtualPath virtPath: http://localhost:9000/plugins/onlyoffice-php/Storage/
getVirtualPath virtPath: http://localhost:9000/plugins/onlyoffice-php/Storage/
getStoragePath result: /var/www/CLIENTS/DPWORLD/public/plugins/onlyoffice-php/Storage/formularios/FORMULARIO_1.docx
getVirtualPath virtPath: http://localhost:9000/plugins/onlyoffice-php/Storage/
getStoragePath result: /var/www/CLIENTS/DPWORLD/public/plugins/onlyoffice-php/Storage/formularios/FORMULARIO_1.docx
getVirtualPath virtPath: http://localhost:9000/plugins/onlyoffice-php/Storage/
getVirtualPath virtPath: http://localhost:9000/plugins/onlyoffice-php/Storage/
getStoragePath result: /var/www/CLIENTS/DPWORLD/public/plugins/onlyoffice-php/Storage/TESTE_rev00.docx
getVirtualPath virtPath: http://localhost:9000/plugins/onlyoffice-php/Storage/
getStoragePath result: /var/www/CLIENTS/DPWORLD/public/plugins/onlyoffice-php/Storage/TESTE_rev00.docx
getVirtualPath virtPath: http://localhost:9000/plugins/onlyoffice-php/Storage/
getVirtualPath virtPath: http://localhost:9000/plugins/onlyoffice-php/Storage/
getStoragePath result: /var/www/CLIENTS/DPWORLD/public/plugins/onlyoffice-php/Storage/TESTE_rev00.docx
getVirtualPath virtPath: http://localhost:9000/plugins/onlyoffice-php/Storage/
getStoragePath result: /var/www/CLIENTS/DPWORLD/public/plugins/onlyoffice-php/Storage/TESTE_rev00.docx
getVirtualPath virtPath: http://localhost:9000/plugins/onlyoffice-php/Storage/
getVirtualPath virtPath: http://localhost:9000/plugins/onlyoffice-php/Storage/
getStoragePath result: /var/www/CLIENTS/DPWORLD/public/plugins/onlyoffice-php/Storage/TESTE_rev00.docx
getVirtualPath virtPath: http://localhost:9000/plugins/onlyoffice-php/Storage/
getStoragePath result: /var/www/CLIENTS/DPWORLD/public/plugins/onlyoffice-php/Storage/TESTE_rev00.docx
getVirtualPath virtPath: http://localhost:9000/plugins/onlyoffice-php/Storage/
getVirtualPath virtPath: http://localhost:9000/plugins/onlyoffice-php/Storage/
getStoragePath result: /var/www/CLIENTS/DPWORLD/public/plugins/onlyoffice-php/Storage/TESTE_rev00.docx
getVirtualPath virtPath: http://localhost:9000/plugins/onlyoffice-php/Storage/
getStoragePath result: /var/www/CLIENTS/DPWORLD/public/plugins/onlyoffice-php/Storage/TESTE_rev00.docx
getVirtualPath virtPath: http://localhost:9000/plugins/onlyoffice-php/Storage/
getVirtualPath virtPath: http://localhost:9000/plugins/onlyoffice-php/Storage/
getStoragePath result: /var/www/CLIENTS/DPWORLD/public/plugins/onlyoffice-php/Storage/TESTE_rev00.docx
getVirtualPath virtPath: http://localhost:9000/plugins/onlyoffice-php/Storage/
getStoragePath result: /var/www/CLIENTS/DPWORLD/public/plugins/onlyoffice-php/Storage/TESTE_rev00.docx
getVirtualPath virtPath: http://localhost:9000/plugins/onlyoffice-php/Storage/
getVirtualPath virtPath: http://localhost:9000/plugins/onlyoffice-php/Storage/
getStoragePath result: /var/www/CLIENTS/DPWORLD/public/plugins/onlyoffice-php/Storage/TESTE_rev00.docx
getVirtualPath virtPath: http://localhost:9000/plugins/onlyoffice-php/Storage/
getStoragePath result: /var/www/CLIENTS/DPWORLD/public/plugins/onlyoffice-php/Storage/TESTE_rev00.docx
getVirtualPath virtPath: http://localhost:9000/plugins/onlyoffice-php/Storage/
getVirtualPath virtPath: http://localhost:9000/plugins/onlyoffice-php/Storage/
getStoragePath result: /var/www/CLIENTS/DPWORLD/public/plugins/onlyoffice-php/Storage/TESTE_rev00.docx
getVirtualPath virtPath: http://localhost:9000/plugins/onlyoffice-php/Storage/
getStoragePath result: /var/www/CLIENTS/DPWORLD/public/plugins/onlyoffice-php/Storage/TESTE_rev00.docx
getVirtualPath virtPath: http://localhost:9000/plugins/onlyoffice-php/Storage/
getVirtualPath virtPath: http://localhost:9000/plugins/onlyoffice-php/Storage/
getStoragePath result: /var/www/CLIENTS/DPWORLD/public/plugins/onlyoffice-php/Storage/formularios/FORMULARIO_1.docx
getVirtualPath virtPath: http://localhost:9000/plugins/onlyoffice-php/Storage/
getStoragePath result: /var/www/CLIENTS/DPWORLD/public/plugins/onlyoffice-php/Storage/formularios/FORMULARIO_1.docx
getStoragePath result: /var/www/CLIENTS/DPWORLD/public/plugins/onlyoffice-php/Storage/TESTE_rev00.docx
getVirtualPath virtPath: http://localhost:9000/plugins/onlyoffice-php/Storage/
getVirtualPath virtPath: http://localhost:9000/plugins/onlyoffice-php/Storage/
getStoragePath result: /var/www/CLIENTS/DPWORLD/public/plugins/onlyoffice-php/Storage/TESTE_rev00.docx
getVirtualPath virtPath: http://localhost:9000/plugins/onlyoffice-php/Storage/
getStoragePath result: /var/www/CLIENTS/DPWORLD/public/plugins/onlyoffice-php/Storage/TESTE_rev00.docx
getVirtualPath virtPath: http://localhost:9000/plugins/onlyoffice-php/Storage/
getVirtualPath virtPath: http://localhost:9000/plugins/onlyoffice-php/Storage/
getStoragePath result: /var/www/CLIENTS/DPWORLD/public/plugins/onlyoffice-php/Storage/NEW_CREATE_DG.docx
getVirtualPath virtPath: http://localhost:9000/plugins/onlyoffice-php/Storage/
getStoragePath result: /var/www/CLIENTS/DPWORLD/public/plugins/onlyoffice-php/Storage/NEW_CREATE_DG.docx
