a:1:{s:4:"type";s:6:"upload";}
a:3:{s:4:"type";s:7:"convert";s:8:"filename";s:15:"Correções.doc";s:7:"fileUri";s:0:"";}
a:3:{s:4:"type";s:5:"track";s:8:"fileName";s:12:"new (4).docx";s:11:"userAddress";s:3:"__1";}
Track START
_GET params: a:3:{s:4:"type";s:5:"track";s:8:"fileName";s:12:"new (4).docx";s:11:"userAddress";s:3:"__1";}
InputStream data: a:4:{s:3:"key";s:10:"3445081222";s:6:"status";i:1;s:5:"users";a:1:{i:0;s:1:"0";}s:7:"actions";a:1:{i:0;a:2:{s:4:"type";i:1;s:6:"userid";s:1:"0";}}}
track result: a:1:{s:5:"error";i:0;}
a:3:{s:4:"type";s:5:"track";s:8:"fileName";s:12:"new (4).docx";s:11:"userAddress";s:3:"__1";}
Track START
_GET params: a:3:{s:4:"type";s:5:"track";s:8:"fileName";s:12:"new (4).docx";s:11:"userAddress";s:3:"__1";}
InputStream data: a:9:{s:3:"key";s:10:"3445081222";s:6:"status";i:2;s:3:"url";s:163:"http://documentserver/cache/files/3445081222_1509/output.docx/output.docx?md5=jU0oCzZo_DnDDxy5w4EYdg==&expires=1535394314&disposition=attachment&ooname=output.docx";s:10:"changesurl";s:162:"http://documentserver/cache/files/3445081222_1509/changes.zip/changes.zip?md5=g34_RKrtxb4GV7eKVnnzdw==&expires=1535394314&disposition=attachment&ooname=output.zip";s:7:"history";a:2:{s:13:"serverVersion";s:5:"5.1.5";s:7:"changes";a:1:{i:0;a:2:{s:7:"created";s:19:"2018-08-27 14:58:08";s:4:"user";a:2:{s:2:"id";s:1:"0";s:4:"name";s:10:"Jonn Smith";}}}}s:5:"users";a:1:{i:0;s:1:"0";}s:7:"actions";a:1:{i:0;a:2:{s:4:"type";i:0;s:6:"userid";s:1:"0";}}s:8:"lastsave";s:24:"2018-08-27T14:58:08.246Z";s:11:"notmodified";b:0;}
track result: a:3:{s:5:"error";i:0;s:1:"c";s:5:"saved";s:6:"status";i:1;}
a:1:{s:4:"type";s:6:"upload";}
a:3:{s:4:"type";s:5:"track";s:8:"fileName";s:67:"IT-MAN-013 - Substituição de Spreaders - 21.08.2016 - Rev.01.docx";s:11:"userAddress";s:3:"__1";}
Track START
_GET params: a:3:{s:4:"type";s:5:"track";s:8:"fileName";s:67:"IT-MAN-013 - Substituição de Spreaders - 21.08.2016 - Rev.01.docx";s:11:"userAddress";s:3:"__1";}
InputStream data: a:4:{s:3:"key";s:10:"2101025277";s:6:"status";i:1;s:5:"users";a:1:{i:0;s:1:"0";}s:7:"actions";a:1:{i:0;a:2:{s:4:"type";i:1;s:6:"userid";s:1:"0";}}}
track result: a:1:{s:5:"error";i:0;}
a:3:{s:4:"type";s:5:"track";s:8:"fileName";s:67:"IT-MAN-013 - Substituição de Spreaders - 21.08.2016 - Rev.01.docx";s:11:"userAddress";s:3:"__1";}
Track START
_GET params: a:3:{s:4:"type";s:5:"track";s:8:"fileName";s:67:"IT-MAN-013 - Substituição de Spreaders - 21.08.2016 - Rev.01.docx";s:11:"userAddress";s:3:"__1";}
InputStream data: a:4:{s:3:"key";s:10:"2101025277";s:6:"status";i:1;s:5:"users";a:1:{i:0;s:1:"0";}s:7:"actions";a:1:{i:0;a:2:{s:4:"type";i:1;s:6:"userid";s:1:"0";}}}
track result: a:1:{s:5:"error";i:0;}
a:3:{s:4:"type";s:5:"track";s:8:"fileName";s:67:"IT-MAN-013 - Substituição de Spreaders - 21.08.2016 - Rev.01.docx";s:11:"userAddress";s:3:"__1";}
Track START
_GET params: a:3:{s:4:"type";s:5:"track";s:8:"fileName";s:67:"IT-MAN-013 - Substituição de Spreaders - 21.08.2016 - Rev.01.docx";s:11:"userAddress";s:3:"__1";}
InputStream data: a:4:{s:3:"key";s:10:"2101025277";s:6:"status";i:1;s:5:"users";a:1:{i:0;s:1:"0";}s:7:"actions";a:1:{i:0;a:2:{s:4:"type";i:1;s:6:"userid";s:1:"0";}}}
track result: a:1:{s:5:"error";i:0;}
a:3:{s:4:"type";s:5:"track";s:8:"fileName";s:67:"IT-MAN-013 - Substituição de Spreaders - 21.08.2016 - Rev.01.docx";s:11:"userAddress";s:3:"__1";}
Track START
_GET params: a:3:{s:4:"type";s:5:"track";s:8:"fileName";s:67:"IT-MAN-013 - Substituição de Spreaders - 21.08.2016 - Rev.01.docx";s:11:"userAddress";s:3:"__1";}
InputStream data: a:4:{s:3:"key";s:10:"2101025277";s:6:"status";i:1;s:5:"users";a:1:{i:0;s:1:"0";}s:7:"actions";a:1:{i:0;a:2:{s:4:"type";i:1;s:6:"userid";s:1:"0";}}}
track result: a:1:{s:5:"error";i:0;}
a:3:{s:4:"type";s:5:"track";s:8:"fileName";s:67:"IT-MAN-013 - Substituição de Spreaders - 21.08.2016 - Rev.01.docx";s:11:"userAddress";s:3:"__1";}
Track START
_GET params: a:3:{s:4:"type";s:5:"track";s:8:"fileName";s:67:"IT-MAN-013 - Substituição de Spreaders - 21.08.2016 - Rev.01.docx";s:11:"userAddress";s:3:"__1";}
InputStream data: a:3:{s:3:"key";s:10:"2101025277";s:6:"status";i:4;s:7:"actions";a:1:{i:0;a:2:{s:4:"type";i:0;s:6:"userid";s:1:"0";}}}
track result: a:1:{s:5:"error";i:0;}
a:2:{s:4:"type";s:6:"delete";s:8:"fileName";s:67:"IT-MAN-013 - Substituição de Spreaders - 21.08.2016 - Rev.01.docx";}
a:2:{s:4:"type";s:6:"delete";s:8:"fileName";s:12:"new (4).docx";}
a:1:{s:4:"type";s:6:"upload";}
a:1:{s:4:"type";s:6:"upload";}
a:1:{s:4:"type";s:6:"upload";}
a:3:{s:4:"type";s:7:"convert";s:8:"filename";s:29:"Requisitos_Aplicação_RH.doc";s:7:"fileUri";s:0:"";}
a:1:{s:4:"type";s:6:"upload";}
a:2:{s:4:"type";s:6:"delete";s:8:"fileName";s:12:"new (4).docx";}
a:2:{s:4:"type";s:6:"delete";s:8:"fileName";s:9:"demo.docx";}
a:2:{s:4:"type";s:6:"delete";s:8:"fileName";s:12:"new (3).docx";}
a:2:{s:4:"type";s:6:"delete";s:8:"fileName";s:12:"new (2).docx";}
a:2:{s:4:"type";s:6:"delete";s:8:"fileName";s:15:"Correções.doc";}
a:2:{s:4:"type";s:6:"delete";s:8:"fileName";s:12:"new (1).docx";}
a:2:{s:4:"type";s:6:"delete";s:8:"fileName";s:8:"new.docx";}
a:1:{s:4:"type";s:6:"upload";}
a:3:{s:4:"type";s:5:"track";s:8:"fileName";s:59:"FR-PeO-004_-_Lista_de_Presença_-_11_08_2014_-_Rev__01.docx";s:11:"userAddress";s:3:"__1";}
Track START
_GET params: a:3:{s:4:"type";s:5:"track";s:8:"fileName";s:59:"FR-PeO-004_-_Lista_de_Presença_-_11_08_2014_-_Rev__01.docx";s:11:"userAddress";s:3:"__1";}
InputStream data: a:4:{s:3:"key";s:10:"3982073808";s:6:"status";i:1;s:5:"users";a:1:{i:0;s:1:"0";}s:7:"actions";a:1:{i:0;a:2:{s:4:"type";i:1;s:6:"userid";s:1:"0";}}}
track result: a:1:{s:5:"error";i:0;}
a:3:{s:4:"type";s:5:"track";s:8:"fileName";s:59:"FR-PeO-004_-_Lista_de_Presença_-_11_08_2014_-_Rev__01.docx";s:11:"userAddress";s:3:"__1";}
Track START
_GET params: a:3:{s:4:"type";s:5:"track";s:8:"fileName";s:59:"FR-PeO-004_-_Lista_de_Presença_-_11_08_2014_-_Rev__01.docx";s:11:"userAddress";s:3:"__1";}
InputStream data: a:4:{s:3:"key";s:10:"1075904623";s:6:"status";i:1;s:5:"users";a:1:{i:0;s:1:"0";}s:7:"actions";a:1:{i:0;a:2:{s:4:"type";i:1;s:6:"userid";s:1:"0";}}}
track result: a:1:{s:5:"error";i:0;}
a:3:{s:4:"type";s:5:"track";s:8:"fileName";s:49:"MODELO_DG_-_DP_World_Santos__Ver_-_final (1).docx";s:11:"userAddress";s:3:"__1";}
Track START
_GET params: a:3:{s:4:"type";s:5:"track";s:8:"fileName";s:49:"MODELO_DG_-_DP_World_Santos__Ver_-_final (1).docx";s:11:"userAddress";s:3:"__1";}
InputStream data: a:4:{s:3:"key";s:10:"2465276532";s:6:"status";i:1;s:5:"users";a:1:{i:0;s:1:"0";}s:7:"actions";a:1:{i:0;a:2:{s:4:"type";i:1;s:6:"userid";s:1:"0";}}}
track result: a:1:{s:5:"error";i:0;}
a:3:{s:4:"type";s:5:"track";s:8:"fileName";s:49:"MODELO_DG_-_DP_World_Santos__Ver_-_final (1).docx";s:11:"userAddress";s:3:"__1";}
Track START
_GET params: a:3:{s:4:"type";s:5:"track";s:8:"fileName";s:49:"MODELO_DG_-_DP_World_Santos__Ver_-_final (1).docx";s:11:"userAddress";s:3:"__1";}
InputStream data: a:4:{s:3:"key";s:10:"2465276532";s:6:"status";i:1;s:5:"users";a:1:{i:0;s:1:"0";}s:7:"actions";a:1:{i:0;a:2:{s:4:"type";i:1;s:6:"userid";s:1:"0";}}}
track result: a:1:{s:5:"error";i:0;}
a:1:{s:4:"type";s:6:"upload";}
a:3:{s:4:"type";s:5:"track";s:8:"fileName";s:75:"PG-03 Gestão de Saúde e Segurança do Trabalho - 11.10.2017 - Rev.04.docx";s:11:"userAddress";s:3:"__1";}
Track START
_GET params: a:3:{s:4:"type";s:5:"track";s:8:"fileName";s:75:"PG-03 Gestão de Saúde e Segurança do Trabalho - 11.10.2017 - Rev.04.docx";s:11:"userAddress";s:3:"__1";}
InputStream data: a:4:{s:3:"key";s:10:"4191864471";s:6:"status";i:1;s:5:"users";a:1:{i:0;s:1:"0";}s:7:"actions";a:1:{i:0;a:2:{s:4:"type";i:1;s:6:"userid";s:1:"0";}}}
track result: a:1:{s:5:"error";i:0;}
a:3:{s:4:"type";s:5:"track";s:8:"fileName";s:75:"PG-03 Gestão de Saúde e Segurança do Trabalho - 11.10.2017 - Rev.04.docx";s:11:"userAddress";s:3:"__1";}
Track START
_GET params: a:3:{s:4:"type";s:5:"track";s:8:"fileName";s:75:"PG-03 Gestão de Saúde e Segurança do Trabalho - 11.10.2017 - Rev.04.docx";s:11:"userAddress";s:3:"__1";}
InputStream data: a:4:{s:3:"key";s:10:"1429673674";s:6:"status";i:1;s:5:"users";a:1:{i:0;s:1:"0";}s:7:"actions";a:1:{i:0;a:2:{s:4:"type";i:1;s:6:"userid";s:1:"0";}}}
track result: a:1:{s:5:"error";i:0;}
a:3:{s:4:"type";s:5:"track";s:8:"fileName";s:75:"PG-03 Gestão de Saúde e Segurança do Trabalho - 11.10.2017 - Rev.04.docx";s:11:"userAddress";s:3:"__1";}
Track START
_GET params: a:3:{s:4:"type";s:5:"track";s:8:"fileName";s:75:"PG-03 Gestão de Saúde e Segurança do Trabalho - 11.10.2017 - Rev.04.docx";s:11:"userAddress";s:3:"__1";}
InputStream data: a:3:{s:3:"key";s:10:"1429673674";s:6:"status";i:4;s:7:"actions";a:1:{i:0;a:2:{s:4:"type";i:0;s:6:"userid";s:1:"0";}}}
track result: a:1:{s:5:"error";i:0;}
a:3:{s:4:"type";s:5:"track";s:8:"fileName";s:75:"PG-03 Gestão de Saúde e Segurança do Trabalho - 11.10.2017 - Rev.04.docx";s:11:"userAddress";s:3:"__1";}
Track START
_GET params: a:3:{s:4:"type";s:5:"track";s:8:"fileName";s:75:"PG-03 Gestão de Saúde e Segurança do Trabalho - 11.10.2017 - Rev.04.docx";s:11:"userAddress";s:3:"__1";}
InputStream data: a:4:{s:3:"key";s:10:"1429673674";s:6:"status";i:1;s:5:"users";a:1:{i:0;s:1:"0";}s:7:"actions";a:1:{i:0;a:2:{s:4:"type";i:1;s:6:"userid";s:1:"0";}}}
track result: a:1:{s:5:"error";i:0;}
a:3:{s:4:"type";s:5:"track";s:8:"fileName";s:75:"PG-03 Gestão de Saúde e Segurança do Trabalho - 11.10.2017 - Rev.04.docx";s:11:"userAddress";s:3:"__1";}
Track START
_GET params: a:3:{s:4:"type";s:5:"track";s:8:"fileName";s:75:"PG-03 Gestão de Saúde e Segurança do Trabalho - 11.10.2017 - Rev.04.docx";s:11:"userAddress";s:3:"__1";}
InputStream data: a:3:{s:3:"key";s:10:"1429673674";s:6:"status";i:4;s:7:"actions";a:1:{i:0;a:2:{s:4:"type";i:0;s:6:"userid";s:1:"0";}}}
track result: a:1:{s:5:"error";i:0;}
a:3:{s:4:"type";s:5:"track";s:8:"fileName";s:75:"PG-03 Gestão de Saúde e Segurança do Trabalho - 11.10.2017 - Rev.04.docx";s:11:"userAddress";s:3:"__1";}
Track START
_GET params: a:3:{s:4:"type";s:5:"track";s:8:"fileName";s:75:"PG-03 Gestão de Saúde e Segurança do Trabalho - 11.10.2017 - Rev.04.docx";s:11:"userAddress";s:3:"__1";}
InputStream data: a:4:{s:3:"key";s:10:"1429673674";s:6:"status";i:1;s:5:"users";a:1:{i:0;s:1:"0";}s:7:"actions";a:1:{i:0;a:2:{s:4:"type";i:1;s:6:"userid";s:1:"0";}}}
track result: a:1:{s:5:"error";i:0;}
a:1:{s:4:"type";s:6:"upload";}
a:3:{s:4:"type";s:5:"track";s:8:"fileName";s:84:"IT-FIN-006 - Faturamento de Cliente com Crédito à vista - 21.06.2016 - Rev.04.docx";s:11:"userAddress";s:3:"__1";}
Track START
_GET params: a:3:{s:4:"type";s:5:"track";s:8:"fileName";s:84:"IT-FIN-006 - Faturamento de Cliente com Crédito à vista - 21.06.2016 - Rev.04.docx";s:11:"userAddress";s:3:"__1";}
InputStream data: a:4:{s:3:"key";s:10:"2090664328";s:6:"status";i:1;s:5:"users";a:1:{i:0;s:1:"0";}s:7:"actions";a:1:{i:0;a:2:{s:4:"type";i:1;s:6:"userid";s:1:"0";}}}
track result: a:1:{s:5:"error";i:0;}
a:3:{s:4:"type";s:5:"track";s:8:"fileName";s:84:"IT-FIN-006 - Faturamento de Cliente com Crédito à vista - 21.06.2016 - Rev.04.docx";s:11:"userAddress";s:3:"__1";}
Track START
_GET params: a:3:{s:4:"type";s:5:"track";s:8:"fileName";s:84:"IT-FIN-006 - Faturamento de Cliente com Crédito à vista - 21.06.2016 - Rev.04.docx";s:11:"userAddress";s:3:"__1";}
InputStream data: a:4:{s:3:"key";s:10:"4096526488";s:6:"status";i:1;s:5:"users";a:1:{i:0;s:1:"0";}s:7:"actions";a:1:{i:0;a:2:{s:4:"type";i:1;s:6:"userid";s:1:"0";}}}
track result: a:1:{s:5:"error";i:0;}
a:3:{s:4:"type";s:5:"track";s:8:"fileName";s:75:"PG-03 Gestão de Saúde e Segurança do Trabalho - 11.10.2017 - Rev.04.docx";s:11:"userAddress";s:3:"__1";}
Track START
_GET params: a:3:{s:4:"type";s:5:"track";s:8:"fileName";s:75:"PG-03 Gestão de Saúde e Segurança do Trabalho - 11.10.2017 - Rev.04.docx";s:11:"userAddress";s:3:"__1";}
InputStream data: a:3:{s:3:"key";s:10:"1429673674";s:6:"status";i:4;s:7:"actions";a:1:{i:0;a:2:{s:4:"type";i:0;s:6:"userid";s:1:"0";}}}
track result: a:1:{s:5:"error";i:0;}
a:3:{s:4:"type";s:5:"track";s:8:"fileName";s:84:"IT-FIN-006 - Faturamento de Cliente com Crédito à vista - 21.06.2016 - Rev.04.docx";s:11:"userAddress";s:3:"__1";}
Track START
_GET params: a:3:{s:4:"type";s:5:"track";s:8:"fileName";s:84:"IT-FIN-006 - Faturamento de Cliente com Crédito à vista - 21.06.2016 - Rev.04.docx";s:11:"userAddress";s:3:"__1";}
InputStream data: a:9:{s:3:"key";s:10:"4096526488";s:6:"status";i:2;s:3:"url";s:163:"http://documentserver/cache/files/4096526488_3559/output.docx/output.docx?md5=v5OkwblPu7mqKeYGxehTUw==&expires=1535396390&disposition=attachment&ooname=output.docx";s:10:"changesurl";s:162:"http://documentserver/cache/files/4096526488_3559/changes.zip/changes.zip?md5=ahccBvPbmLxFYXtEjY9NxA==&expires=1535396390&disposition=attachment&ooname=output.zip";s:7:"history";a:2:{s:13:"serverVersion";s:5:"5.1.5";s:7:"changes";a:1:{i:0;a:2:{s:7:"created";s:19:"2018-08-27 18:44:04";s:4:"user";a:2:{s:2:"id";s:1:"0";s:4:"name";s:10:"Jonn Smith";}}}}s:5:"users";a:1:{i:0;s:1:"0";}s:7:"actions";a:1:{i:0;a:2:{s:4:"type";i:0;s:6:"userid";s:1:"0";}}s:8:"lastsave";s:24:"2018-08-27T18:44:26.846Z";s:11:"notmodified";b:0;}
track result: a:3:{s:5:"error";i:0;s:1:"c";s:5:"saved";s:6:"status";i:1;}
a:3:{s:4:"type";s:5:"track";s:8:"fileName";s:84:"IT-FIN-006 - Faturamento de Cliente com Crédito à vista - 21.06.2016 - Rev.04.docx";s:11:"userAddress";s:3:"__1";}
Track START
_GET params: a:3:{s:4:"type";s:5:"track";s:8:"fileName";s:84:"IT-FIN-006 - Faturamento de Cliente com Crédito à vista - 21.06.2016 - Rev.04.docx";s:11:"userAddress";s:3:"__1";}
InputStream data: a:4:{s:3:"key";s:10:"4266265538";s:6:"status";i:1;s:5:"users";a:1:{i:0;s:1:"0";}s:7:"actions";a:1:{i:0;a:2:{s:4:"type";i:1;s:6:"userid";s:1:"0";}}}
track result: a:1:{s:5:"error";i:0;}
a:3:{s:4:"type";s:5:"track";s:8:"fileName";s:84:"IT-FIN-006 - Faturamento de Cliente com Crédito à vista - 21.06.2016 - Rev.04.docx";s:11:"userAddress";s:3:"__1";}
Track START
_GET params: a:3:{s:4:"type";s:5:"track";s:8:"fileName";s:84:"IT-FIN-006 - Faturamento de Cliente com Crédito à vista - 21.06.2016 - Rev.04.docx";s:11:"userAddress";s:3:"__1";}
InputStream data: a:4:{s:3:"key";s:10:"4096526488";s:6:"status";i:1;s:5:"users";a:1:{i:0;s:1:"0";}s:7:"actions";a:1:{i:0;a:2:{s:4:"type";i:1;s:6:"userid";s:1:"0";}}}
track result: a:1:{s:5:"error";i:0;}
a:3:{s:4:"type";s:5:"track";s:8:"fileName";s:84:"IT-FIN-006 - Faturamento de Cliente com Crédito à vista - 21.06.2016 - Rev.04.docx";s:11:"userAddress";s:3:"__1";}
Track START
_GET params: a:3:{s:4:"type";s:5:"track";s:8:"fileName";s:84:"IT-FIN-006 - Faturamento de Cliente com Crédito à vista - 21.06.2016 - Rev.04.docx";s:11:"userAddress";s:3:"__1";}
InputStream data: a:3:{s:3:"key";s:10:"4096526488";s:6:"status";i:4;s:7:"actions";a:1:{i:0;a:2:{s:4:"type";i:0;s:6:"userid";s:1:"0";}}}
track result: a:1:{s:5:"error";i:0;}
a:3:{s:4:"type";s:5:"track";s:8:"fileName";s:84:"IT-FIN-006 - Faturamento de Cliente com Crédito à vista - 21.06.2016 - Rev.04.docx";s:11:"userAddress";s:3:"__1";}
Track START
_GET params: a:3:{s:4:"type";s:5:"track";s:8:"fileName";s:84:"IT-FIN-006 - Faturamento de Cliente com Crédito à vista - 21.06.2016 - Rev.04.docx";s:11:"userAddress";s:3:"__1";}
InputStream data: a:4:{s:3:"key";s:10:"4096526488";s:6:"status";i:1;s:5:"users";a:1:{i:0;s:1:"0";}s:7:"actions";a:1:{i:0;a:2:{s:4:"type";i:1;s:6:"userid";s:1:"0";}}}
track result: a:1:{s:5:"error";i:0;}
a:3:{s:4:"type";s:5:"track";s:8:"fileName";s:84:"IT-FIN-006 - Faturamento de Cliente com Crédito à vista - 21.06.2016 - Rev.04.docx";s:11:"userAddress";s:3:"__1";}
Track START
_GET params: a:3:{s:4:"type";s:5:"track";s:8:"fileName";s:84:"IT-FIN-006 - Faturamento de Cliente com Crédito à vista - 21.06.2016 - Rev.04.docx";s:11:"userAddress";s:3:"__1";}
InputStream data: a:3:{s:3:"key";s:10:"4096526488";s:6:"status";i:4;s:7:"actions";a:1:{i:0;a:2:{s:4:"type";i:0;s:6:"userid";s:1:"0";}}}
track result: a:1:{s:5:"error";i:0;}
a:3:{s:4:"type";s:5:"track";s:8:"fileName";s:84:"IT-FIN-006 - Faturamento de Cliente com Crédito à vista - 21.06.2016 - Rev.04.docx";s:11:"userAddress";s:3:"__1";}
Track START
_GET params: a:3:{s:4:"type";s:5:"track";s:8:"fileName";s:84:"IT-FIN-006 - Faturamento de Cliente com Crédito à vista - 21.06.2016 - Rev.04.docx";s:11:"userAddress";s:3:"__1";}
InputStream data: a:4:{s:3:"key";s:10:"4096526488";s:6:"status";i:1;s:5:"users";a:1:{i:0;s:1:"0";}s:7:"actions";a:1:{i:0;a:2:{s:4:"type";i:1;s:6:"userid";s:1:"0";}}}
track result: a:1:{s:5:"error";i:0;}
a:1:{s:4:"type";s:6:"upload";}
a:3:{s:4:"type";s:7:"convert";s:8:"filename";s:28:"103 - DC Jlle São João.xls";s:7:"fileUri";s:0:"";}
a:3:{s:4:"type";s:5:"track";s:8:"fileName";s:84:"IT-FIN-006 - Faturamento de Cliente com Crédito à vista - 21.06.2016 - Rev.04.docx";s:11:"userAddress";s:3:"__1";}
Track START
_GET params: a:3:{s:4:"type";s:5:"track";s:8:"fileName";s:84:"IT-FIN-006 - Faturamento de Cliente com Crédito à vista - 21.06.2016 - Rev.04.docx";s:11:"userAddress";s:3:"__1";}
InputStream data: a:3:{s:3:"key";s:10:"4096526488";s:6:"status";i:4;s:7:"actions";a:1:{i:0;a:2:{s:4:"type";i:0;s:6:"userid";s:1:"0";}}}
track result: a:1:{s:5:"error";i:0;}
a:3:{s:4:"type";s:5:"track";s:8:"fileName";s:84:"IT-FIN-006 - Faturamento de Cliente com Crédito à vista - 21.06.2016 - Rev.04.docx";s:11:"userAddress";s:3:"__1";}
Track START
_GET params: a:3:{s:4:"type";s:5:"track";s:8:"fileName";s:84:"IT-FIN-006 - Faturamento de Cliente com Crédito à vista - 21.06.2016 - Rev.04.docx";s:11:"userAddress";s:3:"__1";}
InputStream data: a:4:{s:3:"key";s:10:"4096526488";s:6:"status";i:1;s:5:"users";a:1:{i:0;s:1:"0";}s:7:"actions";a:1:{i:0;a:2:{s:4:"type";i:1;s:6:"userid";s:1:"0";}}}
track result: a:1:{s:5:"error";i:0;}
a:3:{s:4:"type";s:5:"track";s:8:"fileName";s:84:"IT-FIN-006 - Faturamento de Cliente com Crédito à vista - 21.06.2016 - Rev.04.docx";s:11:"userAddress";s:3:"__1";}
Track START
_GET params: a:3:{s:4:"type";s:5:"track";s:8:"fileName";s:84:"IT-FIN-006 - Faturamento de Cliente com Crédito à vista - 21.06.2016 - Rev.04.docx";s:11:"userAddress";s:3:"__1";}
InputStream data: a:3:{s:3:"key";s:10:"4096526488";s:6:"status";i:4;s:7:"actions";a:1:{i:0;a:2:{s:4:"type";i:0;s:6:"userid";s:1:"0";}}}
track result: a:1:{s:5:"error";i:0;}
a:3:{s:4:"type";s:5:"track";s:8:"fileName";s:75:"PG-03 Gestão de Saúde e Segurança do Trabalho - 11.10.2017 - Rev.04.docx";s:11:"userAddress";s:3:"__1";}
Track START
_GET params: a:3:{s:4:"type";s:5:"track";s:8:"fileName";s:75:"PG-03 Gestão de Saúde e Segurança do Trabalho - 11.10.2017 - Rev.04.docx";s:11:"userAddress";s:3:"__1";}
InputStream data: a:4:{s:3:"key";s:10:"1429673674";s:6:"status";i:1;s:5:"users";a:1:{i:0;s:1:"0";}s:7:"actions";a:1:{i:0;a:2:{s:4:"type";i:1;s:6:"userid";s:1:"0";}}}
track result: a:1:{s:5:"error";i:0;}
a:3:{s:4:"type";s:5:"track";s:8:"fileName";s:59:"FR-PeO-004_-_Lista_de_Presença_-_11_08_2014_-_Rev__01.docx";s:11:"userAddress";s:3:"__1";}
Track START
_GET params: a:3:{s:4:"type";s:5:"track";s:8:"fileName";s:59:"FR-PeO-004_-_Lista_de_Presença_-_11_08_2014_-_Rev__01.docx";s:11:"userAddress";s:3:"__1";}
InputStream data: a:9:{s:3:"key";s:10:"1075904623";s:6:"status";i:2;s:3:"url";s:163:"http://documentserver/cache/files/1075904623_7290/output.docx/output.docx?md5=NO7JDDXqlQBpUrjRBsm6LQ==&expires=1535396600&disposition=attachment&ooname=output.docx";s:10:"changesurl";s:162:"http://documentserver/cache/files/1075904623_7290/changes.zip/changes.zip?md5=n6te5_ldWROxAEA0YGmRcw==&expires=1535396600&disposition=attachment&ooname=output.zip";s:7:"history";a:2:{s:13:"serverVersion";s:5:"5.1.5";s:7:"changes";a:1:{i:0;a:2:{s:7:"created";s:19:"2018-08-27 18:28:22";s:4:"user";a:2:{s:2:"id";s:1:"0";s:4:"name";s:10:"Jonn Smith";}}}}s:5:"users";a:1:{i:0;s:1:"0";}s:7:"actions";a:1:{i:0;a:2:{s:4:"type";i:0;s:6:"userid";s:1:"0";}}s:8:"lastsave";s:24:"2018-08-27T18:28:54.717Z";s:11:"notmodified";b:0;}
track result: a:3:{s:5:"error";i:0;s:1:"c";s:5:"saved";s:6:"status";i:1;}
a:3:{s:4:"type";s:5:"track";s:8:"fileName";s:84:"IT-FIN-006 - Faturamento de Cliente com Crédito à vista - 21.06.2016 - Rev.04.docx";s:11:"userAddress";s:3:"__1";}
Track START
_GET params: a:3:{s:4:"type";s:5:"track";s:8:"fileName";s:84:"IT-FIN-006 - Faturamento de Cliente com Crédito à vista - 21.06.2016 - Rev.04.docx";s:11:"userAddress";s:3:"__1";}
InputStream data: a:4:{s:3:"key";s:10:"4096526488";s:6:"status";i:1;s:5:"users";a:1:{i:0;s:1:"0";}s:7:"actions";a:1:{i:0;a:2:{s:4:"type";i:1;s:6:"userid";s:1:"0";}}}
track result: a:1:{s:5:"error";i:0;}
a:3:{s:4:"type";s:5:"track";s:8:"fileName";s:75:"PG-03 Gestão de Saúde e Segurança do Trabalho - 11.10.2017 - Rev.04.docx";s:11:"userAddress";s:3:"__1";}
Track START
_GET params: a:3:{s:4:"type";s:5:"track";s:8:"fileName";s:75:"PG-03 Gestão de Saúde e Segurança do Trabalho - 11.10.2017 - Rev.04.docx";s:11:"userAddress";s:3:"__1";}
InputStream data: a:9:{s:3:"key";s:10:"1429673674";s:6:"status";i:2;s:3:"url";s:163:"http://documentserver/cache/files/1429673674_4539/output.docx/output.docx?md5=7pCX2iivfOIVX8_050HRXQ==&expires=1535397926&disposition=attachment&ooname=output.docx";s:10:"changesurl";s:162:"http://documentserver/cache/files/1429673674_4539/changes.zip/changes.zip?md5=u3PO5HJehYSUWRvqUVNhrQ==&expires=1535397926&disposition=attachment&ooname=output.zip";s:7:"history";a:2:{s:13:"serverVersion";s:5:"5.1.5";s:7:"changes";a:1:{i:0;a:2:{s:7:"created";s:19:"2018-08-27 18:49:40";s:4:"user";a:2:{s:2:"id";s:1:"0";s:4:"name";s:10:"Jonn Smith";}}}}s:5:"users";a:1:{i:0;s:1:"0";}s:7:"actions";a:1:{i:0;a:2:{s:4:"type";i:0;s:6:"userid";s:1:"0";}}s:8:"lastsave";s:24:"2018-08-27T19:01:52.380Z";s:11:"notmodified";b:0;}
track result: a:3:{s:5:"error";i:0;s:1:"c";s:5:"saved";s:6:"status";i:1;}
a:3:{s:4:"type";s:5:"track";s:8:"fileName";s:84:"IT-FIN-006 - Faturamento de Cliente com Crédito à vista - 21.06.2016 - Rev.04.docx";s:11:"userAddress";s:3:"__1";}
Track START
_GET params: a:3:{s:4:"type";s:5:"track";s:8:"fileName";s:84:"IT-FIN-006 - Faturamento de Cliente com Crédito à vista - 21.06.2016 - Rev.04.docx";s:11:"userAddress";s:3:"__1";}
InputStream data: a:3:{s:3:"key";s:10:"4096526488";s:6:"status";i:4;s:7:"actions";a:1:{i:0;a:2:{s:4:"type";i:0;s:6:"userid";s:1:"0";}}}
track result: a:1:{s:5:"error";i:0;}
a:3:{s:4:"type";s:5:"track";s:8:"fileName";s:17:"IMPORT_rev00.docx";s:11:"userAddress";s:7:"Storage";}
Track START
_GET params: a:3:{s:4:"type";s:5:"track";s:8:"fileName";s:17:"IMPORT_rev00.docx";s:11:"userAddress";s:7:"Storage";}
InputStream data: a:4:{s:3:"key";s:10:"4291397664";s:6:"status";i:1;s:5:"users";a:1:{i:0;s:1:"0";}s:7:"actions";a:1:{i:0;a:2:{s:4:"type";i:1;s:6:"userid";s:1:"0";}}}
track result: a:1:{s:5:"error";i:0;}
a:3:{s:4:"type";s:5:"track";s:8:"fileName";s:17:"IMPORT_rev00.docx";s:11:"userAddress";s:7:"Storage";}
Track START
_GET params: a:3:{s:4:"type";s:5:"track";s:8:"fileName";s:17:"IMPORT_rev00.docx";s:11:"userAddress";s:7:"Storage";}
InputStream data: a:9:{s:3:"key";s:10:"4291397664";s:6:"status";i:2;s:3:"url";s:163:"http://documentserver/cache/files/4291397664_3926/output.docx/output.docx?md5=8pfG64zGwtqxEZEAD6ObTw==&expires=1535426909&disposition=attachment&ooname=output.docx";s:10:"changesurl";s:162:"http://documentserver/cache/files/4291397664_3926/changes.zip/changes.zip?md5=JfEN8KKrxO62u_LJCTZ6gw==&expires=1535426909&disposition=attachment&ooname=output.zip";s:7:"history";a:2:{s:13:"serverVersion";s:5:"5.1.5";s:7:"changes";a:1:{i:0;a:2:{s:7:"created";s:19:"2018-08-28 03:10:40";s:4:"user";a:2:{s:2:"id";s:1:"0";s:4:"name";s:10:"Jonn Smith";}}}}s:5:"users";a:1:{i:0;s:1:"0";}s:7:"actions";a:1:{i:0;a:2:{s:4:"type";i:0;s:6:"userid";s:1:"0";}}s:8:"lastsave";s:24:"2018-08-28T03:12:45.733Z";s:11:"notmodified";b:0;}
track result: a:3:{s:5:"error";i:0;s:1:"c";s:5:"saved";s:6:"status";i:1;}
a:3:{s:4:"type";s:5:"track";s:8:"fileName";s:33:"asdadsg  \  20-09-2018_rev00.docx";s:11:"userAddress";s:7:"Storage";}
Track START
_GET params: a:3:{s:4:"type";s:5:"track";s:8:"fileName";s:33:"asdadsg  \  20-09-2018_rev00.docx";s:11:"userAddress";s:7:"Storage";}
InputStream data: a:4:{s:3:"key";s:10:"2118170564";s:6:"status";i:1;s:5:"users";a:1:{i:0;s:1:"0";}s:7:"actions";a:1:{i:0;a:2:{s:4:"type";i:1;s:6:"userid";s:1:"0";}}}
track result: a:1:{s:5:"error";i:0;}
a:3:{s:4:"type";s:5:"track";s:8:"fileName";s:17:"IMPORT_rev00.docx";s:11:"userAddress";s:7:"Storage";}
Track START
_GET params: a:3:{s:4:"type";s:5:"track";s:8:"fileName";s:17:"IMPORT_rev00.docx";s:11:"userAddress";s:7:"Storage";}
InputStream data: a:4:{s:3:"key";s:10:"4121263288";s:6:"status";i:1;s:5:"users";a:1:{i:0;s:1:"0";}s:7:"actions";a:1:{i:0;a:2:{s:4:"type";i:1;s:6:"userid";s:1:"0";}}}
track result: a:1:{s:5:"error";i:0;}
a:3:{s:4:"type";s:5:"track";s:8:"fileName";s:17:"IMPORT_rev00.docx";s:11:"userAddress";s:7:"Storage";}
Track START
_GET params: a:3:{s:4:"type";s:5:"track";s:8:"fileName";s:17:"IMPORT_rev00.docx";s:11:"userAddress";s:7:"Storage";}
InputStream data: a:9:{s:3:"key";s:10:"4121263288";s:6:"status";i:2;s:3:"url";s:162:"http://documentserver/cache/files/4121263288_131/output.docx/output.docx?md5=u8vVNyF3icdZztIDWFDPBA==&expires=1535427037&disposition=attachment&ooname=output.docx";s:10:"changesurl";s:161:"http://documentserver/cache/files/4121263288_131/changes.zip/changes.zip?md5=lkzcoXioGjBQa8SptWX54w==&expires=1535427037&disposition=attachment&ooname=output.zip";s:7:"history";a:2:{s:13:"serverVersion";s:5:"5.1.5";s:7:"changes";a:1:{i:0;a:2:{s:7:"created";s:19:"2018-08-28 03:14:05";s:4:"user";a:2:{s:2:"id";s:1:"0";s:4:"name";s:10:"Jonn Smith";}}}}s:5:"users";a:1:{i:0;s:1:"0";}s:7:"actions";a:1:{i:0;a:2:{s:4:"type";i:0;s:6:"userid";s:1:"0";}}s:8:"lastsave";s:24:"2018-08-28T03:14:20.049Z";s:11:"notmodified";b:0;}
track result: a:3:{s:5:"error";i:0;s:1:"c";s:5:"saved";s:6:"status";i:1;}
a:3:{s:4:"type";s:5:"track";s:8:"fileName";s:17:"IMPORT_rev00.docx";s:11:"userAddress";s:7:"Storage";}
Track START
_GET params: a:3:{s:4:"type";s:5:"track";s:8:"fileName";s:17:"IMPORT_rev00.docx";s:11:"userAddress";s:7:"Storage";}
InputStream data: a:4:{s:3:"key";s:10:"4121263288";s:6:"status";i:1;s:5:"users";a:1:{i:0;s:1:"0";}s:7:"actions";a:1:{i:0;a:2:{s:4:"type";i:1;s:6:"userid";s:1:"0";}}}
track result: a:1:{s:5:"error";i:0;}
a:3:{s:4:"type";s:5:"track";s:8:"fileName";s:17:"IMPORT_rev00.docx";s:11:"userAddress";s:7:"Storage";}
Track START
_GET params: a:3:{s:4:"type";s:5:"track";s:8:"fileName";s:17:"IMPORT_rev00.docx";s:11:"userAddress";s:7:"Storage";}
InputStream data: a:3:{s:3:"key";s:10:"4121263288";s:6:"status";i:4;s:7:"actions";a:1:{i:0;a:2:{s:4:"type";i:0;s:6:"userid";s:1:"0";}}}
track result: a:1:{s:5:"error";i:0;}
a:3:{s:4:"type";s:5:"track";s:8:"fileName";s:17:"IMPORT_rev00.docx";s:11:"userAddress";s:7:"Storage";}
Track START
_GET params: a:3:{s:4:"type";s:5:"track";s:8:"fileName";s:17:"IMPORT_rev00.docx";s:11:"userAddress";s:7:"Storage";}
InputStream data: a:4:{s:3:"key";s:9:"955410507";s:6:"status";i:1;s:5:"users";a:1:{i:0;s:1:"0";}s:7:"actions";a:1:{i:0;a:2:{s:4:"type";i:1;s:6:"userid";s:1:"0";}}}
track result: a:1:{s:5:"error";i:0;}
a:3:{s:4:"type";s:5:"track";s:8:"fileName";s:17:"IMPORT_rev00.docx";s:11:"userAddress";s:7:"Storage";}
Track START
_GET params: a:3:{s:4:"type";s:5:"track";s:8:"fileName";s:17:"IMPORT_rev00.docx";s:11:"userAddress";s:7:"Storage";}
InputStream data: a:3:{s:3:"key";s:9:"955410507";s:6:"status";i:4;s:7:"actions";a:1:{i:0;a:2:{s:4:"type";i:0;s:6:"userid";s:1:"0";}}}
track result: a:1:{s:5:"error";i:0;}
a:3:{s:4:"type";s:5:"track";s:8:"fileName";s:17:"IMPORT_rev00.docx";s:11:"userAddress";s:7:"Storage";}
Track START
_GET params: a:3:{s:4:"type";s:5:"track";s:8:"fileName";s:17:"IMPORT_rev00.docx";s:11:"userAddress";s:7:"Storage";}
InputStream data: a:4:{s:3:"key";s:9:"955410507";s:6:"status";i:1;s:5:"users";a:1:{i:0;s:1:"0";}s:7:"actions";a:1:{i:0;a:2:{s:4:"type";i:1;s:6:"userid";s:1:"0";}}}
track result: a:1:{s:5:"error";i:0;}
a:3:{s:4:"type";s:5:"track";s:8:"fileName";s:17:"IMPORT_rev00.docx";s:11:"userAddress";s:7:"Storage";}
Track START
_GET params: a:3:{s:4:"type";s:5:"track";s:8:"fileName";s:17:"IMPORT_rev00.docx";s:11:"userAddress";s:7:"Storage";}
InputStream data: a:9:{s:3:"key";s:9:"955410507";s:6:"status";i:2;s:3:"url";s:162:"http://documentserver/cache/files/955410507_8114/output.docx/output.docx?md5=QLzv8YXzetzctvJwh5oycA==&expires=1535427357&disposition=attachment&ooname=output.docx";s:10:"changesurl";s:161:"http://documentserver/cache/files/955410507_8114/changes.zip/changes.zip?md5=wwDPIBZhyWQ32cSttSDbyQ==&expires=1535427357&disposition=attachment&ooname=output.zip";s:7:"history";a:2:{s:13:"serverVersion";s:5:"5.1.5";s:7:"changes";a:1:{i:0;a:2:{s:7:"created";s:19:"2018-08-28 03:20:20";s:4:"user";a:2:{s:2:"id";s:1:"0";s:4:"name";s:10:"Jonn Smith";}}}}s:5:"users";a:1:{i:0;s:1:"0";}s:7:"actions";a:1:{i:0;a:2:{s:4:"type";i:0;s:6:"userid";s:1:"0";}}s:8:"lastsave";s:24:"2018-08-28T03:20:25.469Z";s:11:"notmodified";b:0;}
track result: a:3:{s:5:"error";i:0;s:1:"c";s:5:"saved";s:6:"status";i:1;}
a:3:{s:4:"type";s:5:"track";s:8:"fileName";s:17:"IMPORT_rev00.docx";s:11:"userAddress";s:7:"Storage";}
Track START
_GET params: a:3:{s:4:"type";s:5:"track";s:8:"fileName";s:17:"IMPORT_rev00.docx";s:11:"userAddress";s:7:"Storage";}
InputStream data: a:4:{s:3:"key";s:9:"955410507";s:6:"status";i:1;s:5:"users";a:1:{i:0;s:1:"0";}s:7:"actions";a:1:{i:0;a:2:{s:4:"type";i:1;s:6:"userid";s:1:"0";}}}
track result: a:1:{s:5:"error";i:0;}
a:3:{s:4:"type";s:5:"track";s:8:"fileName";s:17:"IMPORT_rev00.docx";s:11:"userAddress";s:7:"Storage";}
Track START
_GET params: a:3:{s:4:"type";s:5:"track";s:8:"fileName";s:17:"IMPORT_rev00.docx";s:11:"userAddress";s:7:"Storage";}
InputStream data: a:3:{s:3:"key";s:9:"955410507";s:6:"status";i:4;s:7:"actions";a:1:{i:0;a:2:{s:4:"type";i:0;s:6:"userid";s:1:"0";}}}
track result: a:1:{s:5:"error";i:0;}
a:3:{s:4:"type";s:5:"track";s:8:"fileName";s:17:"IMPORT_rev00.docx";s:11:"userAddress";s:7:"Storage";}
Track START
_GET params: a:3:{s:4:"type";s:5:"track";s:8:"fileName";s:17:"IMPORT_rev00.docx";s:11:"userAddress";s:7:"Storage";}
InputStream data: a:4:{s:3:"key";s:10:"1751321894";s:6:"status";i:1;s:5:"users";a:1:{i:0;s:1:"0";}s:7:"actions";a:1:{i:0;a:2:{s:4:"type";i:1;s:6:"userid";s:1:"0";}}}
track result: a:1:{s:5:"error";i:0;}
a:3:{s:4:"type";s:5:"track";s:8:"fileName";s:17:"IMPORT_rev00.docx";s:11:"userAddress";s:7:"Storage";}
Track START
_GET params: a:3:{s:4:"type";s:5:"track";s:8:"fileName";s:17:"IMPORT_rev00.docx";s:11:"userAddress";s:7:"Storage";}
InputStream data: a:3:{s:3:"key";s:10:"1751321894";s:6:"status";i:4;s:7:"actions";a:1:{i:0;a:2:{s:4:"type";i:0;s:6:"userid";s:1:"0";}}}
track result: a:1:{s:5:"error";i:0;}
a:3:{s:4:"type";s:5:"track";s:8:"fileName";s:17:"IMPORT_rev00.docx";s:11:"userAddress";s:7:"Storage";}
Track START
_GET params: a:3:{s:4:"type";s:5:"track";s:8:"fileName";s:17:"IMPORT_rev00.docx";s:11:"userAddress";s:7:"Storage";}
InputStream data: a:4:{s:3:"key";s:10:"1751321894";s:6:"status";i:1;s:5:"users";a:1:{i:0;s:1:"0";}s:7:"actions";a:1:{i:0;a:2:{s:4:"type";i:1;s:6:"userid";s:1:"0";}}}
track result: a:1:{s:5:"error";i:0;}
a:3:{s:4:"type";s:5:"track";s:8:"fileName";s:17:"IMPORT_rev00.docx";s:11:"userAddress";s:7:"Storage";}
Track START
_GET params: a:3:{s:4:"type";s:5:"track";s:8:"fileName";s:17:"IMPORT_rev00.docx";s:11:"userAddress";s:7:"Storage";}
InputStream data: a:4:{s:3:"key";s:10:"1751321894";s:6:"status";i:1;s:5:"users";a:1:{i:0;s:1:"0";}s:7:"actions";a:1:{i:0;a:2:{s:4:"type";i:1;s:6:"userid";s:1:"0";}}}
track result: a:1:{s:5:"error";i:0;}
a:3:{s:4:"type";s:5:"track";s:8:"fileName";s:17:"IMPORT_rev00.docx";s:11:"userAddress";s:7:"Storage";}
Track START
_GET params: a:3:{s:4:"type";s:5:"track";s:8:"fileName";s:17:"IMPORT_rev00.docx";s:11:"userAddress";s:7:"Storage";}
InputStream data: a:4:{s:3:"key";s:10:"1751321894";s:6:"status";i:1;s:5:"users";a:1:{i:0;s:1:"0";}s:7:"actions";a:1:{i:0;a:2:{s:4:"type";i:1;s:6:"userid";s:1:"0";}}}
track result: a:1:{s:5:"error";i:0;}
a:3:{s:4:"type";s:5:"track";s:8:"fileName";s:17:"IMPORT_rev00.docx";s:11:"userAddress";s:7:"Storage";}
Track START
_GET params: a:3:{s:4:"type";s:5:"track";s:8:"fileName";s:17:"IMPORT_rev00.docx";s:11:"userAddress";s:7:"Storage";}
InputStream data: a:9:{s:3:"key";s:10:"1751321894";s:6:"status";i:2;s:3:"url";s:162:"http://documentserver/cache/files/1751321894_708/output.docx/output.docx?md5=VhIxDLDOrQ-1zH9eVWpBEA==&expires=1535428154&disposition=attachment&ooname=output.docx";s:10:"changesurl";s:161:"http://documentserver/cache/files/1751321894_708/changes.zip/changes.zip?md5=jcC4C3L4uKTl1RcJGiLHFQ==&expires=1535428154&disposition=attachment&ooname=output.zip";s:7:"history";a:2:{s:13:"serverVersion";s:5:"5.1.5";s:7:"changes";a:1:{i:0;a:2:{s:7:"created";s:19:"2018-08-28 03:23:26";s:4:"user";a:2:{s:2:"id";s:1:"0";s:4:"name";s:10:"Jonn Smith";}}}}s:5:"users";a:1:{i:0;s:1:"0";}s:7:"actions";a:1:{i:0;a:2:{s:4:"type";i:0;s:6:"userid";s:1:"0";}}s:8:"lastsave";s:24:"2018-08-28T03:23:26.404Z";s:11:"notmodified";b:0;}
track result: a:3:{s:5:"error";i:0;s:1:"c";s:5:"saved";s:6:"status";i:1;}
a:3:{s:4:"type";s:5:"track";s:8:"fileName";s:17:"IMPORT_rev00.docx";s:11:"userAddress";s:7:"Storage";}
Track START
_GET params: a:3:{s:4:"type";s:5:"track";s:8:"fileName";s:17:"IMPORT_rev00.docx";s:11:"userAddress";s:7:"Storage";}
InputStream data: a:4:{s:3:"key";s:10:"2755191422";s:6:"status";i:1;s:5:"users";a:1:{i:0;s:1:"0";}s:7:"actions";a:1:{i:0;a:2:{s:4:"type";i:1;s:6:"userid";s:1:"0";}}}
track result: a:1:{s:5:"error";i:0;}
a:3:{s:4:"type";s:5:"track";s:8:"fileName";s:17:"IMPORT_rev00.docx";s:11:"userAddress";s:7:"Storage";}
Track START
_GET params: a:3:{s:4:"type";s:5:"track";s:8:"fileName";s:17:"IMPORT_rev00.docx";s:11:"userAddress";s:7:"Storage";}
InputStream data: a:3:{s:3:"key";s:10:"2755191422";s:6:"status";i:4;s:7:"actions";a:1:{i:0;a:2:{s:4:"type";i:0;s:6:"userid";s:1:"0";}}}
track result: a:1:{s:5:"error";i:0;}
a:3:{s:4:"type";s:5:"track";s:8:"fileName";s:17:"IMPORT_rev00.docx";s:11:"userAddress";s:7:"Storage";}
Track START
_GET params: a:3:{s:4:"type";s:5:"track";s:8:"fileName";s:17:"IMPORT_rev00.docx";s:11:"userAddress";s:7:"Storage";}
InputStream data: a:4:{s:3:"key";s:10:"2755191422";s:6:"status";i:1;s:5:"users";a:1:{i:0;s:1:"0";}s:7:"actions";a:1:{i:0;a:2:{s:4:"type";i:1;s:6:"userid";s:1:"0";}}}
track result: a:1:{s:5:"error";i:0;}
a:3:{s:4:"type";s:5:"track";s:8:"fileName";s:17:"IMPORT_rev00.docx";s:11:"userAddress";s:7:"Storage";}
Track START
_GET params: a:3:{s:4:"type";s:5:"track";s:8:"fileName";s:17:"IMPORT_rev00.docx";s:11:"userAddress";s:7:"Storage";}
InputStream data: a:3:{s:3:"key";s:10:"2755191422";s:6:"status";i:4;s:7:"actions";a:1:{i:0;a:2:{s:4:"type";i:0;s:6:"userid";s:1:"0";}}}
track result: a:1:{s:5:"error";i:0;}
a:3:{s:4:"type";s:5:"track";s:8:"fileName";s:17:"IMPORT_rev00.docx";s:11:"userAddress";s:7:"Storage";}
Track START
_GET params: a:3:{s:4:"type";s:5:"track";s:8:"fileName";s:17:"IMPORT_rev00.docx";s:11:"userAddress";s:7:"Storage";}
InputStream data: a:4:{s:3:"key";s:10:"2755191422";s:6:"status";i:1;s:5:"users";a:1:{i:0;s:1:"0";}s:7:"actions";a:1:{i:0;a:2:{s:4:"type";i:1;s:6:"userid";s:1:"0";}}}
track result: a:1:{s:5:"error";i:0;}
a:3:{s:4:"type";s:5:"track";s:8:"fileName";s:17:"IMPORT_rev00.docx";s:11:"userAddress";s:7:"Storage";}
Track START
_GET params: a:3:{s:4:"type";s:5:"track";s:8:"fileName";s:17:"IMPORT_rev00.docx";s:11:"userAddress";s:7:"Storage";}
InputStream data: a:3:{s:3:"key";s:10:"2755191422";s:6:"status";i:4;s:7:"actions";a:1:{i:0;a:2:{s:4:"type";i:0;s:6:"userid";s:1:"0";}}}
track result: a:1:{s:5:"error";i:0;}
a:3:{s:4:"type";s:5:"track";s:8:"fileName";s:17:"IMPORT_rev00.docx";s:11:"userAddress";s:7:"Storage";}
Track START
_GET params: a:3:{s:4:"type";s:5:"track";s:8:"fileName";s:17:"IMPORT_rev00.docx";s:11:"userAddress";s:7:"Storage";}
InputStream data: a:4:{s:3:"key";s:10:"2755191422";s:6:"status";i:1;s:5:"users";a:1:{i:0;s:1:"0";}s:7:"actions";a:1:{i:0;a:2:{s:4:"type";i:1;s:6:"userid";s:1:"0";}}}
track result: a:1:{s:5:"error";i:0;}
a:3:{s:4:"type";s:5:"track";s:8:"fileName";s:17:"IMPORT_rev00.docx";s:11:"userAddress";s:7:"Storage";}
Track START
_GET params: a:3:{s:4:"type";s:5:"track";s:8:"fileName";s:17:"IMPORT_rev00.docx";s:11:"userAddress";s:7:"Storage";}
InputStream data: a:3:{s:3:"key";s:10:"2755191422";s:6:"status";i:4;s:7:"actions";a:1:{i:0;a:2:{s:4:"type";i:0;s:6:"userid";s:1:"0";}}}
track result: a:1:{s:5:"error";i:0;}
a:3:{s:4:"type";s:5:"track";s:8:"fileName";s:17:"IMPORT_rev00.docx";s:11:"userAddress";s:7:"Storage";}
Track START
_GET params: a:3:{s:4:"type";s:5:"track";s:8:"fileName";s:17:"IMPORT_rev00.docx";s:11:"userAddress";s:7:"Storage";}
InputStream data: a:4:{s:3:"key";s:10:"2755191422";s:6:"status";i:1;s:5:"users";a:1:{i:0;s:1:"0";}s:7:"actions";a:1:{i:0;a:2:{s:4:"type";i:1;s:6:"userid";s:1:"0";}}}
track result: a:1:{s:5:"error";i:0;}
a:3:{s:4:"type";s:5:"track";s:8:"fileName";s:17:"IMPORT_rev00.docx";s:11:"userAddress";s:7:"Storage";}
Track START
_GET params: a:3:{s:4:"type";s:5:"track";s:8:"fileName";s:17:"IMPORT_rev00.docx";s:11:"userAddress";s:7:"Storage";}
InputStream data: a:3:{s:3:"key";s:10:"2755191422";s:6:"status";i:4;s:7:"actions";a:1:{i:0;a:2:{s:4:"type";i:0;s:6:"userid";s:1:"0";}}}
track result: a:1:{s:5:"error";i:0;}
a:3:{s:4:"type";s:5:"track";s:8:"fileName";s:17:"IMPORT_rev00.docx";s:11:"userAddress";s:7:"Storage";}
Track START
_GET params: a:3:{s:4:"type";s:5:"track";s:8:"fileName";s:17:"IMPORT_rev00.docx";s:11:"userAddress";s:7:"Storage";}
InputStream data: a:4:{s:3:"key";s:10:"2755191422";s:6:"status";i:1;s:5:"users";a:1:{i:0;s:1:"0";}s:7:"actions";a:1:{i:0;a:2:{s:4:"type";i:1;s:6:"userid";s:1:"0";}}}
track result: a:1:{s:5:"error";i:0;}
a:3:{s:4:"type";s:5:"track";s:8:"fileName";s:17:"IMPORT_rev00.docx";s:11:"userAddress";s:7:"Storage";}
Track START
_GET params: a:3:{s:4:"type";s:5:"track";s:8:"fileName";s:17:"IMPORT_rev00.docx";s:11:"userAddress";s:7:"Storage";}
InputStream data: a:3:{s:3:"key";s:10:"2755191422";s:6:"status";i:4;s:7:"actions";a:1:{i:0;a:2:{s:4:"type";i:0;s:6:"userid";s:1:"0";}}}
track result: a:1:{s:5:"error";i:0;}
a:3:{s:4:"type";s:5:"track";s:8:"fileName";s:17:"IMPORT_rev00.docx";s:11:"userAddress";s:7:"Storage";}
Track START
_GET params: a:3:{s:4:"type";s:5:"track";s:8:"fileName";s:17:"IMPORT_rev00.docx";s:11:"userAddress";s:7:"Storage";}
InputStream data: a:4:{s:3:"key";s:10:"2755191422";s:6:"status";i:1;s:5:"users";a:1:{i:0;s:1:"0";}s:7:"actions";a:1:{i:0;a:2:{s:4:"type";i:1;s:6:"userid";s:1:"0";}}}
track result: a:1:{s:5:"error";i:0;}
a:3:{s:4:"type";s:5:"track";s:8:"fileName";s:17:"IMPORT_rev00.docx";s:11:"userAddress";s:7:"Storage";}
Track START
_GET params: a:3:{s:4:"type";s:5:"track";s:8:"fileName";s:17:"IMPORT_rev00.docx";s:11:"userAddress";s:7:"Storage";}
InputStream data: a:3:{s:3:"key";s:10:"2755191422";s:6:"status";i:4;s:7:"actions";a:1:{i:0;a:2:{s:4:"type";i:0;s:6:"userid";s:1:"0";}}}
track result: a:1:{s:5:"error";i:0;}
a:3:{s:4:"type";s:5:"track";s:8:"fileName";s:17:"IMPORT_rev00.docx";s:11:"userAddress";s:7:"Storage";}
Track START
_GET params: a:3:{s:4:"type";s:5:"track";s:8:"fileName";s:17:"IMPORT_rev00.docx";s:11:"userAddress";s:7:"Storage";}
InputStream data: a:4:{s:3:"key";s:10:"2755191422";s:6:"status";i:1;s:5:"users";a:1:{i:0;s:1:"0";}s:7:"actions";a:1:{i:0;a:2:{s:4:"type";i:1;s:6:"userid";s:1:"0";}}}
track result: a:1:{s:5:"error";i:0;}
a:3:{s:4:"type";s:5:"track";s:8:"fileName";s:17:"IMPORT_rev00.docx";s:11:"userAddress";s:7:"Storage";}
Track START
_GET params: a:3:{s:4:"type";s:5:"track";s:8:"fileName";s:17:"IMPORT_rev00.docx";s:11:"userAddress";s:7:"Storage";}
InputStream data: a:3:{s:3:"key";s:10:"2755191422";s:6:"status";i:4;s:7:"actions";a:1:{i:0;a:2:{s:4:"type";i:0;s:6:"userid";s:1:"0";}}}
track result: a:1:{s:5:"error";i:0;}
a:3:{s:4:"type";s:5:"track";s:8:"fileName";s:17:"IMPORT_rev00.docx";s:11:"userAddress";s:7:"Storage";}
Track START
_GET params: a:3:{s:4:"type";s:5:"track";s:8:"fileName";s:17:"IMPORT_rev00.docx";s:11:"userAddress";s:7:"Storage";}
InputStream data: a:4:{s:3:"key";s:10:"2755191422";s:6:"status";i:1;s:5:"users";a:1:{i:0;s:1:"0";}s:7:"actions";a:1:{i:0;a:2:{s:4:"type";i:1;s:6:"userid";s:1:"0";}}}
track result: a:1:{s:5:"error";i:0;}
a:3:{s:4:"type";s:5:"track";s:8:"fileName";s:17:"IMPORT_rev00.docx";s:11:"userAddress";s:7:"Storage";}
Track START
_GET params: a:3:{s:4:"type";s:5:"track";s:8:"fileName";s:17:"IMPORT_rev00.docx";s:11:"userAddress";s:7:"Storage";}
InputStream data: a:3:{s:3:"key";s:10:"2755191422";s:6:"status";i:4;s:7:"actions";a:1:{i:0;a:2:{s:4:"type";i:0;s:6:"userid";s:1:"0";}}}
track result: a:1:{s:5:"error";i:0;}
a:3:{s:4:"type";s:5:"track";s:8:"fileName";s:17:"IMPORT_rev00.docx";s:11:"userAddress";s:7:"Storage";}
Track START
_GET params: a:3:{s:4:"type";s:5:"track";s:8:"fileName";s:17:"IMPORT_rev00.docx";s:11:"userAddress";s:7:"Storage";}
InputStream data: a:4:{s:3:"key";s:10:"2755191422";s:6:"status";i:1;s:5:"users";a:1:{i:0;s:1:"0";}s:7:"actions";a:1:{i:0;a:2:{s:4:"type";i:1;s:6:"userid";s:1:"0";}}}
track result: a:1:{s:5:"error";i:0;}
a:3:{s:4:"type";s:5:"track";s:8:"fileName";s:17:"IMPORT_rev00.docx";s:11:"userAddress";s:7:"Storage";}
Track START
_GET params: a:3:{s:4:"type";s:5:"track";s:8:"fileName";s:17:"IMPORT_rev00.docx";s:11:"userAddress";s:7:"Storage";}
InputStream data: a:3:{s:3:"key";s:10:"2755191422";s:6:"status";i:4;s:7:"actions";a:1:{i:0;a:2:{s:4:"type";i:0;s:6:"userid";s:1:"0";}}}
track result: a:1:{s:5:"error";i:0;}
a:3:{s:4:"type";s:5:"track";s:8:"fileName";s:17:"IMPORT_rev00.docx";s:11:"userAddress";s:7:"Storage";}
Track START
_GET params: a:3:{s:4:"type";s:5:"track";s:8:"fileName";s:17:"IMPORT_rev00.docx";s:11:"userAddress";s:7:"Storage";}
InputStream data: a:4:{s:3:"key";s:10:"2755191422";s:6:"status";i:1;s:5:"users";a:1:{i:0;s:1:"0";}s:7:"actions";a:1:{i:0;a:2:{s:4:"type";i:1;s:6:"userid";s:1:"0";}}}
track result: a:1:{s:5:"error";i:0;}
a:3:{s:4:"type";s:5:"track";s:8:"fileName";s:17:"IMPORT_rev00.docx";s:11:"userAddress";s:7:"Storage";}
Track START
_GET params: a:3:{s:4:"type";s:5:"track";s:8:"fileName";s:17:"IMPORT_rev00.docx";s:11:"userAddress";s:7:"Storage";}
InputStream data: a:3:{s:3:"key";s:10:"2755191422";s:6:"status";i:4;s:7:"actions";a:1:{i:0;a:2:{s:4:"type";i:0;s:6:"userid";s:1:"0";}}}
track result: a:1:{s:5:"error";i:0;}
a:3:{s:4:"type";s:5:"track";s:8:"fileName";s:17:"IMPORT_rev00.docx";s:11:"userAddress";s:7:"Storage";}
Track START
_GET params: a:3:{s:4:"type";s:5:"track";s:8:"fileName";s:17:"IMPORT_rev00.docx";s:11:"userAddress";s:7:"Storage";}
InputStream data: a:4:{s:3:"key";s:10:"2755191422";s:6:"status";i:1;s:5:"users";a:1:{i:0;s:1:"0";}s:7:"actions";a:1:{i:0;a:2:{s:4:"type";i:1;s:6:"userid";s:1:"0";}}}
track result: a:1:{s:5:"error";i:0;}
a:3:{s:4:"type";s:5:"track";s:8:"fileName";s:17:"IMPORT_rev00.docx";s:11:"userAddress";s:7:"Storage";}
Track START
_GET params: a:3:{s:4:"type";s:5:"track";s:8:"fileName";s:17:"IMPORT_rev00.docx";s:11:"userAddress";s:7:"Storage";}
InputStream data: a:3:{s:3:"key";s:10:"2755191422";s:6:"status";i:4;s:7:"actions";a:1:{i:0;a:2:{s:4:"type";i:0;s:6:"userid";s:1:"0";}}}
track result: a:1:{s:5:"error";i:0;}
a:3:{s:4:"type";s:5:"track";s:8:"fileName";s:17:"IMPORT_rev00.docx";s:11:"userAddress";s:7:"Storage";}
Track START
_GET params: a:3:{s:4:"type";s:5:"track";s:8:"fileName";s:17:"IMPORT_rev00.docx";s:11:"userAddress";s:7:"Storage";}
InputStream data: a:4:{s:3:"key";s:10:"2755191422";s:6:"status";i:1;s:5:"users";a:1:{i:0;s:1:"0";}s:7:"actions";a:1:{i:0;a:2:{s:4:"type";i:1;s:6:"userid";s:1:"0";}}}
track result: a:1:{s:5:"error";i:0;}
a:3:{s:4:"type";s:5:"track";s:8:"fileName";s:17:"IMPORT_rev00.docx";s:11:"userAddress";s:7:"Storage";}
Track START
_GET params: a:3:{s:4:"type";s:5:"track";s:8:"fileName";s:17:"IMPORT_rev00.docx";s:11:"userAddress";s:7:"Storage";}
InputStream data: a:3:{s:3:"key";s:10:"2755191422";s:6:"status";i:4;s:7:"actions";a:1:{i:0;a:2:{s:4:"type";i:0;s:6:"userid";s:1:"0";}}}
track result: a:1:{s:5:"error";i:0;}
a:3:{s:4:"type";s:5:"track";s:8:"fileName";s:17:"IMPORT_rev00.docx";s:11:"userAddress";s:7:"Storage";}
Track START
_GET params: a:3:{s:4:"type";s:5:"track";s:8:"fileName";s:17:"IMPORT_rev00.docx";s:11:"userAddress";s:7:"Storage";}
InputStream data: a:4:{s:3:"key";s:10:"2755191422";s:6:"status";i:1;s:5:"users";a:1:{i:0;s:1:"0";}s:7:"actions";a:1:{i:0;a:2:{s:4:"type";i:1;s:6:"userid";s:1:"0";}}}
track result: a:1:{s:5:"error";i:0;}
a:3:{s:4:"type";s:5:"track";s:8:"fileName";s:17:"IMPORT_rev00.docx";s:11:"userAddress";s:7:"Storage";}
Track START
_GET params: a:3:{s:4:"type";s:5:"track";s:8:"fileName";s:17:"IMPORT_rev00.docx";s:11:"userAddress";s:7:"Storage";}
InputStream data: a:9:{s:3:"key";s:10:"2755191422";s:6:"status";i:2;s:3:"url";s:163:"http://documentserver/cache/files/2755191422_4388/output.docx/output.docx?md5=nRCdoo7jPgtm5EkH3hTjyg==&expires=1535430344&disposition=attachment&ooname=output.docx";s:10:"changesurl";s:162:"http://documentserver/cache/files/2755191422_4388/changes.zip/changes.zip?md5=DBcum8_ktqXHx_nJDJ9y9Q==&expires=1535430344&disposition=attachment&ooname=output.zip";s:7:"history";a:2:{s:13:"serverVersion";s:5:"5.1.5";s:7:"changes";a:1:{i:0;a:2:{s:7:"created";s:19:"2018-08-28 04:08:28";s:4:"user";a:2:{s:2:"id";s:1:"0";s:4:"name";s:10:"Jonn Smith";}}}}s:5:"users";a:1:{i:0;s:1:"0";}s:7:"actions";a:1:{i:0;a:2:{s:4:"type";i:0;s:6:"userid";s:1:"0";}}s:8:"lastsave";s:24:"2018-08-28T04:08:32.260Z";s:11:"notmodified";b:0;}
track result: a:3:{s:5:"error";i:0;s:1:"c";s:5:"saved";s:6:"status";i:1;}
a:3:{s:4:"type";s:5:"track";s:8:"fileName";s:17:"IMPORT_rev00.docx";s:11:"userAddress";s:7:"Storage";}
Track START
_GET params: a:3:{s:4:"type";s:5:"track";s:8:"fileName";s:17:"IMPORT_rev00.docx";s:11:"userAddress";s:7:"Storage";}
InputStream data: a:4:{s:3:"key";s:10:"1500633278";s:6:"status";i:1;s:5:"users";a:1:{i:0;s:1:"0";}s:7:"actions";a:1:{i:0;a:2:{s:4:"type";i:1;s:6:"userid";s:1:"0";}}}
track result: a:1:{s:5:"error";i:0;}
a:3:{s:4:"type";s:5:"track";s:8:"fileName";s:17:"IMPORT_rev00.docx";s:11:"userAddress";s:7:"Storage";}
Track START
_GET params: a:3:{s:4:"type";s:5:"track";s:8:"fileName";s:17:"IMPORT_rev00.docx";s:11:"userAddress";s:7:"Storage";}
InputStream data: a:3:{s:3:"key";s:10:"1500633278";s:6:"status";i:4;s:7:"actions";a:1:{i:0;a:2:{s:4:"type";i:0;s:6:"userid";s:1:"0";}}}
track result: a:1:{s:5:"error";i:0;}
a:3:{s:4:"type";s:5:"track";s:8:"fileName";s:17:"IMPORT_rev00.docx";s:11:"userAddress";s:7:"Storage";}
Track START
_GET params: a:3:{s:4:"type";s:5:"track";s:8:"fileName";s:17:"IMPORT_rev00.docx";s:11:"userAddress";s:7:"Storage";}
InputStream data: a:4:{s:3:"key";s:10:"1500633278";s:6:"status";i:1;s:5:"users";a:1:{i:0;s:1:"0";}s:7:"actions";a:1:{i:0;a:2:{s:4:"type";i:1;s:6:"userid";s:1:"0";}}}
track result: a:1:{s:5:"error";i:0;}
a:3:{s:4:"type";s:5:"track";s:8:"fileName";s:17:"IMPORT_rev00.docx";s:11:"userAddress";s:7:"Storage";}
Track START
_GET params: a:3:{s:4:"type";s:5:"track";s:8:"fileName";s:17:"IMPORT_rev00.docx";s:11:"userAddress";s:7:"Storage";}
InputStream data: a:3:{s:3:"key";s:10:"1500633278";s:6:"status";i:4;s:7:"actions";a:1:{i:0;a:2:{s:4:"type";i:0;s:6:"userid";s:1:"0";}}}
track result: a:1:{s:5:"error";i:0;}
a:3:{s:4:"type";s:5:"track";s:8:"fileName";s:17:"IMPORT_rev00.docx";s:11:"userAddress";s:7:"Storage";}
Track START
_GET params: a:3:{s:4:"type";s:5:"track";s:8:"fileName";s:17:"IMPORT_rev00.docx";s:11:"userAddress";s:7:"Storage";}
InputStream data: a:4:{s:3:"key";s:10:"1500633278";s:6:"status";i:1;s:5:"users";a:1:{i:0;s:1:"0";}s:7:"actions";a:1:{i:0;a:2:{s:4:"type";i:1;s:6:"userid";s:1:"0";}}}
track result: a:1:{s:5:"error";i:0;}
a:3:{s:4:"type";s:5:"track";s:8:"fileName";s:17:"IMPORT_rev00.docx";s:11:"userAddress";s:7:"Storage";}
Track START
_GET params: a:3:{s:4:"type";s:5:"track";s:8:"fileName";s:17:"IMPORT_rev00.docx";s:11:"userAddress";s:7:"Storage";}
InputStream data: a:3:{s:3:"key";s:10:"1500633278";s:6:"status";i:4;s:7:"actions";a:1:{i:0;a:2:{s:4:"type";i:0;s:6:"userid";s:1:"0";}}}
track result: a:1:{s:5:"error";i:0;}
a:3:{s:4:"type";s:5:"track";s:8:"fileName";s:17:"IMPORT_rev00.docx";s:11:"userAddress";s:7:"Storage";}
Track START
_GET params: a:3:{s:4:"type";s:5:"track";s:8:"fileName";s:17:"IMPORT_rev00.docx";s:11:"userAddress";s:7:"Storage";}
InputStream data: a:4:{s:3:"key";s:10:"1500633278";s:6:"status";i:1;s:5:"users";a:1:{i:0;s:1:"0";}s:7:"actions";a:1:{i:0;a:2:{s:4:"type";i:1;s:6:"userid";s:1:"0";}}}
track result: a:1:{s:5:"error";i:0;}
a:3:{s:4:"type";s:5:"track";s:8:"fileName";s:17:"IMPORT_rev00.docx";s:11:"userAddress";s:7:"Storage";}
Track START
_GET params: a:3:{s:4:"type";s:5:"track";s:8:"fileName";s:17:"IMPORT_rev00.docx";s:11:"userAddress";s:7:"Storage";}
InputStream data: a:3:{s:3:"key";s:10:"1500633278";s:6:"status";i:4;s:7:"actions";a:1:{i:0;a:2:{s:4:"type";i:0;s:6:"userid";s:1:"0";}}}
track result: a:1:{s:5:"error";i:0;}
a:3:{s:4:"type";s:5:"track";s:8:"fileName";s:17:"IMPORT_rev00.docx";s:11:"userAddress";s:7:"Storage";}
Track START
_GET params: a:3:{s:4:"type";s:5:"track";s:8:"fileName";s:17:"IMPORT_rev00.docx";s:11:"userAddress";s:7:"Storage";}
InputStream data: a:4:{s:3:"key";s:10:"1500633278";s:6:"status";i:1;s:5:"users";a:1:{i:0;s:1:"0";}s:7:"actions";a:1:{i:0;a:2:{s:4:"type";i:1;s:6:"userid";s:1:"0";}}}
track result: a:1:{s:5:"error";i:0;}
a:3:{s:4:"type";s:5:"track";s:8:"fileName";s:17:"IMPORT_rev00.docx";s:11:"userAddress";s:7:"Storage";}
Track START
_GET params: a:3:{s:4:"type";s:5:"track";s:8:"fileName";s:17:"IMPORT_rev00.docx";s:11:"userAddress";s:7:"Storage";}
InputStream data: a:3:{s:3:"key";s:10:"1500633278";s:6:"status";i:4;s:7:"actions";a:1:{i:0;a:2:{s:4:"type";i:0;s:6:"userid";s:1:"0";}}}
track result: a:1:{s:5:"error";i:0;}
a:3:{s:4:"type";s:5:"track";s:8:"fileName";s:17:"IMPORT_rev00.docx";s:11:"userAddress";s:7:"Storage";}
Track START
_GET params: a:3:{s:4:"type";s:5:"track";s:8:"fileName";s:17:"IMPORT_rev00.docx";s:11:"userAddress";s:7:"Storage";}
InputStream data: a:4:{s:3:"key";s:10:"1500633278";s:6:"status";i:1;s:5:"users";a:1:{i:0;s:1:"0";}s:7:"actions";a:1:{i:0;a:2:{s:4:"type";i:1;s:6:"userid";s:1:"0";}}}
track result: a:1:{s:5:"error";i:0;}
a:3:{s:4:"type";s:5:"track";s:8:"fileName";s:17:"IMPORT_rev00.docx";s:11:"userAddress";s:7:"Storage";}
Track START
_GET params: a:3:{s:4:"type";s:5:"track";s:8:"fileName";s:17:"IMPORT_rev00.docx";s:11:"userAddress";s:7:"Storage";}
InputStream data: a:4:{s:3:"key";s:10:"1500633278";s:6:"status";i:1;s:5:"users";a:1:{i:0;s:1:"0";}s:7:"actions";a:1:{i:0;a:2:{s:4:"type";i:1;s:6:"userid";s:1:"0";}}}
track result: a:1:{s:5:"error";i:0;}
a:3:{s:4:"type";s:5:"track";s:8:"fileName";s:17:"IMPORT_rev00.docx";s:11:"userAddress";s:7:"Storage";}
Track START
_GET params: a:3:{s:4:"type";s:5:"track";s:8:"fileName";s:17:"IMPORT_rev00.docx";s:11:"userAddress";s:7:"Storage";}
InputStream data: a:4:{s:3:"key";s:10:"1500633278";s:6:"status";i:1;s:5:"users";a:1:{i:0;s:1:"0";}s:7:"actions";a:1:{i:0;a:2:{s:4:"type";i:1;s:6:"userid";s:1:"0";}}}
track result: a:1:{s:5:"error";i:0;}
a:3:{s:4:"type";s:5:"track";s:8:"fileName";s:17:"IMPORT_rev00.docx";s:11:"userAddress";s:7:"Storage";}
Track START
_GET params: a:3:{s:4:"type";s:5:"track";s:8:"fileName";s:17:"IMPORT_rev00.docx";s:11:"userAddress";s:7:"Storage";}
InputStream data: a:4:{s:3:"key";s:10:"1500633278";s:6:"status";i:1;s:5:"users";a:1:{i:0;s:1:"0";}s:7:"actions";a:1:{i:0;a:2:{s:4:"type";i:1;s:6:"userid";s:1:"0";}}}
track result: a:1:{s:5:"error";i:0;}
a:3:{s:4:"type";s:5:"track";s:8:"fileName";s:17:"IMPORT_rev00.docx";s:11:"userAddress";s:7:"Storage";}
Track START
_GET params: a:3:{s:4:"type";s:5:"track";s:8:"fileName";s:17:"IMPORT_rev00.docx";s:11:"userAddress";s:7:"Storage";}
InputStream data: a:4:{s:3:"key";s:10:"1500633278";s:6:"status";i:1;s:5:"users";a:1:{i:0;s:1:"0";}s:7:"actions";a:1:{i:0;a:2:{s:4:"type";i:1;s:6:"userid";s:1:"0";}}}
track result: a:1:{s:5:"error";i:0;}
a:3:{s:4:"type";s:5:"track";s:8:"fileName";s:17:"IMPORT_rev00.docx";s:11:"userAddress";s:7:"Storage";}
Track START
_GET params: a:3:{s:4:"type";s:5:"track";s:8:"fileName";s:17:"IMPORT_rev00.docx";s:11:"userAddress";s:7:"Storage";}
InputStream data: a:4:{s:3:"key";s:10:"1500633278";s:6:"status";i:1;s:5:"users";a:1:{i:0;s:1:"0";}s:7:"actions";a:1:{i:0;a:2:{s:4:"type";i:1;s:6:"userid";s:1:"0";}}}
track result: a:1:{s:5:"error";i:0;}
a:3:{s:4:"type";s:5:"track";s:8:"fileName";s:17:"IMPORT_rev00.docx";s:11:"userAddress";s:7:"Storage";}
Track START
_GET params: a:3:{s:4:"type";s:5:"track";s:8:"fileName";s:17:"IMPORT_rev00.docx";s:11:"userAddress";s:7:"Storage";}
InputStream data: a:4:{s:3:"key";s:10:"1500633278";s:6:"status";i:1;s:5:"users";a:1:{i:0;s:1:"0";}s:7:"actions";a:1:{i:0;a:2:{s:4:"type";i:1;s:6:"userid";s:1:"0";}}}
track result: a:1:{s:5:"error";i:0;}
a:3:{s:4:"type";s:5:"track";s:8:"fileName";s:17:"IMPORT_rev00.docx";s:11:"userAddress";s:7:"Storage";}
Track START
_GET params: a:3:{s:4:"type";s:5:"track";s:8:"fileName";s:17:"IMPORT_rev00.docx";s:11:"userAddress";s:7:"Storage";}
InputStream data: a:4:{s:3:"key";s:10:"1500633278";s:6:"status";i:1;s:5:"users";a:1:{i:0;s:1:"0";}s:7:"actions";a:1:{i:0;a:2:{s:4:"type";i:1;s:6:"userid";s:1:"0";}}}
track result: a:1:{s:5:"error";i:0;}
a:3:{s:4:"type";s:5:"track";s:8:"fileName";s:17:"IMPORT_rev00.docx";s:11:"userAddress";s:7:"Storage";}
Track START
_GET params: a:3:{s:4:"type";s:5:"track";s:8:"fileName";s:17:"IMPORT_rev00.docx";s:11:"userAddress";s:7:"Storage";}
InputStream data: a:9:{s:3:"key";s:10:"1500633278";s:6:"status";i:2;s:3:"url";s:163:"http://documentserver/cache/files/1500633278_7345/output.docx/output.docx?md5=-zYcThvzXDdJFc4BvpbJeg==&expires=1535457473&disposition=attachment&ooname=output.docx";s:10:"changesurl";s:162:"http://documentserver/cache/files/1500633278_7345/changes.zip/changes.zip?md5=G4ViMazuULGXATUCCHeFBw==&expires=1535457473&disposition=attachment&ooname=output.zip";s:7:"history";a:2:{s:13:"serverVersion";s:5:"5.1.5";s:7:"changes";a:1:{i:0;a:2:{s:7:"created";s:19:"2018-08-28 04:20:46";s:4:"user";a:2:{s:2:"id";s:1:"0";s:4:"name";s:10:"Jonn Smith";}}}}s:5:"users";a:1:{i:0;s:1:"0";}s:7:"actions";a:1:{i:0;a:2:{s:4:"type";i:0;s:6:"userid";s:1:"0";}}s:8:"lastsave";s:24:"2018-08-28T04:20:46.634Z";s:11:"notmodified";b:0;}
track result: a:3:{s:5:"error";i:0;s:1:"c";s:5:"saved";s:6:"status";i:1;}
a:3:{s:4:"type";s:5:"track";s:8:"fileName";s:17:"IMPORT_rev00.docx";s:11:"userAddress";s:7:"Storage";}
Track START
_GET params: a:3:{s:4:"type";s:5:"track";s:8:"fileName";s:17:"IMPORT_rev00.docx";s:11:"userAddress";s:7:"Storage";}
InputStream data: a:4:{s:3:"key";s:10:"4007271834";s:6:"status";i:1;s:5:"users";a:1:{i:0;s:1:"0";}s:7:"actions";a:1:{i:0;a:2:{s:4:"type";i:1;s:6:"userid";s:1:"0";}}}
track result: a:1:{s:5:"error";i:0;}
a:3:{s:4:"type";s:5:"track";s:8:"fileName";s:17:"IMPORT_rev00.docx";s:11:"userAddress";s:7:"Storage";}
Track START
_GET params: a:3:{s:4:"type";s:5:"track";s:8:"fileName";s:17:"IMPORT_rev00.docx";s:11:"userAddress";s:7:"Storage";}
InputStream data: a:3:{s:3:"key";s:10:"4007271834";s:6:"status";i:4;s:7:"actions";a:1:{i:0;a:2:{s:4:"type";i:0;s:6:"userid";s:1:"0";}}}
track result: a:1:{s:5:"error";i:0;}
a:3:{s:4:"type";s:5:"track";s:8:"fileName";s:17:"IMPORT_rev00.docx";s:11:"userAddress";s:7:"Storage";}
Track START
_GET params: a:3:{s:4:"type";s:5:"track";s:8:"fileName";s:17:"IMPORT_rev00.docx";s:11:"userAddress";s:7:"Storage";}
InputStream data: a:4:{s:3:"key";s:10:"4007271834";s:6:"status";i:1;s:5:"users";a:1:{i:0;s:1:"0";}s:7:"actions";a:1:{i:0;a:2:{s:4:"type";i:1;s:6:"userid";s:1:"0";}}}
track result: a:1:{s:5:"error";i:0;}
